#
# There is insufficient memory for the Java Runtime Environment to continue.
# Native memory allocation (malloc) failed to allocate 132544 bytes. Error detail: Chunk::new
# Possible reasons:
#   The system is out of physical RAM or swap space
#   This process is running with CompressedOops enabled, and the Java Heap may be blocking the growth of the native heap
# Possible solutions:
#   Reduce memory load on the system
#   Increase physical memory or swap space
#   Check if swap backing store is full
#   Decrease Java heap size (-Xmx/-Xms)
#   Decrease number of Java threads
#   Decrease Java thread stack sizes (-Xss)
#   Set larger code cache with -XX:ReservedCodeCacheSize=
#   JVM is running with Unscaled Compressed Oops mode in which the Java heap is
#     placed in the first 4GB address space. The Java Heap base address is the
#     maximum limit for the native heap growth. Please use -XX:HeapBaseMinAddress
#     to set the Java Heap base and to place the Java Heap above 4GB virtual address.
# This output file may be truncated or incomplete.
#
#  Out of Memory Error (arena.cpp:168), pid=2084, tid=12052
#
# JRE version: OpenJDK Runtime Environment Temurin-21.0.7+6 (21.0.7+6) (build 21.0.7+6-LTS)
# Java VM: OpenJDK 64-Bit Server VM Temurin-21.0.7+6 (21.0.7+6-LTS, mixed mode, sharing, tiered, compressed oops, compressed class ptrs, parallel gc, windows-amd64)
# No core dump will be written. Minidumps are not enabled by default on client versions of Windows
#

---------------  S U M M A R Y ------------

Command Line: --add-modules=ALL-SYSTEM --add-opens=java.base/java.util=ALL-UNNAMED --add-opens=java.base/java.lang=ALL-UNNAMED --add-opens=java.base/sun.nio.fs=ALL-UNNAMED -Declipse.application=org.eclipse.jdt.ls.core.id1 -Dosgi.bundles.defaultStartLevel=4 -Declipse.product=org.eclipse.jdt.ls.core.product -Djava.import.generatesMetadataFilesAtProjectRoot=false -DDetectVMInstallationsJob.disabled=true -Dfile.encoding=utf8 -XX:+UseParallelGC -XX:GCTimeRatio=4 -XX:AdaptiveSizePolicyWeight=90 -Dsun.zip.disableMemoryMapping=true -Xmx1G -Xms100m -Xlog:disable -javaagent:c:\Users\robso\.vscode\extensions\redhat.java-1.42.0-win32-x64\lombok\lombok-1.18.36.jar c:\Users\robso\.vscode\extensions\redhat.java-1.42.0-win32-x64\server\plugins\org.eclipse.equinox.launcher_1.7.0.v20250424-1814.jar -configuration c:\Users\robso\AppData\Roaming\Code\User\globalStorage\redhat.java\1.42.0\config_ss_win -data c:\Users\robso\AppData\Roaming\Code\User\workspaceStorage\6ef53d98a3f0df18c1c214d2dd3fa0e6\redhat.java\ss_ws --pipe=\\.\pipe\lsp-0784df3ae4526bb099235871bad353f9-sock

Host: AMD Ryzen 5 1600 Six-Core Processor            , 12 cores, 15G,  Windows 10 , 64 bit Build 19041 (10.0.19041.5915)
Time: Mon Jun 23 21:57:31 2025 New Zealand Standard Time elapsed time: 3.923157 seconds (0d 0h 0m 3s)

---------------  T H R E A D  ---------------

Current thread (0x0000020fed79b750):  JavaThread "C2 CompilerThread0" daemon [_thread_in_native, id=12052, stack(0x000000ec9b900000,0x000000ec9ba00000) (1024K)]


Current CompileTask:
C2:3923 2762   !   4       java.util.concurrent.ConcurrentHashMap::putVal (432 bytes)

Stack: [0x000000ec9b900000,0x000000ec9ba00000]
Native frames: (J=compiled Java code, j=interpreted, Vv=VM code, C=native code)
V  [jvm.dll+0x6ce119]
V  [jvm.dll+0x8a84a1]
V  [jvm.dll+0x8aa9ce]
V  [jvm.dll+0x8ab0b3]
V  [jvm.dll+0x27f8a6]
V  [jvm.dll+0xc507d]
V  [jvm.dll+0xc55b3]
V  [jvm.dll+0x3b692c]
V  [jvm.dll+0x1e0029]
V  [jvm.dll+0x247c42]
V  [jvm.dll+0x2470cf]
V  [jvm.dll+0x1c760e]
V  [jvm.dll+0x25695a]
V  [jvm.dll+0x254efa]
V  [jvm.dll+0x3f03f6]
V  [jvm.dll+0x851f6b]
V  [jvm.dll+0x6cc7dd]
C  [ucrtbase.dll+0x21bb2]
C  [KERNEL32.DLL+0x17374]
C  [ntdll.dll+0x4cc91]


---------------  P R O C E S S  ---------------

Threads class SMR info:
_java_thread_list=0x0000020ff4a7c000, length=21, elements={
0x0000020fd71968f0, 0x0000020fed7928a0, 0x0000020fed793a00, 0x0000020fed795170,
0x0000020fed796080, 0x0000020fed799ed0, 0x0000020fed79a920, 0x0000020fed79b750,
0x0000020fef7ca6d0, 0x0000020fd940ddf0, 0x0000020fefb1d9a0, 0x0000020ff46cc8f0,
0x0000020ff4520160, 0x0000020ff45207c0, 0x0000020ff47736e0, 0x0000020ff4561a50,
0x0000020ff49a0730, 0x0000020ff497a4b0, 0x0000020ff4f47600, 0x0000020ff4bc2d50,
0x0000020ff4ad0c40
}

Java Threads: ( => current thread )
  0x0000020fd71968f0 JavaThread "main"                              [_thread_blocked, id=20204, stack(0x000000ec9af00000,0x000000ec9b000000) (1024K)]
  0x0000020fed7928a0 JavaThread "Reference Handler"          daemon [_thread_blocked, id=12196, stack(0x000000ec9b300000,0x000000ec9b400000) (1024K)]
  0x0000020fed793a00 JavaThread "Finalizer"                  daemon [_thread_blocked, id=9964, stack(0x000000ec9b400000,0x000000ec9b500000) (1024K)]
  0x0000020fed795170 JavaThread "Signal Dispatcher"          daemon [_thread_blocked, id=7708, stack(0x000000ec9b500000,0x000000ec9b600000) (1024K)]
  0x0000020fed796080 JavaThread "Attach Listener"            daemon [_thread_blocked, id=16444, stack(0x000000ec9b600000,0x000000ec9b700000) (1024K)]
  0x0000020fed799ed0 JavaThread "Service Thread"             daemon [_thread_blocked, id=4204, stack(0x000000ec9b700000,0x000000ec9b800000) (1024K)]
  0x0000020fed79a920 JavaThread "Monitor Deflation Thread"   daemon [_thread_blocked, id=7340, stack(0x000000ec9b800000,0x000000ec9b900000) (1024K)]
=>0x0000020fed79b750 JavaThread "C2 CompilerThread0"         daemon [_thread_in_native, id=12052, stack(0x000000ec9b900000,0x000000ec9ba00000) (1024K)]
  0x0000020fef7ca6d0 JavaThread "C1 CompilerThread0"         daemon [_thread_blocked, id=1488, stack(0x000000ec9ba00000,0x000000ec9bb00000) (1024K)]
  0x0000020fd940ddf0 JavaThread "Common-Cleaner"             daemon [_thread_blocked, id=16176, stack(0x000000ec9bb00000,0x000000ec9bc00000) (1024K)]
  0x0000020fefb1d9a0 JavaThread "Notification Thread"        daemon [_thread_blocked, id=13744, stack(0x000000ec9bd00000,0x000000ec9be00000) (1024K)]
  0x0000020ff46cc8f0 JavaThread "Active Thread: Equinox Container: 426606fd-c135-42a3-a8ca-b3ecdedb1890"        [_thread_blocked, id=15676, stack(0x000000ec9c500000,0x000000ec9c600000) (1024K)]
  0x0000020ff4520160 JavaThread "Framework Event Dispatcher: Equinox Container: 426606fd-c135-42a3-a8ca-b3ecdedb1890" daemon [_thread_blocked, id=19124, stack(0x000000ec9be00000,0x000000ec9bf00000) (1024K)]
  0x0000020ff45207c0 JavaThread "Start Level: Equinox Container: 426606fd-c135-42a3-a8ca-b3ecdedb1890" daemon [_thread_in_vm, id=19340, stack(0x000000ec9c600000,0x000000ec9c700000) (1024K)]
  0x0000020ff47736e0 JavaThread "SCR Component Actor"        daemon [_thread_blocked, id=17816, stack(0x000000ec9c700000,0x000000ec9c800000) (1024K)]
  0x0000020ff4561a50 JavaThread "SCR Component Registry"     daemon [_thread_blocked, id=14560, stack(0x000000ec9c900000,0x000000ec9ca00000) (1024K)]
  0x0000020ff49a0730 JavaThread "Worker-JM"                         [_thread_blocked, id=12056, stack(0x000000ec9ca00000,0x000000ec9cb00000) (1024K)]
  0x0000020ff497a4b0 JavaThread "JNA Cleaner"                daemon [_thread_blocked, id=5008, stack(0x000000ec9bc00000,0x000000ec9bd00000) (1024K)]
  0x0000020ff4f47600 JavaThread "Worker-0"                          [_thread_blocked, id=5064, stack(0x000000ec9cd00000,0x000000ec9ce00000) (1024K)]
  0x0000020ff4bc2d50 JavaThread "Worker-1"                          [_thread_blocked, id=2900, stack(0x000000ec9ce00000,0x000000ec9cf00000) (1024K)]
  0x0000020ff4ad0c40 JavaThread "C2 CompilerThread1"         daemon [_thread_in_vm, id=6152, stack(0x000000ec9cf00000,0x000000ec9d000000) (1024K)]
Total: 21

Other Threads:
  0x0000020fed782150 VMThread "VM Thread"                           [id=8960, stack(0x000000ec9b200000,0x000000ec9b300000) (1024K)]
  0x0000020fd940d2b0 WatcherThread "VM Periodic Task Thread"        [id=11620, stack(0x000000ec9b100000,0x000000ec9b200000) (1024K)]
  0x0000020fd93bd7f0 WorkerThread "GC Thread#0"                     [id=3728, stack(0x000000ec9b000000,0x000000ec9b100000) (1024K)]
  0x0000020ff444ff50 WorkerThread "GC Thread#1"                     [id=11968, stack(0x000000ec9bf00000,0x000000ec9c000000) (1024K)]
  0x0000020ff44546f0 WorkerThread "GC Thread#2"                     [id=11964, stack(0x000000ec9c000000,0x000000ec9c100000) (1024K)]
  0x0000020ff4454a90 WorkerThread "GC Thread#3"                     [id=3296, stack(0x000000ec9c100000,0x000000ec9c200000) (1024K)]
  0x0000020ff4454e30 WorkerThread "GC Thread#4"                     [id=9820, stack(0x000000ec9c200000,0x000000ec9c300000) (1024K)]
  0x0000020ff44551d0 WorkerThread "GC Thread#5"                     [id=1324, stack(0x000000ec9c300000,0x000000ec9c400000) (1024K)]
  0x0000020ff4455570 WorkerThread "GC Thread#6"                     [id=5268, stack(0x000000ec9c400000,0x000000ec9c500000) (1024K)]
  0x0000020ff4769940 WorkerThread "GC Thread#7"                     [id=7024, stack(0x000000ec9c800000,0x000000ec9c900000) (1024K)]
  0x0000020ff4769200 WorkerThread "GC Thread#8"                     [id=5704, stack(0x000000ec9cb00000,0x000000ec9cc00000) (1024K)]
  0x0000020ff4768e60 WorkerThread "GC Thread#9"                     [id=13376, stack(0x000000ec9cc00000,0x000000ec9cd00000) (1024K)]
Total: 12

Threads with active compile tasks:
C2 CompilerThread0  3946 2762   !   4       java.util.concurrent.ConcurrentHashMap::putVal (432 bytes)
C2 CompilerThread1  3947 2772       4       org.lombokweb.asm.ClassReader::readMethod (1070 bytes)
Total: 2

VM state: not at safepoint (normal execution)

VM Mutex/Monitor currently owned by a thread: None

Heap address: 0x00000000c0000000, size: 1024 MB, Compressed Oops mode: 32-bit

CDS archive(s) mapped at: [0x0000020f80000000-0x0000020f80ba0000-0x0000020f80ba0000), size 12189696, SharedBaseAddress: 0x0000020f80000000, ArchiveRelocationMode: 1.
Compressed class space mapped at: 0x0000020f81000000-0x0000020fc1000000, reserved size: 1073741824
Narrow klass base: 0x0000020f80000000, Narrow klass shift: 0, Narrow klass range: 0x100000000

GC Precious Log:
 CardTable entry size: 512
 CPUs: 12 total, 12 available
 Memory: 16332M
 Large Page Support: Disabled
 NUMA Support: Disabled
 Compressed Oops: Enabled (32-bit)
 Alignments: Space 512K, Generation 512K, Heap 2M
 Heap Min Capacity: 100M
 Heap Initial Capacity: 100M
 Heap Max Capacity: 1G
 Pre-touch: Disabled
 Parallel Workers: 10

Heap:
 PSYoungGen      total 29184K, used 14438K [0x00000000eab00000, 0x00000000ed280000, 0x0000000100000000)
  eden space 25088K, 41% used [0x00000000eab00000,0x00000000eb51e500,0x00000000ec380000)
  from space 4096K, 99% used [0x00000000ec400000,0x00000000ec7fb488,0x00000000ec800000)
  to   space 7680K, 0% used [0x00000000ecb00000,0x00000000ecb00000,0x00000000ed280000)
 ParOldGen       total 68608K, used 11169K [0x00000000c0000000, 0x00000000c4300000, 0x00000000eab00000)
  object space 68608K, 16% used [0x00000000c0000000,0x00000000c0ae8598,0x00000000c4300000)
 Metaspace       used 20473K, committed 21184K, reserved 1114112K
  class space    used 1982K, committed 2304K, reserved 1048576K

Card table byte_map: [0x0000020fd8d60000,0x0000020fd8f70000] _byte_map_base: 0x0000020fd8760000

Marking Bits: (ParMarkBitMap*) 0x00007ffb3af131f0
 Begin Bits: [0x0000020feb5a0000, 0x0000020fec5a0000)
 End Bits:   [0x0000020fec5a0000, 0x0000020fed5a0000)

Polling page: 0x0000020fd7130000

Metaspace:

Usage:
  Non-class:     18.06 MB used.
      Class:      1.94 MB used.
       Both:     19.99 MB used.

Virtual space:
  Non-class space:       64.00 MB reserved,      18.44 MB ( 29%) committed,  1 nodes.
      Class space:        1.00 GB reserved,       2.25 MB ( <1%) committed,  1 nodes.
             Both:        1.06 GB reserved,      20.69 MB (  2%) committed. 

Chunk freelists:
   Non-Class:  13.19 MB
       Class:  13.72 MB
        Both:  26.91 MB

MaxMetaspaceSize: unlimited
CompressedClassSpaceSize: 1.00 GB
Initial GC threshold: 21.00 MB
Current GC threshold: 21.00 MB
CDS: on
 - commit_granule_bytes: 65536.
 - commit_granule_words: 8192.
 - virtual_space_node_default_size: 8388608.
 - enlarge_chunks_in_place: 1.
 - use_allocation_guard: 0.


Internal statistics:

num_allocs_failed_limit: 0.
num_arena_births: 524.
num_arena_deaths: 0.
num_vsnodes_births: 2.
num_vsnodes_deaths: 0.
num_space_committed: 332.
num_space_uncommitted: 0.
num_chunks_returned_to_freelist: 0.
num_chunks_taken_from_freelist: 1265.
num_chunk_merges: 0.
num_chunk_splits: 843.
num_chunks_enlarged: 557.
num_inconsistent_stats: 0.

CodeHeap 'non-profiled nmethods': size=120000Kb used=1275Kb max_used=1275Kb free=118724Kb
 bounds [0x0000020fe4070000, 0x0000020fe42e0000, 0x0000020feb5a0000]
CodeHeap 'profiled nmethods': size=120000Kb used=5323Kb max_used=5323Kb free=114676Kb
 bounds [0x0000020fdc5a0000, 0x0000020fdcae0000, 0x0000020fe3ad0000]
CodeHeap 'non-nmethods': size=5760Kb used=1307Kb max_used=1349Kb free=4452Kb
 bounds [0x0000020fe3ad0000, 0x0000020fe3d40000, 0x0000020fe4070000]
 total_blobs=3356 nmethods=2769 adapters=493
 compilation: enabled
              stopped_count=0, restarted_count=0
 full_count=0

Compilation events (20 events):
Event: 3.887 Thread 0x0000020fef7ca6d0 nmethod 2754 0x0000020fdcac5c10 code [0x0000020fdcac5dc0, 0x0000020fdcac5f98]
Event: 3.900 Thread 0x0000020fef7ca6d0 2755 %     3       org.lombokweb.asm.ClassReader::<init> @ 95 (359 bytes)
Event: 3.901 Thread 0x0000020fef7ca6d0 nmethod 2755% 0x0000020fdcac6090 code [0x0000020fdcac63a0, 0x0000020fdcac7768]
Event: 3.901 Thread 0x0000020fef7ca6d0 2756       3       org.lombokweb.asm.SymbolTable::addConstantIntegerOrFloat (100 bytes)
Event: 3.901 Thread 0x0000020fef7ca6d0 nmethod 2756 0x0000020fdcac7d90 code [0x0000020fdcac7fa0, 0x0000020fdcac84f0]
Event: 3.901 Thread 0x0000020fef7ca6d0 2757       3       lombok.patcher.scripts.AddFieldScript$1::visitField (35 bytes)
Event: 3.901 Thread 0x0000020fed79b750 2760       4       org.lombokweb.asm.MethodWriter::visitLabel (332 bytes)
Event: 3.901 Thread 0x0000020fef7ca6d0 nmethod 2757 0x0000020fdcac8790 code [0x0000020fdcac8960, 0x0000020fdcac8bd0]
Event: 3.901 Thread 0x0000020fef7ca6d0 2758       3       java.util.regex.Pattern$GroupHead::match (47 bytes)
Event: 3.902 Thread 0x0000020fef7ca6d0 nmethod 2758 0x0000020fdcac8d10 code [0x0000020fdcac8ec0, 0x0000020fdcac9128]
Event: 3.902 Thread 0x0000020fef7ca6d0 2759       3       java.util.regex.Pattern$GroupTail::match (111 bytes)
Event: 3.902 Thread 0x0000020fef7ca6d0 nmethod 2759 0x0000020fdcac9310 code [0x0000020fdcac94e0, 0x0000020fdcac9890]
Event: 3.902 Thread 0x0000020fef7ca6d0 2761       3       java.util.regex.Pattern$Branch::match (66 bytes)
Event: 3.902 Thread 0x0000020fef7ca6d0 nmethod 2761 0x0000020fdcac9a90 code [0x0000020fdcac9c80, 0x0000020fdcaca140]
Event: 3.906 Thread 0x0000020fed79b750 nmethod 2760 0x0000020fe41ade10 code [0x0000020fe41adfc0, 0x0000020fe41ae420]
Event: 3.910 Thread 0x0000020fed79b750 2762   !   4       java.util.concurrent.ConcurrentHashMap::putVal (432 bytes)
Event: 3.910 Thread 0x0000020ff4ad0c40 2763       4       java.util.ArrayList$SubList$1::hasNext (20 bytes)
Event: 3.910 Thread 0x0000020ff4ad0c40 nmethod 2763 0x0000020fe41ae710 code [0x0000020fe41ae8a0, 0x0000020fe41ae950]
Event: 3.911 Thread 0x0000020fef7ca6d0 2764       3       java.util.Arrays::fill (21 bytes)
Event: 3.911 Thread 0x0000020fef7ca6d0 nmethod 2764 0x0000020fdcaca310 code [0x0000020fdcaca4c0, 0x0000020fdcaca658]

GC Heap History (10 events):
Event: 1.186 GC heap before
{Heap before GC invocations=1 (full 0):
 PSYoungGen      total 29696K, used 25600K [0x00000000eab00000, 0x00000000ecc00000, 0x0000000100000000)
  eden space 25600K, 100% used [0x00000000eab00000,0x00000000ec400000,0x00000000ec400000)
  from space 4096K, 0% used [0x00000000ec800000,0x00000000ec800000,0x00000000ecc00000)
  to   space 4096K, 0% used [0x00000000ec400000,0x00000000ec400000,0x00000000ec800000)
 ParOldGen       total 68608K, used 0K [0x00000000c0000000, 0x00000000c4300000, 0x00000000eab00000)
  object space 68608K, 0% used [0x00000000c0000000,0x00000000c0000000,0x00000000c4300000)
 Metaspace       used 4347K, committed 4544K, reserved 1114112K
  class space    used 460K, committed 576K, reserved 1048576K
}
Event: 1.193 GC heap after
{Heap after GC invocations=1 (full 0):
 PSYoungGen      total 29696K, used 3238K [0x00000000eab00000, 0x00000000ecc00000, 0x0000000100000000)
  eden space 25600K, 0% used [0x00000000eab00000,0x00000000eab00000,0x00000000ec400000)
  from space 4096K, 79% used [0x00000000ec400000,0x00000000ec729870,0x00000000ec800000)
  to   space 4096K, 0% used [0x00000000ec800000,0x00000000ec800000,0x00000000ecc00000)
 ParOldGen       total 68608K, used 16K [0x00000000c0000000, 0x00000000c4300000, 0x00000000eab00000)
  object space 68608K, 0% used [0x00000000c0000000,0x00000000c0004000,0x00000000c4300000)
 Metaspace       used 4347K, committed 4544K, reserved 1114112K
  class space    used 460K, committed 576K, reserved 1048576K
}
Event: 2.066 GC heap before
{Heap before GC invocations=2 (full 0):
 PSYoungGen      total 29696K, used 28838K [0x00000000eab00000, 0x00000000ecc00000, 0x0000000100000000)
  eden space 25600K, 100% used [0x00000000eab00000,0x00000000ec400000,0x00000000ec400000)
  from space 4096K, 79% used [0x00000000ec400000,0x00000000ec729870,0x00000000ec800000)
  to   space 4096K, 0% used [0x00000000ec800000,0x00000000ec800000,0x00000000ecc00000)
 ParOldGen       total 68608K, used 16K [0x00000000c0000000, 0x00000000c4300000, 0x00000000eab00000)
  object space 68608K, 0% used [0x00000000c0000000,0x00000000c0004000,0x00000000c4300000)
 Metaspace       used 8302K, committed 8640K, reserved 1114112K
  class space    used 852K, committed 1024K, reserved 1048576K
}
Event: 2.072 GC heap after
{Heap after GC invocations=2 (full 0):
 PSYoungGen      total 29696K, used 4090K [0x00000000eab00000, 0x00000000ecc00000, 0x0000000100000000)
  eden space 25600K, 0% used [0x00000000eab00000,0x00000000eab00000,0x00000000ec400000)
  from space 4096K, 99% used [0x00000000ec800000,0x00000000ecbfe9b8,0x00000000ecc00000)
  to   space 4096K, 0% used [0x00000000ec400000,0x00000000ec400000,0x00000000ec800000)
 ParOldGen       total 68608K, used 877K [0x00000000c0000000, 0x00000000c4300000, 0x00000000eab00000)
  object space 68608K, 1% used [0x00000000c0000000,0x00000000c00db6a8,0x00000000c4300000)
 Metaspace       used 8302K, committed 8640K, reserved 1114112K
  class space    used 852K, committed 1024K, reserved 1048576K
}
Event: 2.674 GC heap before
{Heap before GC invocations=3 (full 0):
 PSYoungGen      total 29696K, used 29690K [0x00000000eab00000, 0x00000000ecc00000, 0x0000000100000000)
  eden space 25600K, 100% used [0x00000000eab00000,0x00000000ec400000,0x00000000ec400000)
  from space 4096K, 99% used [0x00000000ec800000,0x00000000ecbfe9b8,0x00000000ecc00000)
  to   space 4096K, 0% used [0x00000000ec400000,0x00000000ec400000,0x00000000ec800000)
 ParOldGen       total 68608K, used 877K [0x00000000c0000000, 0x00000000c4300000, 0x00000000eab00000)
  object space 68608K, 1% used [0x00000000c0000000,0x00000000c00db6a8,0x00000000c4300000)
 Metaspace       used 13079K, committed 13568K, reserved 1114112K
  class space    used 1340K, committed 1536K, reserved 1048576K
}
Event: 2.680 GC heap after
{Heap after GC invocations=3 (full 0):
 PSYoungGen      total 29696K, used 4067K [0x00000000eab00000, 0x00000000ecc00000, 0x0000000100000000)
  eden space 25600K, 0% used [0x00000000eab00000,0x00000000eab00000,0x00000000ec400000)
  from space 4096K, 99% used [0x00000000ec400000,0x00000000ec7f8f38,0x00000000ec800000)
  to   space 4096K, 0% used [0x00000000ec800000,0x00000000ec800000,0x00000000ecc00000)
 ParOldGen       total 68608K, used 2781K [0x00000000c0000000, 0x00000000c4300000, 0x00000000eab00000)
  object space 68608K, 4% used [0x00000000c0000000,0x00000000c02b7748,0x00000000c4300000)
 Metaspace       used 13079K, committed 13568K, reserved 1114112K
  class space    used 1340K, committed 1536K, reserved 1048576K
}
Event: 3.510 GC heap before
{Heap before GC invocations=4 (full 0):
 PSYoungGen      total 29696K, used 29667K [0x00000000eab00000, 0x00000000ecc00000, 0x0000000100000000)
  eden space 25600K, 100% used [0x00000000eab00000,0x00000000ec400000,0x00000000ec400000)
  from space 4096K, 99% used [0x00000000ec400000,0x00000000ec7f8f38,0x00000000ec800000)
  to   space 4096K, 0% used [0x00000000ec800000,0x00000000ec800000,0x00000000ecc00000)
 ParOldGen       total 68608K, used 2781K [0x00000000c0000000, 0x00000000c4300000, 0x00000000eab00000)
  object space 68608K, 4% used [0x00000000c0000000,0x00000000c02b7748,0x00000000c4300000)
 Metaspace       used 15477K, committed 16064K, reserved 1114112K
  class space    used 1591K, committed 1856K, reserved 1048576K
}
Event: 3.520 GC heap after
{Heap after GC invocations=4 (full 0):
 PSYoungGen      total 29696K, used 4064K [0x00000000eab00000, 0x00000000ecc00000, 0x0000000100000000)
  eden space 25600K, 0% used [0x00000000eab00000,0x00000000eab00000,0x00000000ec400000)
  from space 4096K, 99% used [0x00000000ec800000,0x00000000ecbf82c0,0x00000000ecc00000)
  to   space 4096K, 0% used [0x00000000ec400000,0x00000000ec400000,0x00000000ec800000)
 ParOldGen       total 68608K, used 10516K [0x00000000c0000000, 0x00000000c4300000, 0x00000000eab00000)
  object space 68608K, 15% used [0x00000000c0000000,0x00000000c0a45290,0x00000000c4300000)
 Metaspace       used 15477K, committed 16064K, reserved 1114112K
  class space    used 1591K, committed 1856K, reserved 1048576K
}
Event: 3.812 GC heap before
{Heap before GC invocations=5 (full 0):
 PSYoungGen      total 29696K, used 29664K [0x00000000eab00000, 0x00000000ecc00000, 0x0000000100000000)
  eden space 25600K, 100% used [0x00000000eab00000,0x00000000ec400000,0x00000000ec400000)
  from space 4096K, 99% used [0x00000000ec800000,0x00000000ecbf82c0,0x00000000ecc00000)
  to   space 4096K, 0% used [0x00000000ec400000,0x00000000ec400000,0x00000000ec800000)
 ParOldGen       total 68608K, used 10516K [0x00000000c0000000, 0x00000000c4300000, 0x00000000eab00000)
  object space 68608K, 15% used [0x00000000c0000000,0x00000000c0a45290,0x00000000c4300000)
 Metaspace       used 18679K, committed 19328K, reserved 1114112K
  class space    used 1822K, committed 2112K, reserved 1048576K
}
Event: 3.816 GC heap after
{Heap after GC invocations=5 (full 0):
 PSYoungGen      total 29184K, used 4077K [0x00000000eab00000, 0x00000000ed280000, 0x0000000100000000)
  eden space 25088K, 0% used [0x00000000eab00000,0x00000000eab00000,0x00000000ec380000)
  from space 4096K, 99% used [0x00000000ec400000,0x00000000ec7fb488,0x00000000ec800000)
  to   space 7680K, 0% used [0x00000000ecb00000,0x00000000ecb00000,0x00000000ed280000)
 ParOldGen       total 68608K, used 11169K [0x00000000c0000000, 0x00000000c4300000, 0x00000000eab00000)
  object space 68608K, 16% used [0x00000000c0000000,0x00000000c0ae8598,0x00000000c4300000)
 Metaspace       used 18679K, committed 19328K, reserved 1114112K
  class space    used 1822K, committed 2112K, reserved 1048576K
}

Dll operation events (10 events):
Event: 0.009 Loaded shared library c:\Users\robso\.vscode\extensions\redhat.java-1.42.0-win32-x64\jre\21.0.7-win32-x86_64\bin\java.dll
Event: 0.091 Loaded shared library c:\Users\robso\.vscode\extensions\redhat.java-1.42.0-win32-x64\jre\21.0.7-win32-x86_64\bin\zip.dll
Event: 0.122 Loaded shared library C:\Users\robso\.vscode\extensions\redhat.java-1.42.0-win32-x64\jre\21.0.7-win32-x86_64\bin\instrument.dll
Event: 0.131 Loaded shared library C:\Users\robso\.vscode\extensions\redhat.java-1.42.0-win32-x64\jre\21.0.7-win32-x86_64\bin\net.dll
Event: 0.134 Loaded shared library C:\Users\robso\.vscode\extensions\redhat.java-1.42.0-win32-x64\jre\21.0.7-win32-x86_64\bin\nio.dll
Event: 0.139 Loaded shared library C:\Users\robso\.vscode\extensions\redhat.java-1.42.0-win32-x64\jre\21.0.7-win32-x86_64\bin\zip.dll
Event: 0.179 Loaded shared library C:\Users\robso\.vscode\extensions\redhat.java-1.42.0-win32-x64\jre\21.0.7-win32-x86_64\bin\jimage.dll
Event: 0.329 Loaded shared library c:\Users\robso\.vscode\extensions\redhat.java-1.42.0-win32-x64\jre\21.0.7-win32-x86_64\bin\verify.dll
Event: 2.014 Loaded shared library C:\Users\robso\AppData\Roaming\Code\User\globalStorage\redhat.java\1.42.0\config_ss_win\org.eclipse.equinox.launcher\org.eclipse.equinox.launcher.win32.win32.x86_64_1.2.1300.v20250331-1702\eclipse_11911.dll
Event: 3.461 Loaded shared library C:\Users\robso\AppData\Local\Temp\jna-108686049\jna591952123149527884.dll

Deoptimization events (20 events):
Event: 3.590 Thread 0x0000020ff45207c0 Uncommon trap: trap_request=0xffffff45 fr.pc=0x0000020fe41636cc relative=0x0000000000000fec
Event: 3.590 Thread 0x0000020ff45207c0 Uncommon trap: reason=unstable_if action=reinterpret pc=0x0000020fe41636cc method=jdk.internal.org.objectweb.asm.Frame.execute(IILjdk/internal/org/objectweb/asm/Symbol;Ljdk/internal/org/objectweb/asm/SymbolTable;)V @ 1 c2
Event: 3.590 Thread 0x0000020ff45207c0 DEOPT PACKING pc=0x0000020fe41636cc sp=0x000000ec9c6f7a20
Event: 3.590 Thread 0x0000020ff45207c0 DEOPT UNPACKING pc=0x0000020fe3b23aa2 sp=0x000000ec9c6f79a8 mode 2
Event: 3.606 Thread 0x0000020ff45207c0 Uncommon trap: trap_request=0xffffffde fr.pc=0x0000020fe4167094 relative=0x00000000000003b4
Event: 3.606 Thread 0x0000020ff45207c0 Uncommon trap: reason=class_check action=maybe_recompile pc=0x0000020fe4167094 method=java.util.regex.Pattern$BmpCharPropertyGreedy.match(Ljava/util/regex/Matcher;ILjava/lang/CharSequence;)Z @ 70 c2
Event: 3.606 Thread 0x0000020ff45207c0 DEOPT PACKING pc=0x0000020fe4167094 sp=0x000000ec9c6ef180
Event: 3.606 Thread 0x0000020ff45207c0 DEOPT UNPACKING pc=0x0000020fe3b23aa2 sp=0x000000ec9c6ef128 mode 2
Event: 3.606 Thread 0x0000020ff45207c0 Uncommon trap: trap_request=0xffffffde fr.pc=0x0000020fe4167094 relative=0x00000000000003b4
Event: 3.606 Thread 0x0000020ff45207c0 Uncommon trap: reason=class_check action=maybe_recompile pc=0x0000020fe4167094 method=java.util.regex.Pattern$BmpCharPropertyGreedy.match(Ljava/util/regex/Matcher;ILjava/lang/CharSequence;)Z @ 70 c2
Event: 3.606 Thread 0x0000020ff45207c0 DEOPT PACKING pc=0x0000020fe4167094 sp=0x000000ec9c6eefd0
Event: 3.606 Thread 0x0000020ff45207c0 DEOPT UNPACKING pc=0x0000020fe3b23aa2 sp=0x000000ec9c6eef78 mode 2
Event: 3.606 Thread 0x0000020ff45207c0 Uncommon trap: trap_request=0xffffffde fr.pc=0x0000020fe4167094 relative=0x00000000000003b4
Event: 3.606 Thread 0x0000020ff45207c0 Uncommon trap: reason=class_check action=maybe_recompile pc=0x0000020fe4167094 method=java.util.regex.Pattern$BmpCharPropertyGreedy.match(Ljava/util/regex/Matcher;ILjava/lang/CharSequence;)Z @ 70 c2
Event: 3.606 Thread 0x0000020ff45207c0 DEOPT PACKING pc=0x0000020fe4167094 sp=0x000000ec9c6ef190
Event: 3.606 Thread 0x0000020ff45207c0 DEOPT UNPACKING pc=0x0000020fe3b23aa2 sp=0x000000ec9c6ef138 mode 2
Event: 3.606 Thread 0x0000020ff45207c0 Uncommon trap: trap_request=0xffffffde fr.pc=0x0000020fe4167094 relative=0x00000000000003b4
Event: 3.606 Thread 0x0000020ff45207c0 Uncommon trap: reason=class_check action=maybe_recompile pc=0x0000020fe4167094 method=java.util.regex.Pattern$BmpCharPropertyGreedy.match(Ljava/util/regex/Matcher;ILjava/lang/CharSequence;)Z @ 70 c2
Event: 3.606 Thread 0x0000020ff45207c0 DEOPT PACKING pc=0x0000020fe4167094 sp=0x000000ec9c6eefe0
Event: 3.606 Thread 0x0000020ff45207c0 DEOPT UNPACKING pc=0x0000020fe3b23aa2 sp=0x000000ec9c6eef88 mode 2

Classes loaded (20 events):
Event: 3.620 Loading class java/io/StringReader
Event: 3.620 Loading class java/io/StringReader done
Event: 3.624 Loading class java/util/zip/GZIPInputStream
Event: 3.624 Loading class java/util/zip/GZIPInputStream done
Event: 3.627 Loading class java/net/SocketTimeoutException
Event: 3.627 Loading class java/io/InterruptedIOException
Event: 3.627 Loading class java/io/InterruptedIOException done
Event: 3.627 Loading class java/net/SocketTimeoutException done
Event: 3.627 Loading class java/net/SocketException
Event: 3.627 Loading class java/net/SocketException done
Event: 3.627 Loading class java/net/UnknownHostException
Event: 3.627 Loading class java/net/UnknownHostException done
Event: 3.627 Loading class java/net/ProtocolException
Event: 3.627 Loading class java/net/ProtocolException done
Event: 3.648 Loading class java/lang/ThreadLocal$SuppliedThreadLocal
Event: 3.648 Loading class java/lang/ThreadLocal$SuppliedThreadLocal done
Event: 3.659 Loading class java/io/FileWriter
Event: 3.659 Loading class java/io/FileWriter done
Event: 3.661 Loading class java/lang/NegativeArraySizeException
Event: 3.661 Loading class java/lang/NegativeArraySizeException done

Classes unloaded (0 events):
No events

Classes redefined (0 events):
No events

Internal exceptions (20 events):
Event: 2.988 Thread 0x0000020ff45207c0 Exception <a 'java/lang/NoSuchMethodError'{0x00000000ebd87250}: 'java.lang.Object java.lang.invoke.DirectMethodHandle$Holder.invokeStaticInit(java.lang.Object, int)'> (0x00000000ebd87250) 
thrown [s\src\hotspot\share\interpreter\linkResolver.cpp, line 773]
Event: 3.045 Thread 0x0000020ff45207c0 Exception <a 'java/lang/NoSuchMethodError'{0x00000000ec03c280}: 'java.lang.Object java.lang.invoke.DirectMethodHandle$Holder.invokeStaticInit(java.lang.Object, int, int, int, int)'> (0x00000000ec03c280) 
thrown [s\src\hotspot\share\interpreter\linkResolver.cpp, line 773]
Event: 3.074 Thread 0x0000020ff45207c0 Exception <a 'java/lang/NoSuchMethodError'{0x00000000ec1503f8}: 'java.lang.Object java.lang.invoke.DirectMethodHandle$Holder.invokeStaticInit(java.lang.Object, java.lang.Object, int, int, int, int)'> (0x00000000ec1503f8) 
thrown [s\src\hotspot\share\interpreter\linkResolver.cpp, line 773]
Event: 3.478 Thread 0x0000020ff45207c0 Exception <a 'java/lang/NoSuchMethodError'{0x00000000ec2525b8}: 'void java.lang.invoke.DirectMethodHandle$Holder.invokeSpecial(java.lang.Object, java.lang.Object, java.lang.Object, int)'> (0x00000000ec2525b8) 
thrown [s\src\hotspot\share\interpreter\linkResolver.cpp, line 773]
Event: 3.478 Thread 0x0000020ff45207c0 Exception <a 'java/lang/NoSuchMethodError'{0x00000000ec255f48}: 'void java.lang.invoke.DelegatingMethodHandle$Holder.reinvoke_L(java.lang.Object, java.lang.Object, int)'> (0x00000000ec255f48) 
thrown [s\src\hotspot\share\interpreter\linkResolver.cpp, line 773]
Event: 3.478 Thread 0x0000020ff45207c0 Exception <a 'java/lang/NoSuchMethodError'{0x00000000ec25cc30}: 'int java.lang.invoke.Invokers$Holder.invokeExact_MT(java.lang.Object, java.lang.Object, java.lang.Object)'> (0x00000000ec25cc30) 
thrown [s\src\hotspot\share\interpreter\linkResolver.cpp, line 773]
Event: 3.499 Thread 0x0000020ff45207c0 Exception <a 'java/lang/NoSuchMethodError'{0x00000000ec36be80}: 'void java.lang.invoke.Invokers$Holder.invokeExact_MT(java.lang.Object, java.lang.Object, int, java.lang.Object)'> (0x00000000ec36be80) 
thrown [s\src\hotspot\share\interpreter\linkResolver.cpp, line 773]
Event: 3.526 Thread 0x0000020ff45207c0 Exception <a 'java/lang/NoSuchMethodError'{0x00000000eab7e338}: 'java.lang.Object java.lang.invoke.DirectMethodHandle$Holder.invokeSpecial(java.lang.Object, java.lang.Object, java.lang.Object, long, java.lang.Object)'> (0x00000000eab7e338) 
thrown [s\src\hotspot\share\interpreter\linkResolver.cpp, line 773]
Event: 3.527 Thread 0x0000020ff45207c0 Exception <a 'java/lang/NoSuchMethodError'{0x00000000eab85ac8}: 'java.lang.Object java.lang.invoke.DirectMethodHandle$Holder.newInvokeSpecial(java.lang.Object, java.lang.Object, java.lang.Object, long)'> (0x00000000eab85ac8) 
thrown [s\src\hotspot\share\interpreter\linkResolver.cpp, line 773]
Event: 3.527 Thread 0x0000020ff45207c0 Exception <a 'java/lang/NoSuchMethodError'{0x00000000eab89928}: 'java.lang.Object java.lang.invoke.Invokers$Holder.linkToTargetMethod(java.lang.Object, java.lang.Object, long, java.lang.Object)'> (0x00000000eab89928) 
thrown [s\src\hotspot\share\interpreter\linkResolver.cpp, line 773]
Event: 3.533 Thread 0x0000020ff45207c0 Exception <a 'java/lang/NoSuchMethodError'{0x00000000eabfac68}: 'int java.lang.invoke.DirectMethodHandle$Holder.invokeStaticInit(java.lang.Object, java.lang.Object, java.lang.Object)'> (0x00000000eabfac68) 
thrown [s\src\hotspot\share\interpreter\linkResolver.cpp, line 773]
Event: 3.542 Thread 0x0000020ff45207c0 Exception <a 'java/lang/IncompatibleClassChangeError'{0x00000000eac8d9e8}: Found class java.lang.Object, but interface was expected> (0x00000000eac8d9e8) 
thrown [s\src\hotspot\share\interpreter\linkResolver.cpp, line 840]
Event: 3.545 Thread 0x0000020ff45207c0 Exception <a 'java/lang/NoSuchMethodError'{0x00000000eacd2e70}: 'java.lang.Object java.lang.invoke.DirectMethodHandle$Holder.invokeSpecial(java.lang.Object, java.lang.Object, java.lang.Object, int, java.lang.Object, java.lang.Object)'> (0x00000000eacd2e70) 
thrown [s\src\hotspot\share\interpreter\linkResolver.cpp, line 773]
Event: 3.546 Thread 0x0000020ff45207c0 Exception <a 'java/lang/NoSuchMethodError'{0x00000000eacda708}: 'java.lang.Object java.lang.invoke.DirectMethodHandle$Holder.newInvokeSpecial(java.lang.Object, java.lang.Object, java.lang.Object, int, java.lang.Object)'> (0x00000000eacda708) 
thrown [s\src\hotspot\share\interpreter\linkResolver.cpp, line 773]
Event: 3.546 Thread 0x0000020ff45207c0 Exception <a 'java/lang/NoSuchMethodError'{0x00000000eacde1f8}: 'java.lang.Object java.lang.invoke.Invokers$Holder.linkToTargetMethod(java.lang.Object, java.lang.Object, int, java.lang.Object, java.lang.Object)'> (0x00000000eacde1f8) 
thrown [s\src\hotspot\share\interpreter\linkResolver.cpp, line 773]
Event: 3.546 Thread 0x0000020ff4f47600 Exception <a 'java/lang/NoSuchMethodError'{0x00000000eabb9ce8}: 'java.lang.Object java.lang.invoke.DirectMethodHandle$Holder.invokeSpecial(java.lang.Object, java.lang.Object, int, java.lang.Object, java.lang.Object)'> (0x00000000eabb9ce8) 
thrown [s\src\hotspot\share\interpreter\linkResolver.cpp, line 773]
Event: 3.547 Thread 0x0000020ff4f47600 Exception <a 'java/lang/NoSuchMethodError'{0x00000000eabc0a20}: 'java.lang.Object java.lang.invoke.DirectMethodHandle$Holder.newInvokeSpecial(java.lang.Object, java.lang.Object, int, java.lang.Object)'> (0x00000000eabc0a20) 
thrown [s\src\hotspot\share\interpreter\linkResolver.cpp, line 773]
Event: 3.560 Thread 0x0000020ff45207c0 Exception <a 'java/lang/NoSuchMethodError'{0x00000000eaddffc0}: 'void java.lang.invoke.DirectMethodHandle$Holder.invokeSpecial(java.lang.Object, java.lang.Object, java.lang.Object, java.lang.Object, java.lang.Object)'> (0x00000000eaddffc0) 
thrown [s\src\hotspot\share\interpreter\linkResolver.cpp, line 773]
Event: 3.590 Thread 0x0000020ff45207c0 Exception <a 'java/lang/NoSuchMethodError'{0x00000000eb00adb0}: 'double java.lang.invoke.DirectMethodHandle$Holder.invokeStatic(java.lang.Object, java.lang.Object)'> (0x00000000eb00adb0) 
thrown [s\src\hotspot\share\interpreter\linkResolver.cpp, line 773]
Event: 3.590 Thread 0x0000020ff45207c0 Exception <a 'java/lang/NoSuchMethodError'{0x00000000eb00e470}: 'double java.lang.invoke.DirectMethodHandle$Holder.invokeStaticInit(java.lang.Object, java.lang.Object)'> (0x00000000eb00e470) 
thrown [s\src\hotspot\share\interpreter\linkResolver.cpp, line 773]

ZGC Phase Switch (0 events):
No events

VM Operations (20 events):
Event: 2.102 Executing VM operation: HandshakeAllThreads (Deoptimize)
Event: 2.102 Executing VM operation: HandshakeAllThreads (Deoptimize) done
Event: 2.212 Executing VM operation: HandshakeAllThreads (Deoptimize)
Event: 2.212 Executing VM operation: HandshakeAllThreads (Deoptimize) done
Event: 2.471 Executing VM operation: HandshakeAllThreads (Deoptimize)
Event: 2.471 Executing VM operation: HandshakeAllThreads (Deoptimize) done
Event: 2.674 Executing VM operation: ParallelGCFailedAllocation (Allocation Failure)
Event: 2.680 Executing VM operation: ParallelGCFailedAllocation (Allocation Failure) done
Event: 2.727 Executing VM operation: HandshakeAllThreads (Deoptimize)
Event: 2.727 Executing VM operation: HandshakeAllThreads (Deoptimize) done
Event: 2.732 Executing VM operation: HandshakeAllThreads (Deoptimize)
Event: 2.732 Executing VM operation: HandshakeAllThreads (Deoptimize) done
Event: 2.761 Executing VM operation: HandshakeAllThreads (Deoptimize)
Event: 2.761 Executing VM operation: HandshakeAllThreads (Deoptimize) done
Event: 3.467 Executing VM operation: HandshakeAllThreads (Deoptimize)
Event: 3.467 Executing VM operation: HandshakeAllThreads (Deoptimize) done
Event: 3.510 Executing VM operation: ParallelGCFailedAllocation (Allocation Failure)
Event: 3.520 Executing VM operation: ParallelGCFailedAllocation (Allocation Failure) done
Event: 3.811 Executing VM operation: ParallelGCFailedAllocation (Allocation Failure)
Event: 3.816 Executing VM operation: ParallelGCFailedAllocation (Allocation Failure) done

Memory protections (0 events):
No events

Nmethod flushes (0 events):
No events

Events (20 events):
Event: 0.077 Thread 0x0000020fd71968f0 Thread added: 0x0000020fd940ddf0
Event: 0.104 Thread 0x0000020fef7ca6d0 Thread added: 0x0000020fef993890
Event: 0.536 Thread 0x0000020fd71968f0 Thread added: 0x0000020fefb1d9a0
Event: 0.685 Thread 0x0000020fef7ca6d0 Thread added: 0x0000020ff40fe790
Event: 1.778 Thread 0x0000020fd71968f0 Thread added: 0x0000020ff46cc8f0
Event: 1.868 Thread 0x0000020ff40fe790 Thread exited: 0x0000020ff40fe790
Event: 2.000 Thread 0x0000020fd71968f0 Thread added: 0x0000020ff4520160
Event: 2.004 Thread 0x0000020fd71968f0 Thread added: 0x0000020ff45207c0
Event: 2.052 Thread 0x0000020ff45207c0 Thread added: 0x0000020ff47736e0
Event: 2.201 Thread 0x0000020ff45207c0 Thread added: 0x0000020ff4561a50
Event: 2.517 Thread 0x0000020ff45207c0 Thread added: 0x0000020ff49a0730
Event: 2.885 Thread 0x0000020fef993890 Thread added: 0x0000020ff497a4b0
Event: 3.465 Thread 0x0000020ff497a4b0 Thread exited: 0x0000020ff497a4b0
Event: 3.465 Thread 0x0000020fef993890 Thread exited: 0x0000020fef993890
Event: 3.485 Thread 0x0000020ff45207c0 Thread added: 0x0000020ff497a4b0
Event: 3.529 Thread 0x0000020ff45207c0 Thread added: 0x0000020ff4f47600
Event: 3.547 Thread 0x0000020ff45207c0 Thread added: 0x0000020ff4bc2d50
Event: 3.611 Thread 0x0000020fef7ca6d0 Thread added: 0x0000020ff4ad0c40
Event: 3.696 Thread 0x0000020fef7ca6d0 Thread added: 0x0000020ff51606c0
Event: 3.811 Thread 0x0000020ff51606c0 Thread exited: 0x0000020ff51606c0


Dynamic libraries:
0x00007ff65ae70000 - 0x00007ff65ae7e000 	c:\Users\robso\.vscode\extensions\redhat.java-1.42.0-win32-x64\jre\21.0.7-win32-x86_64\bin\java.exe
0x00007ffb97a10000 - 0x00007ffb97c08000 	C:\WINDOWS\SYSTEM32\ntdll.dll
0x00007ffb96b40000 - 0x00007ffb96c02000 	C:\WINDOWS\System32\KERNEL32.DLL
0x00007ffb956e0000 - 0x00007ffb959d6000 	C:\WINDOWS\System32\KERNELBASE.dll
0x00007ffb95350000 - 0x00007ffb95450000 	C:\WINDOWS\System32\ucrtbase.dll
0x00007ffb78eb0000 - 0x00007ffb78ec8000 	c:\Users\robso\.vscode\extensions\redhat.java-1.42.0-win32-x64\jre\21.0.7-win32-x86_64\bin\jli.dll
0x00007ffb966e0000 - 0x00007ffb9687d000 	C:\WINDOWS\System32\USER32.dll
0x00007ffb951d0000 - 0x00007ffb951f2000 	C:\WINDOWS\System32\win32u.dll
0x00007ffb95fc0000 - 0x00007ffb95feb000 	C:\WINDOWS\System32\GDI32.dll
0x00007ffb95200000 - 0x00007ffb95319000 	C:\WINDOWS\System32\gdi32full.dll
0x00007ffb950a0000 - 0x00007ffb9513d000 	C:\WINDOWS\System32\msvcp_win.dll
0x00007ffb72750000 - 0x00007ffb7276e000 	c:\Users\robso\.vscode\extensions\redhat.java-1.42.0-win32-x64\jre\21.0.7-win32-x86_64\bin\VCRUNTIME140.dll
0x00007ffb833b0000 - 0x00007ffb8364a000 	C:\WINDOWS\WinSxS\amd64_microsoft.windows.common-controls_6595b64144ccf1df_6.0.19041.5915_none_60b4b9d171f9c7c7\COMCTL32.dll
0x00007ffb978c0000 - 0x00007ffb9795e000 	C:\WINDOWS\System32\msvcrt.dll
0x00007ffb97530000 - 0x00007ffb9755f000 	C:\WINDOWS\System32\IMM32.DLL
0x00007ffb83d70000 - 0x00007ffb83d7c000 	c:\Users\robso\.vscode\extensions\redhat.java-1.42.0-win32-x64\jre\21.0.7-win32-x86_64\bin\vcruntime140_1.dll
0x00007ffb65740000 - 0x00007ffb657cd000 	c:\Users\robso\.vscode\extensions\redhat.java-1.42.0-win32-x64\jre\21.0.7-win32-x86_64\bin\msvcp140.dll
0x00007ffb3a260000 - 0x00007ffb3aff0000 	c:\Users\robso\.vscode\extensions\redhat.java-1.42.0-win32-x64\jre\21.0.7-win32-x86_64\bin\server\jvm.dll
0x00007ffb95c90000 - 0x00007ffb95d41000 	C:\WINDOWS\System32\ADVAPI32.dll
0x00007ffb96170000 - 0x00007ffb9620f000 	C:\WINDOWS\System32\sechost.dll
0x00007ffb95d60000 - 0x00007ffb95e83000 	C:\WINDOWS\System32\RPCRT4.dll
0x00007ffb95320000 - 0x00007ffb95347000 	C:\WINDOWS\System32\bcrypt.dll
0x00007ffb97960000 - 0x00007ffb979cb000 	C:\WINDOWS\System32\WS2_32.dll
0x00007ffb945e0000 - 0x00007ffb9462b000 	C:\WINDOWS\SYSTEM32\POWRPROF.dll
0x00007ffb8e8c0000 - 0x00007ffb8e8ca000 	C:\WINDOWS\SYSTEM32\VERSION.dll
0x00007ffb8c1b0000 - 0x00007ffb8c1d7000 	C:\WINDOWS\SYSTEM32\WINMM.dll
0x00007ffb944a0000 - 0x00007ffb944b2000 	C:\WINDOWS\SYSTEM32\UMPDC.dll
0x00007ffb92f40000 - 0x00007ffb92f52000 	C:\WINDOWS\SYSTEM32\kernel.appcore.dll
0x00007ffb7b080000 - 0x00007ffb7b08a000 	c:\Users\robso\.vscode\extensions\redhat.java-1.42.0-win32-x64\jre\21.0.7-win32-x86_64\bin\jimage.dll
0x00007ffb8e380000 - 0x00007ffb8e581000 	C:\WINDOWS\SYSTEM32\DBGHELP.DLL
0x00007ffb78140000 - 0x00007ffb78174000 	C:\WINDOWS\SYSTEM32\dbgcore.DLL
0x00007ffb95140000 - 0x00007ffb951c2000 	C:\WINDOWS\System32\bcryptPrimitives.dll
0x00007ffb7a5f0000 - 0x00007ffb7a5ff000 	c:\Users\robso\.vscode\extensions\redhat.java-1.42.0-win32-x64\jre\21.0.7-win32-x86_64\bin\instrument.dll
0x00007ffb710e0000 - 0x00007ffb710ff000 	c:\Users\robso\.vscode\extensions\redhat.java-1.42.0-win32-x64\jre\21.0.7-win32-x86_64\bin\java.dll
0x00007ffb96dc0000 - 0x00007ffb9752e000 	C:\WINDOWS\System32\SHELL32.dll
0x00007ffb93140000 - 0x00007ffb938e4000 	C:\WINDOWS\SYSTEM32\windows.storage.dll
0x00007ffb97560000 - 0x00007ffb978b3000 	C:\WINDOWS\System32\combase.dll
0x00007ffb94ad0000 - 0x00007ffb94afb000 	C:\WINDOWS\SYSTEM32\Wldp.dll
0x00007ffb96890000 - 0x00007ffb9695d000 	C:\WINDOWS\System32\OLEAUT32.dll
0x00007ffb95be0000 - 0x00007ffb95c8d000 	C:\WINDOWS\System32\SHCORE.dll
0x00007ffb96c10000 - 0x00007ffb96c6b000 	C:\WINDOWS\System32\shlwapi.dll
0x00007ffb94fd0000 - 0x00007ffb94ff5000 	C:\WINDOWS\SYSTEM32\profapi.dll
0x00007ffb6f600000 - 0x00007ffb6f618000 	c:\Users\robso\.vscode\extensions\redhat.java-1.42.0-win32-x64\jre\21.0.7-win32-x86_64\bin\zip.dll
0x00007ffb79090000 - 0x00007ffb790a0000 	C:\Users\robso\.vscode\extensions\redhat.java-1.42.0-win32-x64\jre\21.0.7-win32-x86_64\bin\net.dll
0x00007ffb8ea20000 - 0x00007ffb8eb2a000 	C:\WINDOWS\SYSTEM32\WINHTTP.dll
0x00007ffb94830000 - 0x00007ffb9489a000 	C:\WINDOWS\system32\mswsock.dll
0x00007ffb79070000 - 0x00007ffb79086000 	C:\Users\robso\.vscode\extensions\redhat.java-1.42.0-win32-x64\jre\21.0.7-win32-x86_64\bin\nio.dll
0x00007ffb78fd0000 - 0x00007ffb78fe0000 	c:\Users\robso\.vscode\extensions\redhat.java-1.42.0-win32-x64\jre\21.0.7-win32-x86_64\bin\verify.dll
0x00007ffb65bf0000 - 0x00007ffb65c35000 	C:\Users\robso\AppData\Roaming\Code\User\globalStorage\redhat.java\1.42.0\config_ss_win\org.eclipse.equinox.launcher\org.eclipse.equinox.launcher.win32.win32.x86_64_1.2.1300.v20250331-1702\eclipse_11911.dll
0x00007ffb95e90000 - 0x00007ffb95fbb000 	C:\WINDOWS\System32\ole32.dll
0x00007ffb94a20000 - 0x00007ffb94a38000 	C:\WINDOWS\SYSTEM32\CRYPTSP.dll
0x00007ffb940e0000 - 0x00007ffb94118000 	C:\WINDOWS\system32\rsaenh.dll
0x00007ffb94f50000 - 0x00007ffb94f7e000 	C:\WINDOWS\SYSTEM32\USERENV.dll
0x00007ffb94a40000 - 0x00007ffb94a4c000 	C:\WINDOWS\SYSTEM32\CRYPTBASE.dll
0x00007ffb944c0000 - 0x00007ffb944fb000 	C:\WINDOWS\SYSTEM32\IPHLPAPI.DLL
0x00007ffb96c70000 - 0x00007ffb96c78000 	C:\WINDOWS\System32\NSI.dll
0x00007ffb65b50000 - 0x00007ffb65b99000 	C:\Users\robso\AppData\Local\Temp\jna-108686049\jna591952123149527884.dll
0x00007ffb95d50000 - 0x00007ffb95d58000 	C:\WINDOWS\System32\PSAPI.DLL

dbghelp: loaded successfully - version: 4.0.5 - missing functions: none
symbol engine: initialized successfully - sym options: 0x614 - pdb path: .;c:\Users\robso\.vscode\extensions\redhat.java-1.42.0-win32-x64\jre\21.0.7-win32-x86_64\bin;C:\WINDOWS\SYSTEM32;C:\WINDOWS\WinSxS\amd64_microsoft.windows.common-controls_6595b64144ccf1df_6.0.19041.5915_none_60b4b9d171f9c7c7;c:\Users\robso\.vscode\extensions\redhat.java-1.42.0-win32-x64\jre\21.0.7-win32-x86_64\bin\server;C:\Users\robso\AppData\Roaming\Code\User\globalStorage\redhat.java\1.42.0\config_ss_win\org.eclipse.equinox.launcher\org.eclipse.equinox.launcher.win32.win32.x86_64_1.2.1300.v20250331-1702;C:\Users\robso\AppData\Local\Temp\jna-108686049

VM Arguments:
jvm_args: --add-modules=ALL-SYSTEM --add-opens=java.base/java.util=ALL-UNNAMED --add-opens=java.base/java.lang=ALL-UNNAMED --add-opens=java.base/sun.nio.fs=ALL-UNNAMED -Declipse.application=org.eclipse.jdt.ls.core.id1 -Dosgi.bundles.defaultStartLevel=4 -Declipse.product=org.eclipse.jdt.ls.core.product -Djava.import.generatesMetadataFilesAtProjectRoot=false -DDetectVMInstallationsJob.disabled=true -Dfile.encoding=utf8 -XX:+UseParallelGC -XX:GCTimeRatio=4 -XX:AdaptiveSizePolicyWeight=90 -Dsun.zip.disableMemoryMapping=true -Xmx1G -Xms100m -Xlog:disable -javaagent:c:\Users\robso\.vscode\extensions\redhat.java-1.42.0-win32-x64\lombok\lombok-1.18.36.jar 
java_command: c:\Users\robso\.vscode\extensions\redhat.java-1.42.0-win32-x64\server\plugins\org.eclipse.equinox.launcher_1.7.0.v20250424-1814.jar -configuration c:\Users\robso\AppData\Roaming\Code\User\globalStorage\redhat.java\1.42.0\config_ss_win -data c:\Users\robso\AppData\Roaming\Code\User\workspaceStorage\6ef53d98a3f0df18c1c214d2dd3fa0e6\redhat.java\ss_ws --pipe=\\.\pipe\lsp-0784df3ae4526bb099235871bad353f9-sock
java_class_path (initial): c:\Users\robso\.vscode\extensions\redhat.java-1.42.0-win32-x64\server\plugins\org.eclipse.equinox.launcher_1.7.0.v20250424-1814.jar
Launcher Type: SUN_STANDARD

[Global flags]
    uintx AdaptiveSizePolicyWeight                 = 90                                        {product} {command line}
     intx CICompilerCount                          = 4                                         {product} {ergonomic}
    uintx GCTimeRatio                              = 4                                         {product} {command line}
   size_t InitialHeapSize                          = 104857600                                 {product} {command line}
   size_t MaxHeapSize                              = 1073741824                                {product} {command line}
   size_t MaxNewSize                               = 357564416                                 {product} {ergonomic}
   size_t MinHeapDeltaBytes                        = 524288                                    {product} {ergonomic}
   size_t MinHeapSize                              = 104857600                                 {product} {command line}
   size_t NewSize                                  = 34603008                                  {product} {ergonomic}
    uintx NonNMethodCodeHeapSize                   = 5839372                                {pd product} {ergonomic}
    uintx NonProfiledCodeHeapSize                  = 122909434                              {pd product} {ergonomic}
   size_t OldSize                                  = 70254592                                  {product} {ergonomic}
    uintx ProfiledCodeHeapSize                     = 122909434                              {pd product} {ergonomic}
    uintx ReservedCodeCacheSize                    = 251658240                              {pd product} {ergonomic}
     bool SegmentedCodeCache                       = true                                      {product} {ergonomic}
   size_t SoftMaxHeapSize                          = 1073741824                             {manageable} {ergonomic}
     bool UseCompressedOops                        = true                           {product lp64_product} {ergonomic}
     bool UseLargePagesIndividualAllocation        = false                                  {pd product} {ergonomic}
     bool UseParallelGC                            = true                                      {product} {command line}

Logging:
Log output configuration:
 #0: stdout all=off uptime,level,tags foldmultilines=false
 #1: stderr all=off uptime,level,tags foldmultilines=false

Environment Variables:
JAVA_HOME=C:\Program Files\Eclipse Adoptium\jdk-17.0.15.6-hotspot
PATH=C:\Program Files\Eclipse Adoptium\jdk-17.0.15.6-hotspot\bin;C:\Program Files\Eclipse Adoptium\jdk-21.0.7.6-hotspot\bin;C:\Python310\Scripts\;C:\Python310\;C:\Program Files\Python39\Scripts\;C:\Program Files\Python39\;C:\WINDOWS\system32;C:\WINDOWS;C:\WINDOWS\System32\Wbem;C:\WINDOWS\System32\WindowsPowerShell\v1.0\;C:\WINDOWS\System32\OpenSSH\;C:\Program Files\dotnet\;C:\Program Files (x86)\NVIDIA Corporation\PhysX\Common;C:\ProgramData\chocolatey\bin;C:\Program Files\Git\cmd;C:\Program Files\NVIDIA Corporation\NVIDIA App\NvDLISR;C:\Users\robso\AppData\Local\nvm;C:\nvm4w\nodejs;C:\Users\robso\AppData\Local\Android\Sdk\tools;C:\Users\robso\AppData\Local\jdk-11.0.2\bin;C:\Users\robso\AppData\Local\Microsoft\WindowsApps;C:\Users\robso\AppData\Local\Programs\Microsoft VS Code\bin;C:\Users\robso\AppData\Roaming\Python\Python39\Scripts;C:\Users\robso\AppData\Local\GitHubDesktop\bin;C:\Users\robso\AppData\Roaming\npm;C:\Program Files\OpenSSL-Win64\bin;C:\Users\robso\AppData\Local\Android\Sdk\platform-tools;C:\Users\robso\AppData\Local\nvm;C:\nvm4w\nodejs
USERNAME=robso
OS=Windows_NT
PROCESSOR_IDENTIFIER=AMD64 Family 23 Model 8 Stepping 2, AuthenticAMD
TMP=C:\Users\robso\AppData\Local\Temp
TEMP=C:\Users\robso\AppData\Local\Temp




Periodic native trim disabled

---------------  S Y S T E M  ---------------

OS:
 Windows 10 , 64 bit Build 19041 (10.0.19041.5915)
OS uptime: 0 days 12:28 hours

CPU: total 12 (initial active 12) (12 cores per cpu, 2 threads per core) family 23 model 8 stepping 2 microcode 0x0, cx8, cmov, fxsr, ht, mmx, 3dnowpref, sse, sse2, sse3, ssse3, sse4a, sse4.1, sse4.2, popcnt, lzcnt, tsc, tscinvbit, avx, avx2, aes, clmul, bmi1, bmi2, adx, sha, fma, vzeroupper, clflush, clflushopt, rdtscp, f16c
Processor Information for the first 12 processors :
  Max Mhz: 3200, Current Mhz: 3200, Mhz Limit: 3200

Memory: 4k page, system-wide physical 16332M (610M free)
TotalPageFile size 65484M (AvailPageFile size 0M)
current process WorkingSet (physical memory assigned to process): 137M, peak: 140M
current process commit charge ("private bytes"): 249M, peak: 253M

vm_info: OpenJDK 64-Bit Server VM (21.0.7+6-LTS) for windows-amd64 JRE (21.0.7+6-LTS), built on 2025-04-15T00:00:00Z by "admin" with MS VC++ 17.7 (VS2022)

END.
