#
# There is insufficient memory for the Java Runtime Environment to continue.
# Native memory allocation (malloc) failed to allocate 252016 bytes. Error detail: Chunk::new
# Possible reasons:
#   The system is out of physical RAM or swap space
#   This process is running with CompressedOops enabled, and the Java Heap may be blocking the growth of the native heap
# Possible solutions:
#   Reduce memory load on the system
#   Increase physical memory or swap space
#   Check if swap backing store is full
#   Decrease Java heap size (-Xmx/-Xms)
#   Decrease number of Java threads
#   Decrease Java thread stack sizes (-Xss)
#   Set larger code cache with -XX:ReservedCodeCacheSize=
#   JVM is running with Unscaled Compressed Oops mode in which the Java heap is
#     placed in the first 4GB address space. The Java Heap base address is the
#     maximum limit for the native heap growth. Please use -XX:HeapBaseMinAddress
#     to set the Java Heap base and to place the Java Heap above 4GB virtual address.
# This output file may be truncated or incomplete.
#
#  Out of Memory Error (arena.cpp:168), pid=11016, tid=13772
#
# JRE version: OpenJDK Runtime Environment Temurin-21.0.7+6 (21.0.7+6) (build 21.0.7+6-LTS)
# Java VM: OpenJDK 64-Bit Server VM Temurin-21.0.7+6 (21.0.7+6-LTS, mixed mode, sharing, tiered, compressed oops, compressed class ptrs, parallel gc, windows-amd64)
# No core dump will be written. Minidumps are not enabled by default on client versions of Windows
#

---------------  S U M M A R Y ------------

Command Line: --add-modules=ALL-SYSTEM --add-opens=java.base/java.util=ALL-UNNAMED --add-opens=java.base/java.lang=ALL-UNNAMED --add-opens=java.base/sun.nio.fs=ALL-UNNAMED -Declipse.application=org.eclipse.jdt.ls.core.id1 -Dosgi.bundles.defaultStartLevel=4 -Declipse.product=org.eclipse.jdt.ls.core.product -Djava.import.generatesMetadataFilesAtProjectRoot=false -DDetectVMInstallationsJob.disabled=true -Dfile.encoding=utf8 -XX:+UseParallelGC -XX:GCTimeRatio=4 -XX:AdaptiveSizePolicyWeight=90 -Dsun.zip.disableMemoryMapping=true -Xmx1G -Xms100m -Xlog:disable -javaagent:c:\Users\robso\.vscode\extensions\redhat.java-1.42.0-win32-x64\lombok\lombok-1.18.36.jar -XX:+HeapDumpOnOutOfMemoryError -XX:HeapDumpPath=c:\Users\robso\AppData\Roaming\Code\User\workspaceStorage\6ef53d98a3f0df18c1c214d2dd3fa0e6\redhat.java -Daether.dependencyCollector.impl=bf c:\Users\robso\.vscode\extensions\redhat.java-1.42.0-win32-x64\server\plugins\org.eclipse.equinox.launcher_1.7.0.v20250424-1814.jar -configuration c:\Users\robso\AppData\Roaming\Code\User\globalStorage\redhat.java\1.42.0\config_win -data c:\Users\robso\AppData\Roaming\Code\User\workspaceStorage\6ef53d98a3f0df18c1c214d2dd3fa0e6\redhat.java\jdt_ws --pipe=\\.\pipe\lsp-5d9d87f4744bf6b9300c6b33c6cf88be-sock

Host: AMD Ryzen 5 1600 Six-Core Processor            , 12 cores, 15G,  Windows 10 , 64 bit Build 19041 (10.0.19041.5915)
Time: Mon Jun 23 21:57:31 2025 New Zealand Standard Time elapsed time: 3.500324 seconds (0d 0h 0m 3s)

---------------  T H R E A D  ---------------

Current thread (0x0000016c844827a0):  JavaThread "C2 CompilerThread1" daemon [_thread_in_native, id=13772, stack(0x0000003c03e00000,0x0000003c03f00000) (1024K)]


Current CompileTask:
C2:3500 3130       4       lombok.patcher.PatchScript::classMatches (41 bytes)

Stack: [0x0000003c03e00000,0x0000003c03f00000]
Native frames: (J=compiled Java code, j=interpreted, Vv=VM code, C=native code)
V  [jvm.dll+0x6ce119]
V  [jvm.dll+0x8a84a1]
V  [jvm.dll+0x8aa9ce]
V  [jvm.dll+0x8ab0b3]
V  [jvm.dll+0x27f8a6]
V  [jvm.dll+0xc507d]
V  [jvm.dll+0xc55b3]
V  [jvm.dll+0x3b68f2]
V  [jvm.dll+0x382aa5]
V  [jvm.dll+0x381f0a]
V  [jvm.dll+0x247af0]
V  [jvm.dll+0x2470cf]
V  [jvm.dll+0x1c760e]
V  [jvm.dll+0x25695a]
V  [jvm.dll+0x254efa]
V  [jvm.dll+0x3f03f6]
V  [jvm.dll+0x851f6b]
V  [jvm.dll+0x6cc7dd]
C  [ucrtbase.dll+0x21bb2]
C  [KERNEL32.DLL+0x17374]
C  [ntdll.dll+0x4cc91]


---------------  P R O C E S S  ---------------

Threads class SMR info:
_java_thread_list=0x0000016c855a9b50, length=20, elements={
0x0000016ca3b1fe80, 0x0000016ca3bee6d0, 0x0000016cb7f101e0, 0x0000016cb7f110f0,
0x0000016cb7f12000, 0x0000016cb7f12f10, 0x0000016cb7f16a80, 0x0000016cb7f1dfd0,
0x0000016c84030da0, 0x0000016c8412fb40, 0x0000016c8439e560, 0x0000016c844827a0,
0x0000016c84c94100, 0x0000016c84ad2130, 0x0000016c84f97ee0, 0x0000016c84f98910,
0x0000016c85614430, 0x0000016c8549f650, 0x0000016c84acff90, 0x0000016c851f8620
}

Java Threads: ( => current thread )
  0x0000016ca3b1fe80 JavaThread "main"                              [_thread_blocked, id=9416, stack(0x0000003c03000000,0x0000003c03100000) (1024K)]
  0x0000016ca3bee6d0 JavaThread "Reference Handler"          daemon [_thread_blocked, id=10896, stack(0x0000003c03500000,0x0000003c03600000) (1024K)]
  0x0000016cb7f101e0 JavaThread "Finalizer"                  daemon [_thread_blocked, id=12908, stack(0x0000003c03600000,0x0000003c03700000) (1024K)]
  0x0000016cb7f110f0 JavaThread "Signal Dispatcher"          daemon [_thread_blocked, id=18296, stack(0x0000003c03700000,0x0000003c03800000) (1024K)]
  0x0000016cb7f12000 JavaThread "Attach Listener"            daemon [_thread_blocked, id=17120, stack(0x0000003c03800000,0x0000003c03900000) (1024K)]
  0x0000016cb7f12f10 JavaThread "Service Thread"             daemon [_thread_blocked, id=13560, stack(0x0000003c03900000,0x0000003c03a00000) (1024K)]
  0x0000016cb7f16a80 JavaThread "Monitor Deflation Thread"   daemon [_thread_blocked, id=4188, stack(0x0000003c03a00000,0x0000003c03b00000) (1024K)]
  0x0000016cb7f1dfd0 JavaThread "C2 CompilerThread0"         daemon [_thread_in_native, id=7388, stack(0x0000003c03b00000,0x0000003c03c00000) (1024K)]
  0x0000016c84030da0 JavaThread "C1 CompilerThread0"         daemon [_thread_blocked, id=1712, stack(0x0000003c03c00000,0x0000003c03d00000) (1024K)]
  0x0000016c8412fb40 JavaThread "Common-Cleaner"             daemon [_thread_blocked, id=18440, stack(0x0000003c03d00000,0x0000003c03e00000) (1024K)]
  0x0000016c8439e560 JavaThread "Notification Thread"        daemon [_thread_blocked, id=8620, stack(0x0000003c03f00000,0x0000003c04000000) (1024K)]
=>0x0000016c844827a0 JavaThread "C2 CompilerThread1"         daemon [_thread_in_native, id=13772, stack(0x0000003c03e00000,0x0000003c03f00000) (1024K)]
  0x0000016c84c94100 JavaThread "Active Thread: Equinox Container: 34089c4f-6ea6-44c6-b052-5917952aa100"        [_thread_blocked, id=4448, stack(0x0000003c04700000,0x0000003c04800000) (1024K)]
  0x0000016c84ad2130 JavaThread "Refresh Thread: Equinox Container: 34089c4f-6ea6-44c6-b052-5917952aa100" daemon [_thread_blocked, id=18748, stack(0x0000003c04800000,0x0000003c04900000) (1024K)]
  0x0000016c84f97ee0 JavaThread "Framework Event Dispatcher: Equinox Container: 34089c4f-6ea6-44c6-b052-5917952aa100" daemon [_thread_blocked, id=10228, stack(0x0000003c04a00000,0x0000003c04b00000) (1024K)]
  0x0000016c84f98910 JavaThread "Start Level: Equinox Container: 34089c4f-6ea6-44c6-b052-5917952aa100" daemon [_thread_in_vm, id=7616, stack(0x0000003c04b00000,0x0000003c04c00000) (1024K)]
  0x0000016c85614430 JavaThread "Bundle File Closer"         daemon [_thread_blocked, id=11616, stack(0x0000003c04e00000,0x0000003c04f00000) (1024K)]
  0x0000016c8549f650 JavaThread "SCR Component Actor"        daemon [_thread_blocked, id=5724, stack(0x0000003c04f00000,0x0000003c05000000) (1024K)]
  0x0000016c84acff90 JavaThread "SCR Component Registry"     daemon [_thread_blocked, id=552, stack(0x0000003c05000000,0x0000003c05100000) (1024K)]
  0x0000016c851f8620 JavaThread "Worker-JM"                         [_thread_blocked, id=20352, stack(0x0000003c04000000,0x0000003c04100000) (1024K)]
Total: 20

Other Threads:
  0x0000016ca3bdf290 VMThread "VM Thread"                           [id=18720, stack(0x0000003c03300000,0x0000003c03400000) (1024K)]
  0x0000016ca3b8bd20 WatcherThread "VM Periodic Task Thread"        [id=15368, stack(0x0000003c03200000,0x0000003c03300000) (1024K)]
  0x0000016ca3b3ec30 WorkerThread "GC Thread#0"                     [id=18156, stack(0x0000003c03100000,0x0000003c03200000) (1024K)]
  0x0000016c84cb2e00 WorkerThread "GC Thread#1"                     [id=4608, stack(0x0000003c04100000,0x0000003c04200000) (1024K)]
  0x0000016c844f9870 WorkerThread "GC Thread#2"                     [id=13340, stack(0x0000003c04200000,0x0000003c04300000) (1024K)]
  0x0000016c844f9c10 WorkerThread "GC Thread#3"                     [id=9668, stack(0x0000003c04300000,0x0000003c04400000) (1024K)]
  0x0000016c844f9fb0 WorkerThread "GC Thread#4"                     [id=15104, stack(0x0000003c04400000,0x0000003c04500000) (1024K)]
  0x0000016c844fa350 WorkerThread "GC Thread#5"                     [id=12952, stack(0x0000003c04500000,0x0000003c04600000) (1024K)]
  0x0000016c84538d70 WorkerThread "GC Thread#6"                     [id=15580, stack(0x0000003c04600000,0x0000003c04700000) (1024K)]
  0x0000016c84bb5f90 WorkerThread "GC Thread#7"                     [id=5660, stack(0x0000003c04900000,0x0000003c04a00000) (1024K)]
  0x0000016c849b12b0 WorkerThread "GC Thread#8"                     [id=6240, stack(0x0000003c04c00000,0x0000003c04d00000) (1024K)]
  0x0000016c849b0090 WorkerThread "GC Thread#9"                     [id=18488, stack(0x0000003c04d00000,0x0000003c04e00000) (1024K)]
Total: 12

Threads with active compile tasks:
C2 CompilerThread1  3530 3130       4       lombok.patcher.PatchScript::classMatches (41 bytes)
Total: 1

VM state: not at safepoint (normal execution)

VM Mutex/Monitor currently owned by a thread: None

Heap address: 0x00000000c0000000, size: 1024 MB, Compressed Oops mode: 32-bit

CDS archive(s) mapped at: [0x0000016cb8000000-0x0000016cb8ba0000-0x0000016cb8ba0000), size 12189696, SharedBaseAddress: 0x0000016cb8000000, ArchiveRelocationMode: 1.
Compressed class space mapped at: 0x0000016cb9000000-0x0000016cf9000000, reserved size: 1073741824
Narrow klass base: 0x0000016cb8000000, Narrow klass shift: 0, Narrow klass range: 0x100000000

GC Precious Log:
 CardTable entry size: 512
 CPUs: 12 total, 12 available
 Memory: 16332M
 Large Page Support: Disabled
 NUMA Support: Disabled
 Compressed Oops: Enabled (32-bit)
 Alignments: Space 512K, Generation 512K, Heap 2M
 Heap Min Capacity: 100M
 Heap Initial Capacity: 100M
 Heap Max Capacity: 1G
 Pre-touch: Disabled
 Parallel Workers: 10

Heap:
 PSYoungGen      total 29184K, used 7617K [0x00000000eab00000, 0x00000000ece80000, 0x0000000100000000)
  eden space 25088K, 14% used [0x00000000eab00000,0x00000000eae77938,0x00000000ec380000)
  from space 4096K, 99% used [0x00000000ec400000,0x00000000ec7f8e70,0x00000000ec800000)
  to   space 5632K, 0% used [0x00000000ec900000,0x00000000ec900000,0x00000000ece80000)
 ParOldGen       total 68608K, used 7833K [0x00000000c0000000, 0x00000000c4300000, 0x00000000eab00000)
  object space 68608K, 11% used [0x00000000c0000000,0x00000000c07a6548,0x00000000c4300000)
 Metaspace       used 15898K, committed 16512K, reserved 1114112K
  class space    used 1583K, committed 1856K, reserved 1048576K

Card table byte_map: [0x0000016ca34f0000,0x0000016ca3700000] _byte_map_base: 0x0000016ca2ef0000

Marking Bits: (ParMarkBitMap*) 0x00007ffb3af131f0
 Begin Bits: [0x0000016cb5d20000, 0x0000016cb6d20000)
 End Bits:   [0x0000016cb6d20000, 0x0000016cb7d20000)

Polling page: 0x0000016ca18c0000

Metaspace:

Usage:
  Non-class:     13.98 MB used.
      Class:      1.55 MB used.
       Both:     15.53 MB used.

Virtual space:
  Non-class space:       64.00 MB reserved,      14.31 MB ( 22%) committed,  1 nodes.
      Class space:        1.00 GB reserved,       1.81 MB ( <1%) committed,  1 nodes.
             Both:        1.06 GB reserved,      16.12 MB (  1%) committed. 

Chunk freelists:
   Non-Class:  1.23 MB
       Class:  14.24 MB
        Both:  15.48 MB

MaxMetaspaceSize: unlimited
CompressedClassSpaceSize: 1.00 GB
Initial GC threshold: 21.00 MB
Current GC threshold: 21.00 MB
CDS: on
 - commit_granule_bytes: 65536.
 - commit_granule_words: 8192.
 - virtual_space_node_default_size: 8388608.
 - enlarge_chunks_in_place: 1.
 - use_allocation_guard: 0.


Internal statistics:

num_allocs_failed_limit: 0.
num_arena_births: 484.
num_arena_deaths: 0.
num_vsnodes_births: 2.
num_vsnodes_deaths: 0.
num_space_committed: 258.
num_space_uncommitted: 0.
num_chunks_returned_to_freelist: 0.
num_chunks_taken_from_freelist: 997.
num_chunk_merges: 0.
num_chunk_splits: 667.
num_chunks_enlarged: 441.
num_inconsistent_stats: 0.

CodeHeap 'non-profiled nmethods': size=120000Kb used=1480Kb max_used=1480Kb free=118519Kb
 bounds [0x0000016cae7f0000, 0x0000016caea60000, 0x0000016cb5d20000]
CodeHeap 'profiled nmethods': size=120000Kb used=6593Kb max_used=6593Kb free=113406Kb
 bounds [0x0000016ca6d20000, 0x0000016ca73a0000, 0x0000016cae250000]
CodeHeap 'non-nmethods': size=5760Kb used=1270Kb max_used=1287Kb free=4490Kb
 bounds [0x0000016cae250000, 0x0000016cae4c0000, 0x0000016cae7f0000]
 total_blobs=3781 nmethods=3238 adapters=449
 compilation: enabled
              stopped_count=0, restarted_count=0
 full_count=0

Compilation events (20 events):
Event: 3.492 Thread 0x0000016c84030da0 3156       3       sun.security.provider.SHA2::resetHashes (19 bytes)
Event: 3.492 Thread 0x0000016c84030da0 nmethod 3156 0x0000016ca735c690 code [0x0000016ca735c840, 0x0000016ca735c9f0]
Event: 3.492 Thread 0x0000016c84030da0 3157       3       sun.security.provider.DigestBase::engineDigest (112 bytes)
Event: 3.493 Thread 0x0000016cb7f1dfd0 3158       4       java.util.regex.Pattern$BmpCharPropertyGreedy::match (89 bytes)
Event: 3.493 Thread 0x0000016c84030da0 nmethod 3157 0x0000016ca735cb10 code [0x0000016ca735cde0, 0x0000016ca735d9e8]
Event: 3.493 Thread 0x0000016c84030da0 3159       3       java.util.regex.Matcher::search (154 bytes)
Event: 3.493 Thread 0x0000016c84030da0 nmethod 3159 0x0000016ca735de90 code [0x0000016ca735e0a0, 0x0000016ca735e620]
Event: 3.497 Thread 0x0000016c84030da0 3161       3       java.lang.invoke.BoundMethodHandle::rebind (14 bytes)
Event: 3.497 Thread 0x0000016cb7f1dfd0 nmethod 3158 0x0000016cae95b590 code [0x0000016cae95b780, 0x0000016cae95bc68]
Event: 3.497 Thread 0x0000016cb7f1dfd0 3160       4       java.util.regex.Matcher::search (154 bytes)
Event: 3.497 Thread 0x0000016c84030da0 nmethod 3161 0x0000016ca735e810 code [0x0000016ca735ea20, 0x0000016ca735ef68]
Event: 3.497 Thread 0x0000016c84030da0 3164       3       java.lang.invoke.MethodHandle::bindTo (19 bytes)
Event: 3.498 Thread 0x0000016c84030da0 nmethod 3164 0x0000016ca735f190 code [0x0000016ca735f3a0, 0x0000016ca735f9b8]
Event: 3.498 Thread 0x0000016c84030da0 3165       3       java.lang.invoke.MethodType::leadingReferenceParameter (30 bytes)
Event: 3.498 Thread 0x0000016c84030da0 nmethod 3165 0x0000016ca735fc10 code [0x0000016ca735fde0, 0x0000016ca73600c0]
Event: 3.498 Thread 0x0000016c84030da0 3166       3       java.lang.invoke.MethodHandle::bindArgumentL (10 bytes)
Event: 3.498 Thread 0x0000016c84030da0 nmethod 3166 0x0000016ca7360210 code [0x0000016ca7360420, 0x0000016ca7360a68]
Event: 3.498 Thread 0x0000016c84030da0 3167       1       sun.util.locale.StringTokenIterator::isDone (5 bytes)
Event: 3.498 Thread 0x0000016c84030da0 nmethod 3167 0x0000016cae95c010 code [0x0000016cae95c1a0, 0x0000016cae95c270]
Event: 3.498 Thread 0x0000016c84030da0 3168       3       sun.util.locale.LocaleUtils::toLower (17 bytes)

GC Heap History (10 events):
Event: 1.164 GC heap before
{Heap before GC invocations=1 (full 0):
 PSYoungGen      total 29696K, used 25600K [0x00000000eab00000, 0x00000000ecc00000, 0x0000000100000000)
  eden space 25600K, 100% used [0x00000000eab00000,0x00000000ec400000,0x00000000ec400000)
  from space 4096K, 0% used [0x00000000ec800000,0x00000000ec800000,0x00000000ecc00000)
  to   space 4096K, 0% used [0x00000000ec400000,0x00000000ec400000,0x00000000ec800000)
 ParOldGen       total 68608K, used 0K [0x00000000c0000000, 0x00000000c4300000, 0x00000000eab00000)
  object space 68608K, 0% used [0x00000000c0000000,0x00000000c0000000,0x00000000c4300000)
 Metaspace       used 4354K, committed 4608K, reserved 1114112K
  class space    used 460K, committed 576K, reserved 1048576K
}
Event: 1.171 GC heap after
{Heap after GC invocations=1 (full 0):
 PSYoungGen      total 29696K, used 3278K [0x00000000eab00000, 0x00000000ecc00000, 0x0000000100000000)
  eden space 25600K, 0% used [0x00000000eab00000,0x00000000eab00000,0x00000000ec400000)
  from space 4096K, 80% used [0x00000000ec400000,0x00000000ec733b20,0x00000000ec800000)
  to   space 4096K, 0% used [0x00000000ec800000,0x00000000ec800000,0x00000000ecc00000)
 ParOldGen       total 68608K, used 16K [0x00000000c0000000, 0x00000000c4300000, 0x00000000eab00000)
  object space 68608K, 0% used [0x00000000c0000000,0x00000000c0004000,0x00000000c4300000)
 Metaspace       used 4354K, committed 4608K, reserved 1114112K
  class space    used 460K, committed 576K, reserved 1048576K
}
Event: 2.096 GC heap before
{Heap before GC invocations=2 (full 0):
 PSYoungGen      total 29696K, used 28878K [0x00000000eab00000, 0x00000000ecc00000, 0x0000000100000000)
  eden space 25600K, 100% used [0x00000000eab00000,0x00000000ec400000,0x00000000ec400000)
  from space 4096K, 80% used [0x00000000ec400000,0x00000000ec733b20,0x00000000ec800000)
  to   space 4096K, 0% used [0x00000000ec800000,0x00000000ec800000,0x00000000ecc00000)
 ParOldGen       total 68608K, used 16K [0x00000000c0000000, 0x00000000c4300000, 0x00000000eab00000)
  object space 68608K, 0% used [0x00000000c0000000,0x00000000c0004000,0x00000000c4300000)
 Metaspace       used 8109K, committed 8448K, reserved 1114112K
  class space    used 816K, committed 960K, reserved 1048576K
}
Event: 2.104 GC heap after
{Heap after GC invocations=2 (full 0):
 PSYoungGen      total 29696K, used 4066K [0x00000000eab00000, 0x00000000ecc00000, 0x0000000100000000)
  eden space 25600K, 0% used [0x00000000eab00000,0x00000000eab00000,0x00000000ec400000)
  from space 4096K, 99% used [0x00000000ec800000,0x00000000ecbf8b40,0x00000000ecc00000)
  to   space 4096K, 0% used [0x00000000ec400000,0x00000000ec400000,0x00000000ec800000)
 ParOldGen       total 68608K, used 1805K [0x00000000c0000000, 0x00000000c4300000, 0x00000000eab00000)
  object space 68608K, 2% used [0x00000000c0000000,0x00000000c01c3748,0x00000000c4300000)
 Metaspace       used 8109K, committed 8448K, reserved 1114112K
  class space    used 816K, committed 960K, reserved 1048576K
}
Event: 2.545 GC heap before
{Heap before GC invocations=3 (full 0):
 PSYoungGen      total 29696K, used 29661K [0x00000000eab00000, 0x00000000ecc00000, 0x0000000100000000)
  eden space 25600K, 99% used [0x00000000eab00000,0x00000000ec3feaa8,0x00000000ec400000)
  from space 4096K, 99% used [0x00000000ec800000,0x00000000ecbf8b40,0x00000000ecc00000)
  to   space 4096K, 0% used [0x00000000ec400000,0x00000000ec400000,0x00000000ec800000)
 ParOldGen       total 68608K, used 1805K [0x00000000c0000000, 0x00000000c4300000, 0x00000000eab00000)
  object space 68608K, 2% used [0x00000000c0000000,0x00000000c01c3748,0x00000000c4300000)
 Metaspace       used 9421K, committed 9792K, reserved 1114112K
  class space    used 972K, committed 1152K, reserved 1048576K
}
Event: 2.551 GC heap after
{Heap after GC invocations=3 (full 0):
 PSYoungGen      total 29696K, used 4071K [0x00000000eab00000, 0x00000000ecc00000, 0x0000000100000000)
  eden space 25600K, 0% used [0x00000000eab00000,0x00000000eab00000,0x00000000ec400000)
  from space 4096K, 99% used [0x00000000ec400000,0x00000000ec7f9f38,0x00000000ec800000)
  to   space 4096K, 0% used [0x00000000ec800000,0x00000000ec800000,0x00000000ecc00000)
 ParOldGen       total 68608K, used 5213K [0x00000000c0000000, 0x00000000c4300000, 0x00000000eab00000)
  object space 68608K, 7% used [0x00000000c0000000,0x00000000c05175e8,0x00000000c4300000)
 Metaspace       used 9421K, committed 9792K, reserved 1114112K
  class space    used 972K, committed 1152K, reserved 1048576K
}
Event: 3.029 GC heap before
{Heap before GC invocations=4 (full 0):
 PSYoungGen      total 29696K, used 29671K [0x00000000eab00000, 0x00000000ecc00000, 0x0000000100000000)
  eden space 25600K, 100% used [0x00000000eab00000,0x00000000ec400000,0x00000000ec400000)
  from space 4096K, 99% used [0x00000000ec400000,0x00000000ec7f9f38,0x00000000ec800000)
  to   space 4096K, 0% used [0x00000000ec800000,0x00000000ec800000,0x00000000ecc00000)
 ParOldGen       total 68608K, used 5213K [0x00000000c0000000, 0x00000000c4300000, 0x00000000eab00000)
  object space 68608K, 7% used [0x00000000c0000000,0x00000000c05175e8,0x00000000c4300000)
 Metaspace       used 12253K, committed 12672K, reserved 1114112K
  class space    used 1255K, committed 1472K, reserved 1048576K
}
Event: 3.033 GC heap after
{Heap after GC invocations=4 (full 0):
 PSYoungGen      total 29696K, used 4089K [0x00000000eab00000, 0x00000000ecc00000, 0x0000000100000000)
  eden space 25600K, 0% used [0x00000000eab00000,0x00000000eab00000,0x00000000ec400000)
  from space 4096K, 99% used [0x00000000ec800000,0x00000000ecbfe5b0,0x00000000ecc00000)
  to   space 4096K, 0% used [0x00000000ec400000,0x00000000ec400000,0x00000000ec800000)
 ParOldGen       total 68608K, used 6854K [0x00000000c0000000, 0x00000000c4300000, 0x00000000eab00000)
  object space 68608K, 9% used [0x00000000c0000000,0x00000000c06b1908,0x00000000c4300000)
 Metaspace       used 12253K, committed 12672K, reserved 1114112K
  class space    used 1255K, committed 1472K, reserved 1048576K
}
Event: 3.469 GC heap before
{Heap before GC invocations=5 (full 0):
 PSYoungGen      total 29696K, used 29689K [0x00000000eab00000, 0x00000000ecc00000, 0x0000000100000000)
  eden space 25600K, 100% used [0x00000000eab00000,0x00000000ec400000,0x00000000ec400000)
  from space 4096K, 99% used [0x00000000ec800000,0x00000000ecbfe5b0,0x00000000ecc00000)
  to   space 4096K, 0% used [0x00000000ec400000,0x00000000ec400000,0x00000000ec800000)
 ParOldGen       total 68608K, used 6854K [0x00000000c0000000, 0x00000000c4300000, 0x00000000eab00000)
  object space 68608K, 9% used [0x00000000c0000000,0x00000000c06b1908,0x00000000c4300000)
 Metaspace       used 15498K, committed 16064K, reserved 1114112K
  class space    used 1549K, committed 1792K, reserved 1048576K
}
Event: 3.472 GC heap after
{Heap after GC invocations=5 (full 0):
 PSYoungGen      total 29184K, used 4067K [0x00000000eab00000, 0x00000000ece80000, 0x0000000100000000)
  eden space 25088K, 0% used [0x00000000eab00000,0x00000000eab00000,0x00000000ec380000)
  from space 4096K, 99% used [0x00000000ec400000,0x00000000ec7f8e70,0x00000000ec800000)
  to   space 5632K, 0% used [0x00000000ec900000,0x00000000ec900000,0x00000000ece80000)
 ParOldGen       total 68608K, used 7833K [0x00000000c0000000, 0x00000000c4300000, 0x00000000eab00000)
  object space 68608K, 11% used [0x00000000c0000000,0x00000000c07a6548,0x00000000c4300000)
 Metaspace       used 15498K, committed 16064K, reserved 1114112K
  class space    used 1549K, committed 1792K, reserved 1048576K
}

Dll operation events (9 events):
Event: 0.017 Loaded shared library c:\Users\robso\.vscode\extensions\redhat.java-1.42.0-win32-x64\jre\21.0.7-win32-x86_64\bin\java.dll
Event: 0.156 Loaded shared library c:\Users\robso\.vscode\extensions\redhat.java-1.42.0-win32-x64\jre\21.0.7-win32-x86_64\bin\zip.dll
Event: 0.195 Loaded shared library C:\Users\robso\.vscode\extensions\redhat.java-1.42.0-win32-x64\jre\21.0.7-win32-x86_64\bin\instrument.dll
Event: 0.201 Loaded shared library C:\Users\robso\.vscode\extensions\redhat.java-1.42.0-win32-x64\jre\21.0.7-win32-x86_64\bin\net.dll
Event: 0.204 Loaded shared library C:\Users\robso\.vscode\extensions\redhat.java-1.42.0-win32-x64\jre\21.0.7-win32-x86_64\bin\nio.dll
Event: 0.209 Loaded shared library C:\Users\robso\.vscode\extensions\redhat.java-1.42.0-win32-x64\jre\21.0.7-win32-x86_64\bin\zip.dll
Event: 0.233 Loaded shared library C:\Users\robso\.vscode\extensions\redhat.java-1.42.0-win32-x64\jre\21.0.7-win32-x86_64\bin\jimage.dll
Event: 0.359 Loaded shared library c:\Users\robso\.vscode\extensions\redhat.java-1.42.0-win32-x64\jre\21.0.7-win32-x86_64\bin\verify.dll
Event: 2.106 Loaded shared library C:\Users\robso\AppData\Roaming\Code\User\globalStorage\redhat.java\1.42.0\config_win\org.eclipse.equinox.launcher\org.eclipse.equinox.launcher.win32.win32.x86_64_1.2.1300.v20250331-1702\eclipse_11911.dll

Deoptimization events (20 events):
Event: 3.109 Thread 0x0000016c84f98910 DEOPT PACKING pc=0x0000016cae92cefc sp=0x0000003c04bf8660
Event: 3.109 Thread 0x0000016c84f98910 DEOPT UNPACKING pc=0x0000016cae2a3aa2 sp=0x0000003c04bf85e8 mode 2
Event: 3.128 Thread 0x0000016c84f98910 Uncommon trap: trap_request=0xffffffcc fr.pc=0x0000016cae92b53c relative=0x00000000000001fc
Event: 3.128 Thread 0x0000016c84f98910 Uncommon trap: reason=intrinsic_or_type_checked_inlining action=make_not_entrant pc=0x0000016cae92b53c method=java.util.Arrays.copyOf([Ljava/lang/Object;ILjava/lang/Class;)[Ljava/lang/Object; @ 35 c2
Event: 3.128 Thread 0x0000016c84f98910 DEOPT PACKING pc=0x0000016cae92b53c sp=0x0000003c04bfba80
Event: 3.128 Thread 0x0000016c84f98910 DEOPT UNPACKING pc=0x0000016cae2a3aa2 sp=0x0000003c04bfba10 mode 2
Event: 3.161 Thread 0x0000016c84f98910 Uncommon trap: trap_request=0xffffff45 fr.pc=0x0000016cae9325a8 relative=0x0000000000000428
Event: 3.161 Thread 0x0000016c84f98910 Uncommon trap: reason=unstable_if action=reinterpret pc=0x0000016cae9325a8 method=com.sun.org.apache.xerces.internal.impl.XMLEntityScanner.scanLiteral(ILcom/sun/org/apache/xerces/internal/xni/XMLString;Z)I @ 299 c2
Event: 3.161 Thread 0x0000016c84f98910 DEOPT PACKING pc=0x0000016cae9325a8 sp=0x0000003c04bfd5a0
Event: 3.161 Thread 0x0000016c84f98910 DEOPT UNPACKING pc=0x0000016cae2a3aa2 sp=0x0000003c04bfd530 mode 2
Event: 3.297 Thread 0x0000016c84f98910 DEOPT PACKING pc=0x0000016ca7104a56 sp=0x0000003c04bef2e0
Event: 3.297 Thread 0x0000016c84f98910 DEOPT UNPACKING pc=0x0000016cae2a4242 sp=0x0000003c04bee7f0 mode 0
Event: 3.368 Thread 0x0000016c84f98910 Uncommon trap: trap_request=0xffffff45 fr.pc=0x0000016cae845958 relative=0x0000000000000f38
Event: 3.368 Thread 0x0000016c84f98910 Uncommon trap: reason=unstable_if action=reinterpret pc=0x0000016cae845958 method=lombok.patcher.PatchScript.classMatches(Ljava/lang/String;Ljava/util/Collection;)Z @ 25 c2
Event: 3.368 Thread 0x0000016c84f98910 DEOPT PACKING pc=0x0000016cae845958 sp=0x0000003c04bf20e0
Event: 3.368 Thread 0x0000016c84f98910 DEOPT UNPACKING pc=0x0000016cae2a3aa2 sp=0x0000003c04bf20a0 mode 2
Event: 3.457 Thread 0x0000016c84f98910 Uncommon trap: trap_request=0xffffff45 fr.pc=0x0000016cae8a1054 relative=0x00000000000000b4
Event: 3.457 Thread 0x0000016c84f98910 Uncommon trap: reason=unstable_if action=reinterpret pc=0x0000016cae8a1054 method=org.eclipse.osgi.container.ModuleRevisionBuilder.unmodifiableMap(Ljava/util/Map;)Ljava/util/Map; @ 27 c2
Event: 3.457 Thread 0x0000016c84f98910 DEOPT PACKING pc=0x0000016cae8a1054 sp=0x0000003c04bf4ca0
Event: 3.457 Thread 0x0000016c84f98910 DEOPT UNPACKING pc=0x0000016cae2a3aa2 sp=0x0000003c04bf4c20 mode 2

Classes loaded (20 events):
Event: 3.446 Loading class java/text/MessageFormat$Field
Event: 3.446 Loading class java/text/MessageFormat$Field done
Event: 3.458 Loading class java/util/stream/SortedOps
Event: 3.458 Loading class java/util/stream/SortedOps done
Event: 3.458 Loading class java/util/stream/SortedOps$OfRef
Event: 3.459 Loading class java/util/stream/ReferencePipeline$StatefulOp
Event: 3.459 Loading class java/util/stream/ReferencePipeline$StatefulOp done
Event: 3.459 Loading class java/util/stream/SortedOps$OfRef done
Event: 3.459 Loading class java/util/stream/SortedOps$RefSortingSink
Event: 3.460 Loading class java/util/stream/SortedOps$AbstractRefSortingSink
Event: 3.460 Loading class java/util/stream/SortedOps$AbstractRefSortingSink done
Event: 3.460 Loading class java/util/stream/SortedOps$RefSortingSink done
Event: 3.477 Loading class java/util/zip/ZipOutputStream
Event: 3.477 Loading class java/util/zip/DeflaterOutputStream
Event: 3.477 Loading class java/util/zip/DeflaterOutputStream done
Event: 3.477 Loading class java/util/zip/ZipOutputStream done
Event: 3.490 Loading class java/lang/StackTraceElement$HashedModules
Event: 3.490 Loading class java/lang/StackTraceElement$HashedModules done
Event: 3.492 Loading class sun/nio/cs/UTF_8$Encoder
Event: 3.492 Loading class sun/nio/cs/UTF_8$Encoder done

Classes unloaded (0 events):
No events

Classes redefined (0 events):
No events

Internal exceptions (20 events):
Event: 2.092 Thread 0x0000016ca3b1fe80 Exception <a 'java/lang/UnsatisfiedLinkError'{0x00000000ec396a80}: 'void org.eclipse.equinox.launcher.JNIBridge._update_splash()'> (0x00000000ec396a80) 
thrown [s\src\hotspot\share\prims\nativeLookup.cpp, line 415]
Event: 2.234 Thread 0x0000016c84f98910 Exception <a 'java/lang/NoSuchMethodError'{0x00000000eb0c4f58}: 'java.lang.Object java.lang.invoke.DirectMethodHandle$Holder.newInvokeSpecial(java.lang.Object, java.lang.Object, int, java.lang.Object)'> (0x00000000eb0c4f58) 
thrown [s\src\hotspot\share\interpreter\linkResolver.cpp, line 773]
Event: 2.250 Thread 0x0000016c84f98910 Exception <a 'java/lang/NoClassDefFoundError'{0x00000000eb165350}: jakarta/servlet/ServletContainerInitializer> (0x00000000eb165350) 
thrown [s\src\hotspot\share\classfile\systemDictionary.cpp, line 301]
Event: 2.270 Thread 0x0000016c84f98910 Exception <a 'java/lang/NoSuchMethodError'{0x00000000eb288ef8}: 'java.lang.Object java.lang.invoke.DirectMethodHandle$Holder.invokeStatic(java.lang.Object, int, java.lang.Object)'> (0x00000000eb288ef8) 
thrown [s\src\hotspot\share\interpreter\linkResolver.cpp, line 773]
Event: 2.276 Thread 0x0000016c84f98910 Exception <a 'java/lang/ClassNotFoundException'{0x00000000eb2e90e8}: sun/util/logging/resources/spi/loggingProvider> (0x00000000eb2e90e8) 
thrown [s\src\hotspot\share\classfile\systemDictionary.cpp, line 312]
Event: 2.830 Thread 0x0000016c84f98910 Exception <a 'java/lang/NullPointerException'{0x00000000eb7d6288}> (0x00000000eb7d6288) 
thrown [s\src\hotspot\share\interpreter\linkResolver.cpp, line 1372]
Event: 2.830 Thread 0x0000016c84f98910 Exception <a 'java/lang/NullPointerException'{0x00000000eb7d6568}> (0x00000000eb7d6568) 
thrown [s\src\hotspot\share\interpreter\linkResolver.cpp, line 1372]
Event: 2.983 Thread 0x0000016c84f98910 Exception <a 'java/lang/NoSuchMethodError'{0x00000000ec195c40}: 'void java.lang.invoke.Invokers$Holder.invokeExact_MT(java.lang.Object, java.lang.Object, java.lang.Object)'> (0x00000000ec195c40) 
thrown [s\src\hotspot\share\interpreter\linkResolver.cpp, line 773]
Event: 3.141 Thread 0x0000016c84f98910 Exception <a 'java/io/FileNotFoundException'{0x00000000eb185588}> (0x00000000eb185588) 
thrown [s\src\hotspot\share\prims\jni.cpp, line 520]
Event: 3.240 Thread 0x0000016c84f98910 Exception <a 'java/lang/NoSuchMethodError'{0x00000000eb622978}: 'java.lang.Object java.lang.invoke.Invokers$Holder.linkToTargetMethod(java.lang.Object, long, java.lang.Object)'> (0x00000000eb622978) 
thrown [s\src\hotspot\share\interpreter\linkResolver.cpp, line 773]
Event: 3.294 Thread 0x0000016c84f98910 Exception <a 'java/lang/NoSuchMethodError'{0x00000000eba66658}: 'void java.lang.invoke.DirectMethodHandle$Holder.invokeInterface(java.lang.Object, java.lang.Object, java.lang.Object)'> (0x00000000eba66658) 
thrown [s\src\hotspot\share\interpreter\linkResolver.cpp, line 773]
Event: 3.384 Thread 0x0000016c84f98910 Exception <a 'java/lang/NoSuchMethodError'{0x00000000ebf393e8}: 'java.lang.Object java.lang.invoke.DirectMethodHandle$Holder.invokeVirtual(java.lang.Object, java.lang.Object, java.lang.Object)'> (0x00000000ebf393e8) 
thrown [s\src\hotspot\share\interpreter\linkResolver.cpp, line 773]
Event: 3.386 Thread 0x0000016c84f98910 Exception <a 'java/lang/NoSuchMethodError'{0x00000000ebf51910}: 'java.lang.Object java.lang.invoke.DelegatingMethodHandle$Holder.reinvoke_L(java.lang.Object, java.lang.Object, java.lang.Object, java.lang.Object, int, int)'> (0x00000000ebf51910) 
thrown [s\src\hotspot\share\interpreter\linkResolver.cpp, line 773]
Event: 3.388 Thread 0x0000016c84f98910 Exception <a 'java/lang/NoSuchMethodError'{0x00000000ebf6eb38}: 'java.lang.Object java.lang.invoke.DirectMethodHandle$Holder.newInvokeSpecial(java.lang.Object, java.lang.Object, java.lang.Object, java.lang.Object, java.lang.Object, java.lang.Object)'> (0x00000000ebf6eb38) 
thrown [s\src\hotspot\share\interpreter\linkResolver.cpp, line 773]
Event: 3.391 Thread 0x0000016c84f98910 Exception <a 'java/lang/NoSuchMethodError'{0x00000000ebf9b058}: 'void java.lang.invoke.Invokers$Holder.invokeExact_MT(java.lang.Object, java.lang.Object, java.lang.Object, java.lang.Object)'> (0x00000000ebf9b058) 
thrown [s\src\hotspot\share\interpreter\linkResolver.cpp, line 773]
Event: 3.449 Thread 0x0000016c84f98910 Exception <a 'java/io/FileNotFoundException'{0x00000000ec244640}> (0x00000000ec244640) 
thrown [s\src\hotspot\share\prims\jni.cpp, line 520]
Event: 3.449 Thread 0x0000016c84f98910 Exception <a 'java/io/FileNotFoundException'{0x00000000ec24c1e0}> (0x00000000ec24c1e0) 
thrown [s\src\hotspot\share\prims\jni.cpp, line 520]
Event: 3.487 Thread 0x0000016c84f98910 Exception <a 'java/lang/NoSuchMethodError'{0x00000000eabd2200}: 'java.lang.Object java.lang.invoke.DirectMethodHandle$Holder.invokeSpecial(java.lang.Object, java.lang.Object, java.lang.Object, int, java.lang.Object, java.lang.Object)'> (0x00000000eabd2200) 
thrown [s\src\hotspot\share\interpreter\linkResolver.cpp, line 773]
Event: 3.488 Thread 0x0000016c84f98910 Exception <a 'java/lang/NoSuchMethodError'{0x00000000eabd9b10}: 'java.lang.Object java.lang.invoke.DirectMethodHandle$Holder.newInvokeSpecial(java.lang.Object, java.lang.Object, java.lang.Object, int, java.lang.Object)'> (0x00000000eabd9b10) 
thrown [s\src\hotspot\share\interpreter\linkResolver.cpp, line 773]
Event: 3.488 Thread 0x0000016c84f98910 Exception <a 'java/lang/NoSuchMethodError'{0x00000000eabdd600}: 'java.lang.Object java.lang.invoke.Invokers$Holder.linkToTargetMethod(java.lang.Object, java.lang.Object, int, java.lang.Object, java.lang.Object)'> (0x00000000eabdd600) 
thrown [s\src\hotspot\share\interpreter\linkResolver.cpp, line 773]

ZGC Phase Switch (0 events):
No events

VM Operations (20 events):
Event: 2.304 Executing VM operation: HandshakeAllThreads (Deoptimize)
Event: 2.305 Executing VM operation: HandshakeAllThreads (Deoptimize) done
Event: 2.312 Executing VM operation: HandshakeAllThreads (Deoptimize)
Event: 2.312 Executing VM operation: HandshakeAllThreads (Deoptimize) done
Event: 2.545 Executing VM operation: ParallelGCFailedAllocation (Allocation Failure)
Event: 2.551 Executing VM operation: ParallelGCFailedAllocation (Allocation Failure) done
Event: 2.827 Executing VM operation: HandshakeAllThreads (Deoptimize)
Event: 2.827 Executing VM operation: HandshakeAllThreads (Deoptimize) done
Event: 2.890 Executing VM operation: HandshakeAllThreads (Deoptimize)
Event: 2.890 Executing VM operation: HandshakeAllThreads (Deoptimize) done
Event: 3.028 Executing VM operation: ParallelGCFailedAllocation (Allocation Failure)
Event: 3.033 Executing VM operation: ParallelGCFailedAllocation (Allocation Failure) done
Event: 3.396 Executing VM operation: ICBufferFull
Event: 3.396 Executing VM operation: ICBufferFull done
Event: 3.459 Executing VM operation: HandshakeAllThreads (Deoptimize)
Event: 3.459 Executing VM operation: HandshakeAllThreads (Deoptimize) done
Event: 3.469 Executing VM operation: ParallelGCFailedAllocation (Allocation Failure)
Event: 3.472 Executing VM operation: ParallelGCFailedAllocation (Allocation Failure) done
Event: 3.486 Executing VM operation: HandshakeAllThreads (Deoptimize)
Event: 3.486 Executing VM operation: HandshakeAllThreads (Deoptimize) done

Memory protections (0 events):
No events

Nmethod flushes (0 events):
No events

Events (20 events):
Event: 0.061 Thread 0x0000016ca3b1fe80 Thread added: 0x0000016cb7f16a80
Event: 0.061 Thread 0x0000016ca3b1fe80 Thread added: 0x0000016cb7f1dfd0
Event: 0.062 Thread 0x0000016ca3b1fe80 Thread added: 0x0000016c84030da0
Event: 0.093 Thread 0x0000016ca3b1fe80 Thread added: 0x0000016c8412fb40
Event: 0.353 Thread 0x0000016cb7f1dfd0 Thread added: 0x0000016c842f3910
Event: 0.536 Thread 0x0000016ca3b1fe80 Thread added: 0x0000016c8439e560
Event: 0.687 Thread 0x0000016c84030da0 Thread added: 0x0000016c844827a0
Event: 1.415 Thread 0x0000016c844827a0 Thread exited: 0x0000016c844827a0
Event: 1.415 Thread 0x0000016c842f3910 Thread exited: 0x0000016c842f3910
Event: 1.511 Thread 0x0000016c84030da0 Thread added: 0x0000016c844827a0
Event: 1.578 Thread 0x0000016c84030da0 Thread added: 0x0000016c84b2f010
Event: 1.829 Thread 0x0000016ca3b1fe80 Thread added: 0x0000016c84c94100
Event: 2.091 Thread 0x0000016ca3b1fe80 Thread added: 0x0000016c84ad2130
Event: 2.134 Thread 0x0000016c84ad2130 Thread added: 0x0000016c84f97ee0
Event: 2.139 Thread 0x0000016ca3b1fe80 Thread added: 0x0000016c84f98910
Event: 2.585 Thread 0x0000016c84f98910 Thread added: 0x0000016c85614430
Event: 2.806 Thread 0x0000016c84f98910 Thread added: 0x0000016c8549f650
Event: 2.882 Thread 0x0000016c84f98910 Thread added: 0x0000016c84acff90
Event: 2.978 Thread 0x0000016c84b2f010 Thread exited: 0x0000016c84b2f010
Event: 3.302 Thread 0x0000016c84f98910 Thread added: 0x0000016c851f8620


Dynamic libraries:
0x00007ff65ae70000 - 0x00007ff65ae7e000 	c:\Users\robso\.vscode\extensions\redhat.java-1.42.0-win32-x64\jre\21.0.7-win32-x86_64\bin\java.exe
0x00007ffb97a10000 - 0x00007ffb97c08000 	C:\WINDOWS\SYSTEM32\ntdll.dll
0x00007ffb96b40000 - 0x00007ffb96c02000 	C:\WINDOWS\System32\KERNEL32.DLL
0x00007ffb956e0000 - 0x00007ffb959d6000 	C:\WINDOWS\System32\KERNELBASE.dll
0x00007ffb95350000 - 0x00007ffb95450000 	C:\WINDOWS\System32\ucrtbase.dll
0x00007ffb78eb0000 - 0x00007ffb78ec8000 	c:\Users\robso\.vscode\extensions\redhat.java-1.42.0-win32-x64\jre\21.0.7-win32-x86_64\bin\jli.dll
0x00007ffb966e0000 - 0x00007ffb9687d000 	C:\WINDOWS\System32\USER32.dll
0x00007ffb951d0000 - 0x00007ffb951f2000 	C:\WINDOWS\System32\win32u.dll
0x00007ffb95fc0000 - 0x00007ffb95feb000 	C:\WINDOWS\System32\GDI32.dll
0x00007ffb95200000 - 0x00007ffb95319000 	C:\WINDOWS\System32\gdi32full.dll
0x00007ffb950a0000 - 0x00007ffb9513d000 	C:\WINDOWS\System32\msvcp_win.dll
0x00007ffb72750000 - 0x00007ffb7276e000 	c:\Users\robso\.vscode\extensions\redhat.java-1.42.0-win32-x64\jre\21.0.7-win32-x86_64\bin\VCRUNTIME140.dll
0x00007ffb833b0000 - 0x00007ffb8364a000 	C:\WINDOWS\WinSxS\amd64_microsoft.windows.common-controls_6595b64144ccf1df_6.0.19041.5915_none_60b4b9d171f9c7c7\COMCTL32.dll
0x00007ffb978c0000 - 0x00007ffb9795e000 	C:\WINDOWS\System32\msvcrt.dll
0x00007ffb97530000 - 0x00007ffb9755f000 	C:\WINDOWS\System32\IMM32.DLL
0x00007ffb83d70000 - 0x00007ffb83d7c000 	c:\Users\robso\.vscode\extensions\redhat.java-1.42.0-win32-x64\jre\21.0.7-win32-x86_64\bin\vcruntime140_1.dll
0x00007ffb65740000 - 0x00007ffb657cd000 	c:\Users\robso\.vscode\extensions\redhat.java-1.42.0-win32-x64\jre\21.0.7-win32-x86_64\bin\msvcp140.dll
0x00007ffb3a260000 - 0x00007ffb3aff0000 	c:\Users\robso\.vscode\extensions\redhat.java-1.42.0-win32-x64\jre\21.0.7-win32-x86_64\bin\server\jvm.dll
0x00007ffb95c90000 - 0x00007ffb95d41000 	C:\WINDOWS\System32\ADVAPI32.dll
0x00007ffb96170000 - 0x00007ffb9620f000 	C:\WINDOWS\System32\sechost.dll
0x00007ffb95d60000 - 0x00007ffb95e83000 	C:\WINDOWS\System32\RPCRT4.dll
0x00007ffb95320000 - 0x00007ffb95347000 	C:\WINDOWS\System32\bcrypt.dll
0x00007ffb97960000 - 0x00007ffb979cb000 	C:\WINDOWS\System32\WS2_32.dll
0x00007ffb945e0000 - 0x00007ffb9462b000 	C:\WINDOWS\SYSTEM32\POWRPROF.dll
0x00007ffb8c1b0000 - 0x00007ffb8c1d7000 	C:\WINDOWS\SYSTEM32\WINMM.dll
0x00007ffb8e8c0000 - 0x00007ffb8e8ca000 	C:\WINDOWS\SYSTEM32\VERSION.dll
0x00007ffb944a0000 - 0x00007ffb944b2000 	C:\WINDOWS\SYSTEM32\UMPDC.dll
0x00007ffb92f40000 - 0x00007ffb92f52000 	C:\WINDOWS\SYSTEM32\kernel.appcore.dll
0x00007ffb7b080000 - 0x00007ffb7b08a000 	c:\Users\robso\.vscode\extensions\redhat.java-1.42.0-win32-x64\jre\21.0.7-win32-x86_64\bin\jimage.dll
0x00007ffb8e380000 - 0x00007ffb8e581000 	C:\WINDOWS\SYSTEM32\DBGHELP.DLL
0x00007ffb78140000 - 0x00007ffb78174000 	C:\WINDOWS\SYSTEM32\dbgcore.DLL
0x00007ffb95140000 - 0x00007ffb951c2000 	C:\WINDOWS\System32\bcryptPrimitives.dll
0x00007ffb7a5f0000 - 0x00007ffb7a5ff000 	c:\Users\robso\.vscode\extensions\redhat.java-1.42.0-win32-x64\jre\21.0.7-win32-x86_64\bin\instrument.dll
0x00007ffb710e0000 - 0x00007ffb710ff000 	c:\Users\robso\.vscode\extensions\redhat.java-1.42.0-win32-x64\jre\21.0.7-win32-x86_64\bin\java.dll
0x00007ffb96dc0000 - 0x00007ffb9752e000 	C:\WINDOWS\System32\SHELL32.dll
0x00007ffb93140000 - 0x00007ffb938e4000 	C:\WINDOWS\SYSTEM32\windows.storage.dll
0x00007ffb97560000 - 0x00007ffb978b3000 	C:\WINDOWS\System32\combase.dll
0x00007ffb94ad0000 - 0x00007ffb94afb000 	C:\WINDOWS\SYSTEM32\Wldp.dll
0x00007ffb96890000 - 0x00007ffb9695d000 	C:\WINDOWS\System32\OLEAUT32.dll
0x00007ffb95be0000 - 0x00007ffb95c8d000 	C:\WINDOWS\System32\SHCORE.dll
0x00007ffb96c10000 - 0x00007ffb96c6b000 	C:\WINDOWS\System32\shlwapi.dll
0x00007ffb94fd0000 - 0x00007ffb94ff5000 	C:\WINDOWS\SYSTEM32\profapi.dll
0x00007ffb6f600000 - 0x00007ffb6f618000 	c:\Users\robso\.vscode\extensions\redhat.java-1.42.0-win32-x64\jre\21.0.7-win32-x86_64\bin\zip.dll
0x00007ffb79090000 - 0x00007ffb790a0000 	C:\Users\robso\.vscode\extensions\redhat.java-1.42.0-win32-x64\jre\21.0.7-win32-x86_64\bin\net.dll
0x00007ffb8ea20000 - 0x00007ffb8eb2a000 	C:\WINDOWS\SYSTEM32\WINHTTP.dll
0x00007ffb94830000 - 0x00007ffb9489a000 	C:\WINDOWS\system32\mswsock.dll
0x00007ffb79070000 - 0x00007ffb79086000 	C:\Users\robso\.vscode\extensions\redhat.java-1.42.0-win32-x64\jre\21.0.7-win32-x86_64\bin\nio.dll
0x00007ffb78fd0000 - 0x00007ffb78fe0000 	c:\Users\robso\.vscode\extensions\redhat.java-1.42.0-win32-x64\jre\21.0.7-win32-x86_64\bin\verify.dll
0x00007ffb65ba0000 - 0x00007ffb65be5000 	C:\Users\robso\AppData\Roaming\Code\User\globalStorage\redhat.java\1.42.0\config_win\org.eclipse.equinox.launcher\org.eclipse.equinox.launcher.win32.win32.x86_64_1.2.1300.v20250331-1702\eclipse_11911.dll
0x00007ffb95e90000 - 0x00007ffb95fbb000 	C:\WINDOWS\System32\ole32.dll

dbghelp: loaded successfully - version: 4.0.5 - missing functions: none
symbol engine: initialized successfully - sym options: 0x614 - pdb path: .;c:\Users\robso\.vscode\extensions\redhat.java-1.42.0-win32-x64\jre\21.0.7-win32-x86_64\bin;C:\WINDOWS\SYSTEM32;C:\WINDOWS\WinSxS\amd64_microsoft.windows.common-controls_6595b64144ccf1df_6.0.19041.5915_none_60b4b9d171f9c7c7;c:\Users\robso\.vscode\extensions\redhat.java-1.42.0-win32-x64\jre\21.0.7-win32-x86_64\bin\server;C:\Users\robso\AppData\Roaming\Code\User\globalStorage\redhat.java\1.42.0\config_win\org.eclipse.equinox.launcher\org.eclipse.equinox.launcher.win32.win32.x86_64_1.2.1300.v20250331-1702

VM Arguments:
jvm_args: --add-modules=ALL-SYSTEM --add-opens=java.base/java.util=ALL-UNNAMED --add-opens=java.base/java.lang=ALL-UNNAMED --add-opens=java.base/sun.nio.fs=ALL-UNNAMED -Declipse.application=org.eclipse.jdt.ls.core.id1 -Dosgi.bundles.defaultStartLevel=4 -Declipse.product=org.eclipse.jdt.ls.core.product -Djava.import.generatesMetadataFilesAtProjectRoot=false -DDetectVMInstallationsJob.disabled=true -Dfile.encoding=utf8 -XX:+UseParallelGC -XX:GCTimeRatio=4 -XX:AdaptiveSizePolicyWeight=90 -Dsun.zip.disableMemoryMapping=true -Xmx1G -Xms100m -Xlog:disable -javaagent:c:\Users\robso\.vscode\extensions\redhat.java-1.42.0-win32-x64\lombok\lombok-1.18.36.jar -XX:+HeapDumpOnOutOfMemoryError -XX:HeapDumpPath=c:\Users\robso\AppData\Roaming\Code\User\workspaceStorage\6ef53d98a3f0df18c1c214d2dd3fa0e6\redhat.java -Daether.dependencyCollector.impl=bf 
java_command: c:\Users\robso\.vscode\extensions\redhat.java-1.42.0-win32-x64\server\plugins\org.eclipse.equinox.launcher_1.7.0.v20250424-1814.jar -configuration c:\Users\robso\AppData\Roaming\Code\User\globalStorage\redhat.java\1.42.0\config_win -data c:\Users\robso\AppData\Roaming\Code\User\workspaceStorage\6ef53d98a3f0df18c1c214d2dd3fa0e6\redhat.java\jdt_ws --pipe=\\.\pipe\lsp-5d9d87f4744bf6b9300c6b33c6cf88be-sock
java_class_path (initial): c:\Users\robso\.vscode\extensions\redhat.java-1.42.0-win32-x64\server\plugins\org.eclipse.equinox.launcher_1.7.0.v20250424-1814.jar
Launcher Type: SUN_STANDARD

[Global flags]
    uintx AdaptiveSizePolicyWeight                 = 90                                        {product} {command line}
     intx CICompilerCount                          = 4                                         {product} {ergonomic}
    uintx GCTimeRatio                              = 4                                         {product} {command line}
     bool HeapDumpOnOutOfMemoryError               = true                                   {manageable} {command line}
    ccstr HeapDumpPath                             = c:\Users\robso\AppData\Roaming\Code\User\workspaceStorage\6ef53d98a3f0df18c1c214d2dd3fa0e6\redhat.java         {manageable} {command line}
   size_t InitialHeapSize                          = 104857600                                 {product} {command line}
   size_t MaxHeapSize                              = 1073741824                                {product} {command line}
   size_t MaxNewSize                               = 357564416                                 {product} {ergonomic}
   size_t MinHeapDeltaBytes                        = 524288                                    {product} {ergonomic}
   size_t MinHeapSize                              = 104857600                                 {product} {command line}
   size_t NewSize                                  = 34603008                                  {product} {ergonomic}
    uintx NonNMethodCodeHeapSize                   = 5839372                                {pd product} {ergonomic}
    uintx NonProfiledCodeHeapSize                  = 122909434                              {pd product} {ergonomic}
   size_t OldSize                                  = 70254592                                  {product} {ergonomic}
    uintx ProfiledCodeHeapSize                     = 122909434                              {pd product} {ergonomic}
    uintx ReservedCodeCacheSize                    = 251658240                              {pd product} {ergonomic}
     bool SegmentedCodeCache                       = true                                      {product} {ergonomic}
   size_t SoftMaxHeapSize                          = 1073741824                             {manageable} {ergonomic}
     bool UseCompressedOops                        = true                           {product lp64_product} {ergonomic}
     bool UseLargePagesIndividualAllocation        = false                                  {pd product} {ergonomic}
     bool UseParallelGC                            = true                                      {product} {command line}

Logging:
Log output configuration:
 #0: stdout all=off uptime,level,tags foldmultilines=false
 #1: stderr all=off uptime,level,tags foldmultilines=false

Environment Variables:
JAVA_HOME=C:\Program Files\Eclipse Adoptium\jdk-17.0.15.6-hotspot
PATH=C:\Program Files\Eclipse Adoptium\jdk-17.0.15.6-hotspot\bin;C:\Program Files\Eclipse Adoptium\jdk-21.0.7.6-hotspot\bin;C:\Python310\Scripts\;C:\Python310\;C:\Program Files\Python39\Scripts\;C:\Program Files\Python39\;C:\WINDOWS\system32;C:\WINDOWS;C:\WINDOWS\System32\Wbem;C:\WINDOWS\System32\WindowsPowerShell\v1.0\;C:\WINDOWS\System32\OpenSSH\;C:\Program Files\dotnet\;C:\Program Files (x86)\NVIDIA Corporation\PhysX\Common;C:\ProgramData\chocolatey\bin;C:\Program Files\Git\cmd;C:\Program Files\NVIDIA Corporation\NVIDIA App\NvDLISR;C:\Users\robso\AppData\Local\nvm;C:\nvm4w\nodejs;C:\Users\robso\AppData\Local\Android\Sdk\tools;C:\Users\robso\AppData\Local\jdk-11.0.2\bin;C:\Users\robso\AppData\Local\Microsoft\WindowsApps;C:\Users\robso\AppData\Local\Programs\Microsoft VS Code\bin;C:\Users\robso\AppData\Roaming\Python\Python39\Scripts;C:\Users\robso\AppData\Local\GitHubDesktop\bin;C:\Users\robso\AppData\Roaming\npm;C:\Program Files\OpenSSL-Win64\bin;C:\Users\robso\AppData\Local\Android\Sdk\platform-tools;C:\Users\robso\AppData\Local\nvm;C:\nvm4w\nodejs
USERNAME=robso
OS=Windows_NT
PROCESSOR_IDENTIFIER=AMD64 Family 23 Model 8 Stepping 2, AuthenticAMD
TMP=C:\Users\robso\AppData\Local\Temp
TEMP=C:\Users\robso\AppData\Local\Temp




Periodic native trim disabled

---------------  S Y S T E M  ---------------

OS:
 Windows 10 , 64 bit Build 19041 (10.0.19041.5915)
OS uptime: 0 days 12:28 hours

CPU: total 12 (initial active 12) (12 cores per cpu, 2 threads per core) family 23 model 8 stepping 2 microcode 0x0, cx8, cmov, fxsr, ht, mmx, 3dnowpref, sse, sse2, sse3, ssse3, sse4a, sse4.1, sse4.2, popcnt, lzcnt, tsc, tscinvbit, avx, avx2, aes, clmul, bmi1, bmi2, adx, sha, fma, vzeroupper, clflush, clflushopt, rdtscp, f16c
Processor Information for the first 12 processors :
  Max Mhz: 3200, Current Mhz: 3200, Mhz Limit: 3200

Memory: 4k page, system-wide physical 16332M (615M free)
TotalPageFile size 65484M (AvailPageFile size 3M)
current process WorkingSet (physical memory assigned to process): 124M, peak: 124M
current process commit charge ("private bytes"): 237M, peak: 237M

vm_info: OpenJDK 64-Bit Server VM (21.0.7+6-LTS) for windows-amd64 JRE (21.0.7+6-LTS), built on 2025-04-15T00:00:00Z by "admin" with MS VC++ 17.7 (VS2022)

END.
