#
# There is insufficient memory for the Java Runtime Environment to continue.
# Native memory allocation (malloc) failed to allocate 1698416 bytes. Error detail: Chunk::new
# Possible reasons:
#   The system is out of physical RAM or swap space
#   This process is running with CompressedOops enabled, and the Java Heap may be blocking the growth of the native heap
# Possible solutions:
#   Reduce memory load on the system
#   Increase physical memory or swap space
#   Check if swap backing store is full
#   Decrease Java heap size (-Xmx/-Xms)
#   Decrease number of Java threads
#   Decrease Java thread stack sizes (-Xss)
#   Set larger code cache with -XX:ReservedCodeCacheSize=
#   JVM is running with Unscaled Compressed Oops mode in which the Java heap is
#     placed in the first 4GB address space. The Java Heap base address is the
#     maximum limit for the native heap growth. Please use -XX:HeapBaseMinAddress
#     to set the Java Heap base and to place the Java Heap above 4GB virtual address.
# This output file may be truncated or incomplete.
#
#  Out of Memory Error (arena.cpp:168), pid=9208, tid=16264
#
# JRE version: OpenJDK Runtime Environment Temurin-21.0.7+6 (21.0.7+6) (build 21.0.7+6-LTS)
# Java VM: OpenJDK 64-Bit Server VM Temurin-21.0.7+6 (21.0.7+6-LTS, mixed mode, sharing, tiered, compressed oops, compressed class ptrs, parallel gc, windows-amd64)
# No core dump will be written. Minidumps are not enabled by default on client versions of Windows
#

---------------  S U M M A R Y ------------

Command Line: --add-modules=ALL-SYSTEM --add-opens=java.base/java.util=ALL-UNNAMED --add-opens=java.base/java.lang=ALL-UNNAMED --add-opens=java.base/sun.nio.fs=ALL-UNNAMED -Declipse.application=org.eclipse.jdt.ls.core.id1 -Dosgi.bundles.defaultStartLevel=4 -Declipse.product=org.eclipse.jdt.ls.core.product -Djava.import.generatesMetadataFilesAtProjectRoot=false -DDetectVMInstallationsJob.disabled=true -Dfile.encoding=utf8 -XX:+UseParallelGC -XX:GCTimeRatio=4 -XX:AdaptiveSizePolicyWeight=90 -Dsun.zip.disableMemoryMapping=true -Xmx1G -Xms100m -Xlog:disable -javaagent:c:\Users\robso\.vscode\extensions\redhat.java-1.42.0-win32-x64\lombok\lombok-1.18.36.jar -XX:+HeapDumpOnOutOfMemoryError -XX:HeapDumpPath=c:\Users\robso\AppData\Roaming\Code\User\workspaceStorage\6ef53d98a3f0df18c1c214d2dd3fa0e6\redhat.java -Daether.dependencyCollector.impl=bf c:\Users\robso\.vscode\extensions\redhat.java-1.42.0-win32-x64\server\plugins\org.eclipse.equinox.launcher_1.7.0.v20250424-1814.jar -configuration c:\Users\robso\AppData\Roaming\Code\User\globalStorage\redhat.java\1.42.0\config_win -data c:\Users\robso\AppData\Roaming\Code\User\workspaceStorage\6ef53d98a3f0df18c1c214d2dd3fa0e6\redhat.java\jdt_ws --pipe=\\.\pipe\lsp-74630c7c6cf9b8719fad17574d89fe17-sock

Host: AMD Ryzen 5 1600 Six-Core Processor            , 12 cores, 15G,  Windows 10 , 64 bit Build 19041 (10.0.19041.5915)
Time: Sun Jun 22 14:37:45 2025 New Zealand Standard Time elapsed time: 9.482030 seconds (0d 0h 0m 9s)

---------------  T H R E A D  ---------------

Current thread (0x000002836a317cf0):  JavaThread "C2 CompilerThread2" daemon [_thread_in_native, id=16264, stack(0x000000ad8ce00000,0x000000ad8cf00000) (1024K)]


Current CompileTask:
C2:9482 10117       4       org.eclipse.jdt.internal.compiler.parser.Parser::consumeRule (7748 bytes)

Stack: [0x000000ad8ce00000,0x000000ad8cf00000]
Native frames: (J=compiled Java code, j=interpreted, Vv=VM code, C=native code)
V  [jvm.dll+0x6ce119]
V  [jvm.dll+0x8a84a1]
V  [jvm.dll+0x8aa9ce]
V  [jvm.dll+0x8ab0b3]
V  [jvm.dll+0x27f8a6]
V  [jvm.dll+0xc507d]
V  [jvm.dll+0xc55b3]
V  [jvm.dll+0x3b692c]
V  [jvm.dll+0x382aa5]
V  [jvm.dll+0x381f0a]
V  [jvm.dll+0x247af0]
V  [jvm.dll+0x2470cf]
V  [jvm.dll+0x1c760e]
V  [jvm.dll+0x25695a]
V  [jvm.dll+0x254efa]
V  [jvm.dll+0x3f03f6]
V  [jvm.dll+0x851f6b]
V  [jvm.dll+0x6cc7dd]
C  [ucrtbase.dll+0x21bb2]
C  [KERNEL32.DLL+0x17374]
C  [ntdll.dll+0x4cc91]


---------------  P R O C E S S  ---------------

Threads class SMR info:
_java_thread_list=0x000002836a7db8a0, length=76, elements={
0x000002834cda1810, 0x0000028361190d60, 0x0000028361191d10, 0x0000028361193c00,
0x00000283611969b0, 0x000002836119dbe0, 0x00000283631a3b20, 0x00000283631ad8e0,
0x00000283631aff90, 0x00000283631a2e00, 0x00000283633b5910, 0x00000283631a41b0,
0x00000283631a4840, 0x00000283631a4ed0, 0x00000283631a3490, 0x00000283631a5560,
0x00000283631a20e0, 0x00000283631a2770, 0x0000028368b03560, 0x0000028368b03bf0,
0x0000028368afed30, 0x0000028368b01490, 0x0000028368b06350, 0x000002836a317cf0,
0x0000028368affa50, 0x0000028368b021b0, 0x0000028368b02ed0, 0x0000028368b04280,
0x0000028368b000e0, 0x0000028368b04910, 0x0000028368aff3c0, 0x0000028368b00770,
0x0000028368b01b20, 0x0000028368b00e00, 0x0000028368b04fa0, 0x0000028368b05630,
0x0000028368b05cc0, 0x000002836b2c4c80, 0x000002836b2c0ae0, 0x000002836b2c45f0,
0x000002836b2c1e90, 0x000002836b2bea10, 0x000002836b2c3f60, 0x000002836b2c3240,
0x000002836b2c38d0, 0x000002836b2c59a0, 0x000002836b2c1170, 0x000002836b2bf730,
0x000002836b2c6030, 0x000002836b2bf0a0, 0x000002836b2bfdc0, 0x000002836b2c1800,
0x000002836b2c0450, 0x000002836b2c2520, 0x000002836aeeefe0, 0x000002836aeef670,
0x000002836aeed5a0, 0x000002836aeedc30, 0x000002836aeeb4d0, 0x000002836aeee2c0,
0x000002836aeee950, 0x000002836aeefd00, 0x000002836aee8d70, 0x000002836aeea120,
0x000002836aef0390, 0x000002836aeea7b0, 0x000002836aeec1f0, 0x000002836aeec880,
0x000002836aeecf10, 0x0000028368b02840, 0x000002836d1a35f0, 0x000002836d1a28d0,
0x000002836d1a5030, 0x000002836d1a3c80, 0x000002836d1a56c0, 0x000002836d1a49a0
}

Java Threads: ( => current thread )
  0x000002834cda1810 JavaThread "main"                              [_thread_blocked, id=5524, stack(0x000000ad8aa00000,0x000000ad8ab00000) (1024K)]
  0x0000028361190d60 JavaThread "Reference Handler"          daemon [_thread_blocked, id=8212, stack(0x000000ad8ae00000,0x000000ad8af00000) (1024K)]
  0x0000028361191d10 JavaThread "Finalizer"                  daemon [_thread_blocked, id=17788, stack(0x000000ad8af00000,0x000000ad8b000000) (1024K)]
  0x0000028361193c00 JavaThread "Signal Dispatcher"          daemon [_thread_blocked, id=280, stack(0x000000ad8b000000,0x000000ad8b100000) (1024K)]
  0x00000283611969b0 JavaThread "Attach Listener"            daemon [_thread_blocked, id=17352, stack(0x000000ad8b100000,0x000000ad8b200000) (1024K)]
  0x000002836119dbe0 JavaThread "Service Thread"             daemon [_thread_blocked, id=22260, stack(0x000000ad8b200000,0x000000ad8b300000) (1024K)]
  0x00000283631a3b20 JavaThread "Monitor Deflation Thread"   daemon [_thread_blocked, id=17200, stack(0x000000ad8b300000,0x000000ad8b400000) (1024K)]
  0x00000283631ad8e0 JavaThread "C2 CompilerThread0"         daemon [_thread_blocked, id=6384, stack(0x000000ad8b400000,0x000000ad8b500000) (1024K)]
  0x00000283631aff90 JavaThread "C1 CompilerThread0"         daemon [_thread_blocked, id=18048, stack(0x000000ad8b500000,0x000000ad8b600000) (1024K)]
  0x00000283631a2e00 JavaThread "Common-Cleaner"             daemon [_thread_blocked, id=7244, stack(0x000000ad8b600000,0x000000ad8b700000) (1024K)]
  0x00000283633b5910 JavaThread "C2 CompilerThread1"         daemon [_thread_in_native, id=656, stack(0x000000ad8b700000,0x000000ad8b800000) (1024K)]
  0x00000283631a41b0 JavaThread "Notification Thread"        daemon [_thread_blocked, id=21988, stack(0x000000ad8b800000,0x000000ad8b900000) (1024K)]
  0x00000283631a4840 JavaThread "Active Thread: Equinox Container: 5094953a-c01e-4b7c-ad35-e9b8d8b7d6a6"        [_thread_blocked, id=15464, stack(0x000000ad8c000000,0x000000ad8c100000) (1024K)]
  0x00000283631a4ed0 JavaThread "Refresh Thread: Equinox Container: 5094953a-c01e-4b7c-ad35-e9b8d8b7d6a6" daemon [_thread_blocked, id=15824, stack(0x000000ad8c100000,0x000000ad8c200000) (1024K)]
  0x00000283631a3490 JavaThread "Framework Event Dispatcher: Equinox Container: 5094953a-c01e-4b7c-ad35-e9b8d8b7d6a6" daemon [_thread_blocked, id=7516, stack(0x000000ad8c300000,0x000000ad8c400000) (1024K)]
  0x00000283631a5560 JavaThread "Start Level: Equinox Container: 5094953a-c01e-4b7c-ad35-e9b8d8b7d6a6" daemon [_thread_blocked, id=17324, stack(0x000000ad8c400000,0x000000ad8c500000) (1024K)]
  0x00000283631a20e0 JavaThread "Bundle File Closer"         daemon [_thread_blocked, id=10584, stack(0x000000ad8c700000,0x000000ad8c800000) (1024K)]
  0x00000283631a2770 JavaThread "SCR Component Actor"        daemon [_thread_blocked, id=11100, stack(0x000000ad8c800000,0x000000ad8c900000) (1024K)]
  0x0000028368b03560 JavaThread "Worker-JM"                         [_thread_blocked, id=12676, stack(0x000000ad8ca00000,0x000000ad8cb00000) (1024K)]
  0x0000028368b03bf0 JavaThread "JNA Cleaner"                daemon [_thread_blocked, id=18128, stack(0x000000ad8cb00000,0x000000ad8cc00000) (1024K)]
  0x0000028368afed30 JavaThread "Worker-0"                          [_thread_blocked, id=21368, stack(0x000000ad8cc00000,0x000000ad8cd00000) (1024K)]
  0x0000028368b01490 JavaThread "Worker-1: Java indexing... "        [_thread_blocked, id=3652, stack(0x000000ad8b900000,0x000000ad8ba00000) (1024K)]
  0x0000028368b06350 JavaThread "Java indexing"              daemon [_thread_blocked, id=3900, stack(0x000000ad8cd00000,0x000000ad8ce00000) (1024K)]
=>0x000002836a317cf0 JavaThread "C2 CompilerThread2"         daemon [_thread_in_native, id=16264, stack(0x000000ad8ce00000,0x000000ad8cf00000) (1024K)]
  0x0000028368affa50 JavaThread "Worker-2"                          [_thread_blocked, id=20724, stack(0x000000ad8cf00000,0x000000ad8d000000) (1024K)]
  0x0000028368b021b0 JavaThread "Worker-3: Building"                [_thread_blocked, id=2768, stack(0x000000ad8d000000,0x000000ad8d100000) (1024K)]
  0x0000028368b02ed0 JavaThread "Thread-2"                   daemon [_thread_in_native, id=21236, stack(0x000000ad8d100000,0x000000ad8d200000) (1024K)]
  0x0000028368b04280 JavaThread "Thread-3"                   daemon [_thread_in_native, id=20508, stack(0x000000ad8d200000,0x000000ad8d300000) (1024K)]
  0x0000028368b000e0 JavaThread "Thread-4"                   daemon [_thread_in_native, id=12228, stack(0x000000ad8d300000,0x000000ad8d400000) (1024K)]
  0x0000028368b04910 JavaThread "Thread-5"                   daemon [_thread_in_native, id=21660, stack(0x000000ad8d400000,0x000000ad8d500000) (1024K)]
  0x0000028368aff3c0 JavaThread "Thread-6"                   daemon [_thread_in_native, id=19372, stack(0x000000ad8d500000,0x000000ad8d600000) (1024K)]
  0x0000028368b00770 JavaThread "Thread-7"                   daemon [_thread_in_native, id=12812, stack(0x000000ad8d600000,0x000000ad8d700000) (1024K)]
  0x0000028368b01b20 JavaThread "Thread-8"                   daemon [_thread_in_native, id=336, stack(0x000000ad8d700000,0x000000ad8d800000) (1024K)]
  0x0000028368b00e00 JavaThread "Thread-9"                   daemon [_thread_in_native, id=16240, stack(0x000000ad8d800000,0x000000ad8d900000) (1024K)]
  0x0000028368b04fa0 JavaThread "Thread-10"                  daemon [_thread_in_native, id=8008, stack(0x000000ad8d900000,0x000000ad8da00000) (1024K)]
  0x0000028368b05630 JavaThread "Thread-11"                  daemon [_thread_in_native, id=6240, stack(0x000000ad8da00000,0x000000ad8db00000) (1024K)]
  0x0000028368b05cc0 JavaThread "Thread-12"                  daemon [_thread_in_native, id=20152, stack(0x000000ad8db00000,0x000000ad8dc00000) (1024K)]
  0x000002836b2c4c80 JavaThread "Thread-13"                  daemon [_thread_in_native, id=836, stack(0x000000ad8dc00000,0x000000ad8dd00000) (1024K)]
  0x000002836b2c0ae0 JavaThread "Thread-14"                  daemon [_thread_in_native, id=9528, stack(0x000000ad8dd00000,0x000000ad8de00000) (1024K)]
  0x000002836b2c45f0 JavaThread "pool-2-thread-1"                   [_thread_blocked, id=15600, stack(0x000000ad8de00000,0x000000ad8df00000) (1024K)]
  0x000002836b2c1e90 JavaThread "WorkspaceEventsHandler"            [_thread_blocked, id=16368, stack(0x000000ad8df00000,0x000000ad8e000000) (1024K)]
  0x000002836b2bea10 JavaThread "pool-1-thread-1"                   [_thread_blocked, id=17060, stack(0x000000ad8e000000,0x000000ad8e100000) (1024K)]
  0x000002836b2c3f60 JavaThread "Worker-4"                          [_thread_blocked, id=15136, stack(0x000000ad8e100000,0x000000ad8e200000) (1024K)]
  0x000002836b2c3240 JavaThread "LocalFile Deleter"          daemon [_thread_blocked, id=11504, stack(0x000000ad8e200000,0x000000ad8e300000) (1024K)]
  0x000002836b2c38d0 JavaThread "LocalFile Deleter"          daemon [_thread_blocked, id=14584, stack(0x000000ad8e300000,0x000000ad8e400000) (1024K)]
  0x000002836b2c59a0 JavaThread "LocalFile Deleter"          daemon [_thread_blocked, id=6568, stack(0x000000ad8e400000,0x000000ad8e500000) (1024K)]
  0x000002836b2c1170 JavaThread "LocalFile Deleter"          daemon [_thread_blocked, id=16036, stack(0x000000ad8e500000,0x000000ad8e600000) (1024K)]
  0x000002836b2bf730 JavaThread "LocalFile Deleter"          daemon [_thread_blocked, id=9904, stack(0x000000ad8e600000,0x000000ad8e700000) (1024K)]
  0x000002836b2c6030 JavaThread "LocalFile Deleter"          daemon [_thread_blocked, id=16308, stack(0x000000ad8e700000,0x000000ad8e800000) (1024K)]
  0x000002836b2bf0a0 JavaThread "LocalFile Deleter"          daemon [_thread_blocked, id=22424, stack(0x000000ad8e800000,0x000000ad8e900000) (1024K)]
  0x000002836b2bfdc0 JavaThread "LocalFile Deleter"          daemon [_thread_blocked, id=7444, stack(0x000000ad8e900000,0x000000ad8ea00000) (1024K)]
  0x000002836b2c1800 JavaThread "LocalFile Deleter"          daemon [_thread_blocked, id=13268, stack(0x000000ad8ea00000,0x000000ad8eb00000) (1024K)]
  0x000002836b2c0450 JavaThread "LocalFile Deleter"          daemon [_thread_blocked, id=7208, stack(0x000000ad8eb00000,0x000000ad8ec00000) (1024K)]
  0x000002836b2c2520 JavaThread "LocalFile Deleter"          daemon [_thread_blocked, id=20408, stack(0x000000ad8ec00000,0x000000ad8ed00000) (1024K)]
  0x000002836aeeefe0 JavaThread "LocalFile Deleter"          daemon [_thread_blocked, id=22376, stack(0x000000ad8ed00000,0x000000ad8ee00000) (1024K)]
  0x000002836aeef670 JavaThread "Compiler Source File Reader" daemon [_thread_blocked, id=13804, stack(0x000000ad8ee00000,0x000000ad8ef00000) (1024K)]
  0x000002836aeed5a0 JavaThread "Compiler Source File Reader" daemon [_thread_blocked, id=19936, stack(0x000000ad8ef00000,0x000000ad8f000000) (1024K)]
  0x000002836aeedc30 JavaThread "Compiler Source File Reader" daemon [_thread_blocked, id=17308, stack(0x000000ad8f000000,0x000000ad8f100000) (1024K)]
  0x000002836aeeb4d0 JavaThread "Compiler Source File Reader" daemon [_thread_blocked, id=21908, stack(0x000000ad8f100000,0x000000ad8f200000) (1024K)]
  0x000002836aeee2c0 JavaThread "Compiler Source File Reader" daemon [_thread_blocked, id=17592, stack(0x000000ad8f200000,0x000000ad8f300000) (1024K)]
  0x000002836aeee950 JavaThread "Compiler Source File Reader" daemon [_thread_blocked, id=21532, stack(0x000000ad8f300000,0x000000ad8f400000) (1024K)]
  0x000002836aeefd00 JavaThread "Compiler Source File Reader" daemon [_thread_blocked, id=15748, stack(0x000000ad8f400000,0x000000ad8f500000) (1024K)]
  0x000002836aee8d70 JavaThread "Compiler Source File Reader" daemon [_thread_blocked, id=17840, stack(0x000000ad8f500000,0x000000ad8f600000) (1024K)]
  0x000002836aeea120 JavaThread "Compiler Source File Reader" daemon [_thread_blocked, id=3696, stack(0x000000ad8f600000,0x000000ad8f700000) (1024K)]
  0x000002836aef0390 JavaThread "Compiler Source File Reader" daemon [_thread_blocked, id=11372, stack(0x000000ad8f700000,0x000000ad8f800000) (1024K)]
  0x000002836aeea7b0 JavaThread "Compiler Processing Task"   daemon [_thread_blocked, id=10352, stack(0x000000ad8c900000,0x000000ad8ca00000) (1024K)]
  0x000002836aeec1f0 JavaThread "Compiler Class File Writer" daemon [_thread_blocked, id=16556, stack(0x000000ad8f800000,0x000000ad8f900000) (1024K)]
  0x000002836aeec880 JavaThread "Compiler Class File Writer" daemon [_thread_blocked, id=19436, stack(0x000000ad8f900000,0x000000ad8fa00000) (1024K)]
  0x000002836aeecf10 JavaThread "Compiler Class File Writer" daemon [_thread_blocked, id=1372, stack(0x000000ad8fa00000,0x000000ad8fb00000) (1024K)]
  0x0000028368b02840 JavaThread "Compiler Class File Writer" daemon [_thread_blocked, id=8688, stack(0x000000ad8fb00000,0x000000ad8fc00000) (1024K)]
  0x000002836d1a35f0 JavaThread "Compiler Class File Writer" daemon [_thread_blocked, id=5856, stack(0x000000ad8fc00000,0x000000ad8fd00000) (1024K)]
  0x000002836d1a28d0 JavaThread "Compiler Class File Writer" daemon [_thread_blocked, id=2776, stack(0x000000ad8fd00000,0x000000ad8fe00000) (1024K)]
  0x000002836d1a5030 JavaThread "Compiler Class File Writer" daemon [_thread_blocked, id=5872, stack(0x000000ad8fe00000,0x000000ad8ff00000) (1024K)]
  0x000002836d1a3c80 JavaThread "Compiler Class File Writer" daemon [_thread_blocked, id=9304, stack(0x000000ad8ff00000,0x000000ad90000000) (1024K)]
  0x000002836d1a56c0 JavaThread "Compiler Class File Writer" daemon [_thread_blocked, id=16144, stack(0x000000ad90000000,0x000000ad90100000) (1024K)]
  0x000002836d1a49a0 JavaThread "Compiler Class File Writer" daemon [_thread_blocked, id=12692, stack(0x000000ad90100000,0x000000ad90200000) (1024K)]
Total: 76

Other Threads:
  0x00000283611830f0 VMThread "VM Thread"                           [id=21640, stack(0x000000ad8ad00000,0x000000ad8ae00000) (1024K)]
  0x000002834ce0ccd0 WatcherThread "VM Periodic Task Thread"        [id=21112, stack(0x000000ad8ac00000,0x000000ad8ad00000) (1024K)]
  0x000002834cdbf3c0 WorkerThread "GC Thread#0"                     [id=17224, stack(0x000000ad8ab00000,0x000000ad8ac00000) (1024K)]
  0x0000028363cc3e00 WorkerThread "GC Thread#1"                     [id=14372, stack(0x000000ad8ba00000,0x000000ad8bb00000) (1024K)]
  0x0000028363cc41a0 WorkerThread "GC Thread#2"                     [id=14456, stack(0x000000ad8bb00000,0x000000ad8bc00000) (1024K)]
  0x0000028363cbd1e0 WorkerThread "GC Thread#3"                     [id=14356, stack(0x000000ad8bc00000,0x000000ad8bd00000) (1024K)]
  0x0000028363cbd580 WorkerThread "GC Thread#4"                     [id=14340, stack(0x000000ad8bd00000,0x000000ad8be00000) (1024K)]
  0x0000028363cbd920 WorkerThread "GC Thread#5"                     [id=14308, stack(0x000000ad8be00000,0x000000ad8bf00000) (1024K)]
  0x0000028363d8d2a0 WorkerThread "GC Thread#6"                     [id=5588, stack(0x000000ad8bf00000,0x000000ad8c000000) (1024K)]
  0x0000028363d8c7c0 WorkerThread "GC Thread#7"                     [id=15096, stack(0x000000ad8c200000,0x000000ad8c300000) (1024K)]
  0x0000028363d8d640 WorkerThread "GC Thread#8"                     [id=6040, stack(0x000000ad8c500000,0x000000ad8c600000) (1024K)]
  0x0000028363d8cb60 WorkerThread "GC Thread#9"                     [id=20888, stack(0x000000ad8c600000,0x000000ad8c700000) (1024K)]
Total: 12

Threads with active compile tasks:
C2 CompilerThread0  9541 10315       4       org.eclipse.jdt.internal.compiler.parser.Scanner::checkTaskTag (937 bytes)
C1 CompilerThread0  9541 10332       3       org.eclipse.jdt.internal.compiler.lookup.PlainPackageBinding::getIncarnation (12 bytes)
C2 CompilerThread1  9541 9063   !   4       org.eclipse.jdt.internal.core.search.indexing.AddJrtToIndex$JrtIndexer::visitFile (133 bytes)
C2 CompilerThread2  9541 10117       4       org.eclipse.jdt.internal.compiler.parser.Parser::consumeRule (7748 bytes)
Total: 4

VM state: at safepoint (normal execution)

VM Mutex/Monitor currently owned by a thread:  ([mutex/lock_event])
[0x00007ffea9f1e308] Threads_lock - owner thread: 0x00000283611830f0
[0x00007ffea9f1e408] Heap_lock - owner thread: 0x000002836aeea7b0

Heap address: 0x00000000c0000000, size: 1024 MB, Compressed Oops mode: 32-bit

CDS archive(s) mapped at: [0x0000028300000000-0x0000028300ba0000-0x0000028300ba0000), size 12189696, SharedBaseAddress: 0x0000028300000000, ArchiveRelocationMode: 1.
Compressed class space mapped at: 0x0000028301000000-0x0000028341000000, reserved size: 1073741824
Narrow klass base: 0x0000028300000000, Narrow klass shift: 0, Narrow klass range: 0x100000000

GC Precious Log:
 CardTable entry size: 512
 CPUs: 12 total, 12 available
 Memory: 16332M
 Large Page Support: Disabled
 NUMA Support: Disabled
 Compressed Oops: Enabled (32-bit)
 Alignments: Space 512K, Generation 512K, Heap 2M
 Heap Min Capacity: 100M
 Heap Initial Capacity: 100M
 Heap Max Capacity: 1G
 Pre-touch: Disabled
 Parallel Workers: 10

Heap:
 PSYoungGen      total 3072K, used 2768K [0x00000000eab00000, 0x00000000eaf00000, 0x0000000100000000)
  eden space 2048K, 100% used [0x00000000eab00000,0x00000000ead00000,0x00000000ead00000)
  from space 1024K, 70% used [0x00000000eae00000,0x00000000eaeb42a0,0x00000000eaf00000)
  to   space 1024K, 64% used [0x00000000ead00000,0x00000000eada5d08,0x00000000eae00000)
 ParOldGen       total 271360K, used 271019K [0x00000000c0000000, 0x00000000d0900000, 0x00000000eab00000)
  object space 271360K, 99% used [0x00000000c0000000,0x00000000d08aac18,0x00000000d0900000)
 Metaspace       used 57614K, committed 58880K, reserved 1114112K
  class space    used 5910K, committed 6464K, reserved 1048576K

Card table byte_map: [0x000002834c750000,0x000002834c960000] _byte_map_base: 0x000002834c150000

Marking Bits: (ParMarkBitMap*) 0x00007ffea9f231f0
 Begin Bits: [0x000002835efa0000, 0x000002835ffa0000)
 End Bits:   [0x000002835ffa0000, 0x0000028360fa0000)

Polling page: 0x000002834ad40000

Metaspace:

Usage:
  Non-class:     50.49 MB used.
      Class:      5.77 MB used.
       Both:     56.26 MB used.

Virtual space:
  Non-class space:       64.00 MB reserved,      51.19 MB ( 80%) committed,  1 nodes.
      Class space:        1.00 GB reserved,       6.31 MB ( <1%) committed,  1 nodes.
             Both:        1.06 GB reserved,      57.50 MB (  5%) committed. 

Chunk freelists:
   Non-Class:  12.44 MB
       Class:  9.56 MB
        Both:  22.00 MB

MaxMetaspaceSize: unlimited
CompressedClassSpaceSize: 1.00 GB
Initial GC threshold: 21.00 MB
Current GC threshold: 58.38 MB
CDS: on
 - commit_granule_bytes: 65536.
 - commit_granule_words: 8192.
 - virtual_space_node_default_size: 8388608.
 - enlarge_chunks_in_place: 1.
 - use_allocation_guard: 0.


Internal statistics:

num_allocs_failed_limit: 6.
num_arena_births: 1022.
num_arena_deaths: 14.
num_vsnodes_births: 2.
num_vsnodes_deaths: 0.
num_space_committed: 920.
num_space_uncommitted: 0.
num_chunks_returned_to_freelist: 20.
num_chunks_taken_from_freelist: 3519.
num_chunk_merges: 12.
num_chunk_splits: 2257.
num_chunks_enlarged: 1448.
num_inconsistent_stats: 0.

CodeHeap 'non-profiled nmethods': size=120000Kb used=6361Kb max_used=6361Kb free=113638Kb
 bounds [0x0000028357a70000, 0x00000283580b0000, 0x000002835efa0000]
CodeHeap 'profiled nmethods': size=120000Kb used=21795Kb max_used=21795Kb free=98204Kb
 bounds [0x000002834ffa0000, 0x00000283514f0000, 0x00000283574d0000]
CodeHeap 'non-nmethods': size=5760Kb used=1419Kb max_used=1519Kb free=4340Kb
 bounds [0x00000283574d0000, 0x0000028357740000, 0x0000028357a70000]
 total_blobs=10404 nmethods=9675 adapters=634
 compilation: enabled
              stopped_count=0, restarted_count=0
 full_count=0

Compilation events (20 events):
Event: 9.472 Thread 0x00000283631aff90 nmethod 10297 0x00000283514ce690 code [0x00000283514ce8e0, 0x00000283514cf188]
Event: 9.472 Thread 0x00000283631aff90 10298       2       org.eclipse.jdt.internal.compiler.lookup.LookupEnvironment::getTypeArgumentsFromSignature (86 bytes)
Event: 9.473 Thread 0x00000283631aff90 nmethod 10298 0x00000283514cf710 code [0x00000283514cf920, 0x00000283514cfea8]
Event: 9.473 Thread 0x00000283631aff90 10299       2       org.eclipse.jdt.internal.compiler.lookup.UnresolvedReferenceBinding::addWrapper (77 bytes)
Event: 9.473 Thread 0x00000283631aff90 nmethod 10299 0x00000283514d0290 code [0x00000283514d0480, 0x00000283514d0980]
Event: 9.473 Thread 0x00000283631aff90 10302       2       org.eclipse.jdt.internal.compiler.codegen.CharArrayCache::rehash (86 bytes)
Event: 9.473 Thread 0x00000283631aff90 nmethod 10302 0x00000283514d0b90 code [0x00000283514d0d60, 0x00000283514d11f8]
Event: 9.473 Thread 0x00000283631aff90 10303       3       org.eclipse.jdt.internal.compiler.codegen.ConstantPool::literalIndex (400 bytes)
Event: 9.475 Thread 0x00000283631aff90 nmethod 10303 0x00000283514d1490 code [0x00000283514d1860, 0x00000283514d3508]
Event: 9.475 Thread 0x00000283631aff90 10304       3       org.eclipse.core.internal.localstore.FileSystemResourceManager::getStoreRoot (229 bytes)
Event: 9.478 Thread 0x00000283631aff90 nmethod 10304 0x00000283514d4190 code [0x00000283514d45a0, 0x00000283514d6650]
Event: 9.479 Thread 0x00000283631aff90 10313       3       java.lang.Class::searchFields (43 bytes)
Event: 9.479 Thread 0x00000283631aff90 nmethod 10313 0x00000283514d6f10 code [0x00000283514d70e0, 0x00000283514d7370]
Event: 9.479 Thread 0x00000283631aff90 10314       3       org.eclipse.jdt.internal.compiler.parser.Scanner::maybeAtLambdaOrCast (135 bytes)
Event: 9.479 Thread 0x00000283631aff90 nmethod 10314 0x00000283514d7510 code [0x00000283514d7700, 0x00000283514d7cd8]
Event: 9.479 Thread 0x00000283631aff90 10311       2       java.lang.invoke.DirectMethodHandle$Holder::getInt (28 bytes)
Event: 9.480 Thread 0x00000283631aff90 nmethod 10311 0x00000283514d7f10 code [0x00000283514d80c0, 0x00000283514d82b0]
Event: 9.480 Thread 0x00000283631aff90 10306       2       org.eclipse.jdt.internal.compiler.lookup.TypeBinding::signature (5 bytes)
Event: 9.480 Thread 0x00000283631aff90 nmethod 10306 0x00000283514d8410 code [0x00000283514d85c0, 0x00000283514d86f0]
Event: 9.480 Thread 0x00000283631aff90 10308  s    2       sun.security.provider.AbstractDrbg::instantiateIfNecessary (60 bytes)

GC Heap History (20 events):
Event: 9.383 GC heap before
{Heap before GC invocations=226 (full 2):
 PSYoungGen      total 3072K, used 2624K [0x00000000eab00000, 0x00000000eaf80000, 0x0000000100000000)
  eden space 2048K, 100% used [0x00000000eab00000,0x00000000ead00000,0x00000000ead00000)
  from space 1024K, 56% used [0x00000000ead00000,0x00000000ead90000,0x00000000eae00000)
  to   space 1024K, 0% used [0x00000000eae80000,0x00000000eae80000,0x00000000eaf80000)
 ParOldGen       total 265728K, used 265362K [0x00000000c0000000, 0x00000000d0380000, 0x00000000eab00000)
  object space 265728K, 99% used [0x00000000c0000000,0x00000000d0324bc0,0x00000000d0380000)
 Metaspace       used 57458K, committed 58752K, reserved 1114112K
  class space    used 5896K, committed 6464K, reserved 1048576K
}
Event: 9.384 GC heap after
{Heap after GC invocations=226 (full 2):
 PSYoungGen      total 3072K, used 608K [0x00000000eab00000, 0x00000000eaf80000, 0x0000000100000000)
  eden space 2048K, 0% used [0x00000000eab00000,0x00000000eab00000,0x00000000ead00000)
  from space 1024K, 59% used [0x00000000eae80000,0x00000000eaf18000,0x00000000eaf80000)
  to   space 1024K, 0% used [0x00000000ead00000,0x00000000ead00000,0x00000000eae00000)
 ParOldGen       total 266240K, used 265814K [0x00000000c0000000, 0x00000000d0400000, 0x00000000eab00000)
  object space 266240K, 99% used [0x00000000c0000000,0x00000000d03958f0,0x00000000d0400000)
 Metaspace       used 57458K, committed 58752K, reserved 1114112K
  class space    used 5896K, committed 6464K, reserved 1048576K
}
Event: 9.397 GC heap before
{Heap before GC invocations=227 (full 2):
 PSYoungGen      total 3072K, used 2620K [0x00000000eab00000, 0x00000000eaf80000, 0x0000000100000000)
  eden space 2048K, 98% used [0x00000000eab00000,0x00000000eacf72c8,0x00000000ead00000)
  from space 1024K, 59% used [0x00000000eae80000,0x00000000eaf18000,0x00000000eaf80000)
  to   space 1024K, 0% used [0x00000000ead00000,0x00000000ead00000,0x00000000eae00000)
 ParOldGen       total 266240K, used 265814K [0x00000000c0000000, 0x00000000d0400000, 0x00000000eab00000)
  object space 266240K, 99% used [0x00000000c0000000,0x00000000d03958f0,0x00000000d0400000)
 Metaspace       used 57490K, committed 58816K, reserved 1114112K
  class space    used 5901K, committed 6464K, reserved 1048576K
}
Event: 9.399 GC heap after
{Heap after GC invocations=227 (full 2):
 PSYoungGen      total 3072K, used 576K [0x00000000eab00000, 0x00000000eaf00000, 0x0000000100000000)
  eden space 2048K, 0% used [0x00000000eab00000,0x00000000eab00000,0x00000000ead00000)
  from space 1024K, 56% used [0x00000000ead00000,0x00000000ead90000,0x00000000eae00000)
  to   space 1024K, 0% used [0x00000000eae00000,0x00000000eae00000,0x00000000eaf00000)
 ParOldGen       total 266752K, used 266272K [0x00000000c0000000, 0x00000000d0480000, 0x00000000eab00000)
  object space 266752K, 99% used [0x00000000c0000000,0x00000000d04081c0,0x00000000d0480000)
 Metaspace       used 57490K, committed 58816K, reserved 1114112K
  class space    used 5901K, committed 6464K, reserved 1048576K
}
Event: 9.405 GC heap before
{Heap before GC invocations=228 (full 2):
 PSYoungGen      total 3072K, used 2624K [0x00000000eab00000, 0x00000000eaf00000, 0x0000000100000000)
  eden space 2048K, 100% used [0x00000000eab00000,0x00000000ead00000,0x00000000ead00000)
  from space 1024K, 56% used [0x00000000ead00000,0x00000000ead90000,0x00000000eae00000)
  to   space 1024K, 0% used [0x00000000eae00000,0x00000000eae00000,0x00000000eaf00000)
 ParOldGen       total 266752K, used 266272K [0x00000000c0000000, 0x00000000d0480000, 0x00000000eab00000)
  object space 266752K, 99% used [0x00000000c0000000,0x00000000d04081c0,0x00000000d0480000)
 Metaspace       used 57499K, committed 58816K, reserved 1114112K
  class space    used 5902K, committed 6464K, reserved 1048576K
}
Event: 9.406 GC heap after
{Heap after GC invocations=228 (full 2):
 PSYoungGen      total 3072K, used 544K [0x00000000eab00000, 0x00000000eaf00000, 0x0000000100000000)
  eden space 2048K, 0% used [0x00000000eab00000,0x00000000eab00000,0x00000000ead00000)
  from space 1024K, 53% used [0x00000000eae00000,0x00000000eae88000,0x00000000eaf00000)
  to   space 1024K, 0% used [0x00000000ead00000,0x00000000ead00000,0x00000000eae00000)
 ParOldGen       total 266752K, used 266679K [0x00000000c0000000, 0x00000000d0480000, 0x00000000eab00000)
  object space 266752K, 99% used [0x00000000c0000000,0x00000000d046df58,0x00000000d0480000)
 Metaspace       used 57499K, committed 58816K, reserved 1114112K
  class space    used 5902K, committed 6464K, reserved 1048576K
}
Event: 9.415 GC heap before
{Heap before GC invocations=229 (full 2):
 PSYoungGen      total 3072K, used 2591K [0x00000000eab00000, 0x00000000eaf00000, 0x0000000100000000)
  eden space 2048K, 99% used [0x00000000eab00000,0x00000000eacffff8,0x00000000ead00000)
  from space 1024K, 53% used [0x00000000eae00000,0x00000000eae88000,0x00000000eaf00000)
  to   space 1024K, 0% used [0x00000000ead00000,0x00000000ead00000,0x00000000eae00000)
 ParOldGen       total 266752K, used 266679K [0x00000000c0000000, 0x00000000d0480000, 0x00000000eab00000)
  object space 266752K, 99% used [0x00000000c0000000,0x00000000d046df58,0x00000000d0480000)
 Metaspace       used 57522K, committed 58816K, reserved 1114112K
  class space    used 5902K, committed 6464K, reserved 1048576K
}
Event: 9.416 GC heap after
{Heap after GC invocations=229 (full 2):
 PSYoungGen      total 3072K, used 625K [0x00000000eab00000, 0x00000000eaf00000, 0x0000000100000000)
  eden space 2048K, 0% used [0x00000000eab00000,0x00000000eab00000,0x00000000ead00000)
  from space 1024K, 61% used [0x00000000ead00000,0x00000000ead9c550,0x00000000eae00000)
  to   space 1024K, 0% used [0x00000000eae00000,0x00000000eae00000,0x00000000eaf00000)
 ParOldGen       total 267264K, used 267088K [0x00000000c0000000, 0x00000000d0500000, 0x00000000eab00000)
  object space 267264K, 99% used [0x00000000c0000000,0x00000000d04d41d0,0x00000000d0500000)
 Metaspace       used 57522K, committed 58816K, reserved 1114112K
  class space    used 5902K, committed 6464K, reserved 1048576K
}
Event: 9.424 GC heap before
{Heap before GC invocations=230 (full 2):
 PSYoungGen      total 3072K, used 2673K [0x00000000eab00000, 0x00000000eaf00000, 0x0000000100000000)
  eden space 2048K, 100% used [0x00000000eab00000,0x00000000ead00000,0x00000000ead00000)
  from space 1024K, 61% used [0x00000000ead00000,0x00000000ead9c550,0x00000000eae00000)
  to   space 1024K, 0% used [0x00000000eae00000,0x00000000eae00000,0x00000000eaf00000)
 ParOldGen       total 267264K, used 267088K [0x00000000c0000000, 0x00000000d0500000, 0x00000000eab00000)
  object space 267264K, 99% used [0x00000000c0000000,0x00000000d04d41d0,0x00000000d0500000)
 Metaspace       used 57543K, committed 58880K, reserved 1114112K
  class space    used 5904K, committed 6464K, reserved 1048576K
}
Event: 9.425 GC heap after
{Heap after GC invocations=230 (full 2):
 PSYoungGen      total 3072K, used 576K [0x00000000eab00000, 0x00000000eaf00000, 0x0000000100000000)
  eden space 2048K, 0% used [0x00000000eab00000,0x00000000eab00000,0x00000000ead00000)
  from space 1024K, 56% used [0x00000000eae00000,0x00000000eae90000,0x00000000eaf00000)
  to   space 1024K, 0% used [0x00000000ead00000,0x00000000ead00000,0x00000000eae00000)
 ParOldGen       total 267776K, used 267566K [0x00000000c0000000, 0x00000000d0580000, 0x00000000eab00000)
  object space 267776K, 99% used [0x00000000c0000000,0x00000000d054baf0,0x00000000d0580000)
 Metaspace       used 57543K, committed 58880K, reserved 1114112K
  class space    used 5904K, committed 6464K, reserved 1048576K
}
Event: 9.438 GC heap before
{Heap before GC invocations=231 (full 2):
 PSYoungGen      total 3072K, used 2624K [0x00000000eab00000, 0x00000000eaf00000, 0x0000000100000000)
  eden space 2048K, 100% used [0x00000000eab00000,0x00000000ead00000,0x00000000ead00000)
  from space 1024K, 56% used [0x00000000eae00000,0x00000000eae90000,0x00000000eaf00000)
  to   space 1024K, 0% used [0x00000000ead00000,0x00000000ead00000,0x00000000eae00000)
 ParOldGen       total 267776K, used 267566K [0x00000000c0000000, 0x00000000d0580000, 0x00000000eab00000)
  object space 267776K, 99% used [0x00000000c0000000,0x00000000d054baf0,0x00000000d0580000)
 Metaspace       used 57567K, committed 58880K, reserved 1114112K
  class space    used 5908K, committed 6464K, reserved 1048576K
}
Event: 9.440 GC heap after
{Heap after GC invocations=231 (full 2):
 PSYoungGen      total 3072K, used 572K [0x00000000eab00000, 0x00000000eaf00000, 0x0000000100000000)
  eden space 2048K, 0% used [0x00000000eab00000,0x00000000eab00000,0x00000000ead00000)
  from space 1024K, 55% used [0x00000000ead00000,0x00000000ead8f128,0x00000000eae00000)
  to   space 1024K, 0% used [0x00000000eae00000,0x00000000eae00000,0x00000000eaf00000)
 ParOldGen       total 268288K, used 268027K [0x00000000c0000000, 0x00000000d0600000, 0x00000000eab00000)
  object space 268288K, 99% used [0x00000000c0000000,0x00000000d05bef20,0x00000000d0600000)
 Metaspace       used 57567K, committed 58880K, reserved 1114112K
  class space    used 5908K, committed 6464K, reserved 1048576K
}
Event: 9.447 GC heap before
{Heap before GC invocations=232 (full 2):
 PSYoungGen      total 3072K, used 2620K [0x00000000eab00000, 0x00000000eaf00000, 0x0000000100000000)
  eden space 2048K, 99% used [0x00000000eab00000,0x00000000eacfff00,0x00000000ead00000)
  from space 1024K, 55% used [0x00000000ead00000,0x00000000ead8f128,0x00000000eae00000)
  to   space 1024K, 0% used [0x00000000eae00000,0x00000000eae00000,0x00000000eaf00000)
 ParOldGen       total 268288K, used 268027K [0x00000000c0000000, 0x00000000d0600000, 0x00000000eab00000)
  object space 268288K, 99% used [0x00000000c0000000,0x00000000d05bef20,0x00000000d0600000)
 Metaspace       used 57580K, committed 58880K, reserved 1114112K
  class space    used 5910K, committed 6464K, reserved 1048576K
}
Event: 9.448 GC heap after
{Heap after GC invocations=232 (full 2):
 PSYoungGen      total 3072K, used 626K [0x00000000eab00000, 0x00000000eaf00000, 0x0000000100000000)
  eden space 2048K, 0% used [0x00000000eab00000,0x00000000eab00000,0x00000000ead00000)
  from space 1024K, 61% used [0x00000000eae00000,0x00000000eae9ca70,0x00000000eaf00000)
  to   space 1024K, 0% used [0x00000000ead00000,0x00000000ead00000,0x00000000eae00000)
 ParOldGen       total 268800K, used 268469K [0x00000000c0000000, 0x00000000d0680000, 0x00000000eab00000)
  object space 268800K, 99% used [0x00000000c0000000,0x00000000d062d4c8,0x00000000d0680000)
 Metaspace       used 57580K, committed 58880K, reserved 1114112K
  class space    used 5910K, committed 6464K, reserved 1048576K
}
Event: 9.459 GC heap before
{Heap before GC invocations=233 (full 2):
 PSYoungGen      total 3072K, used 2674K [0x00000000eab00000, 0x00000000eaf00000, 0x0000000100000000)
  eden space 2048K, 100% used [0x00000000eab00000,0x00000000ead00000,0x00000000ead00000)
  from space 1024K, 61% used [0x00000000eae00000,0x00000000eae9ca70,0x00000000eaf00000)
  to   space 1024K, 0% used [0x00000000ead00000,0x00000000ead00000,0x00000000eae00000)
 ParOldGen       total 268800K, used 268469K [0x00000000c0000000, 0x00000000d0680000, 0x00000000eab00000)
  object space 268800K, 99% used [0x00000000c0000000,0x00000000d062d4c8,0x00000000d0680000)
 Metaspace       used 57594K, committed 58880K, reserved 1114112K
  class space    used 5910K, committed 6464K, reserved 1048576K
}
Event: 9.460 GC heap after
{Heap after GC invocations=233 (full 2):
 PSYoungGen      total 3072K, used 544K [0x00000000eab00000, 0x00000000eaf00000, 0x0000000100000000)
  eden space 2048K, 0% used [0x00000000eab00000,0x00000000eab00000,0x00000000ead00000)
  from space 1024K, 53% used [0x00000000ead00000,0x00000000ead88000,0x00000000eae00000)
  to   space 1024K, 0% used [0x00000000eae00000,0x00000000eae00000,0x00000000eaf00000)
 ParOldGen       total 269312K, used 268940K [0x00000000c0000000, 0x00000000d0700000, 0x00000000eab00000)
  object space 269312K, 99% used [0x00000000c0000000,0x00000000d06a3230,0x00000000d0700000)
 Metaspace       used 57594K, committed 58880K, reserved 1114112K
  class space    used 5910K, committed 6464K, reserved 1048576K
}
Event: 9.467 GC heap before
{Heap before GC invocations=234 (full 2):
 PSYoungGen      total 3072K, used 2591K [0x00000000eab00000, 0x00000000eaf00000, 0x0000000100000000)
  eden space 2048K, 99% used [0x00000000eab00000,0x00000000eacffff8,0x00000000ead00000)
  from space 1024K, 53% used [0x00000000ead00000,0x00000000ead88000,0x00000000eae00000)
  to   space 1024K, 0% used [0x00000000eae00000,0x00000000eae00000,0x00000000eaf00000)
 ParOldGen       total 269312K, used 268940K [0x00000000c0000000, 0x00000000d0700000, 0x00000000eab00000)
  object space 269312K, 99% used [0x00000000c0000000,0x00000000d06a3230,0x00000000d0700000)
 Metaspace       used 57605K, committed 58880K, reserved 1114112K
  class space    used 5910K, committed 6464K, reserved 1048576K
}
Event: 9.470 GC heap after
{Heap after GC invocations=234 (full 2):
 PSYoungGen      total 3072K, used 797K [0x00000000eab00000, 0x00000000eaf00000, 0x0000000100000000)
  eden space 2048K, 0% used [0x00000000eab00000,0x00000000eab00000,0x00000000ead00000)
  from space 1024K, 77% used [0x00000000eae00000,0x00000000eaec7708,0x00000000eaf00000)
  to   space 1024K, 0% used [0x00000000ead00000,0x00000000ead00000,0x00000000eae00000)
 ParOldGen       total 269824K, used 269422K [0x00000000c0000000, 0x00000000d0780000, 0x00000000eab00000)
  object space 269824K, 99% used [0x00000000c0000000,0x00000000d071ba60,0x00000000d0780000)
 Metaspace       used 57605K, committed 58880K, reserved 1114112K
  class space    used 5910K, committed 6464K, reserved 1048576K
}
Event: 9.477 GC heap before
{Heap before GC invocations=235 (full 2):
 PSYoungGen      total 3072K, used 2845K [0x00000000eab00000, 0x00000000eaf00000, 0x0000000100000000)
  eden space 2048K, 100% used [0x00000000eab00000,0x00000000ead00000,0x00000000ead00000)
  from space 1024K, 77% used [0x00000000eae00000,0x00000000eaec7708,0x00000000eaf00000)
  to   space 1024K, 0% used [0x00000000ead00000,0x00000000ead00000,0x00000000eae00000)
 ParOldGen       total 269824K, used 269422K [0x00000000c0000000, 0x00000000d0780000, 0x00000000eab00000)
  object space 269824K, 99% used [0x00000000c0000000,0x00000000d071ba60,0x00000000d0780000)
 Metaspace       used 57608K, committed 58880K, reserved 1114112K
  class space    used 5910K, committed 6464K, reserved 1048576K
}
Event: 9.478 GC heap after
{Heap after GC invocations=235 (full 2):
 PSYoungGen      total 3072K, used 669K [0x00000000eab00000, 0x00000000eaf00000, 0x0000000100000000)
  eden space 2048K, 0% used [0x00000000eab00000,0x00000000eab00000,0x00000000ead00000)
  from space 1024K, 65% used [0x00000000ead00000,0x00000000eada74d8,0x00000000eae00000)
  to   space 1024K, 0% used [0x00000000eae00000,0x00000000eae00000,0x00000000eaf00000)
 ParOldGen       total 270336K, used 270001K [0x00000000c0000000, 0x00000000d0800000, 0x00000000eab00000)
  object space 270336K, 99% used [0x00000000c0000000,0x00000000d07ac5f0,0x00000000d0800000)
 Metaspace       used 57608K, committed 58880K, reserved 1114112K
  class space    used 5910K, committed 6464K, reserved 1048576K
}

Dll operation events (10 events):
Event: 0.008 Loaded shared library c:\Users\robso\.vscode\extensions\redhat.java-1.42.0-win32-x64\jre\21.0.7-win32-x86_64\bin\java.dll
Event: 0.073 Loaded shared library c:\Users\robso\.vscode\extensions\redhat.java-1.42.0-win32-x64\jre\21.0.7-win32-x86_64\bin\zip.dll
Event: 0.097 Loaded shared library C:\Users\robso\.vscode\extensions\redhat.java-1.42.0-win32-x64\jre\21.0.7-win32-x86_64\bin\instrument.dll
Event: 0.109 Loaded shared library C:\Users\robso\.vscode\extensions\redhat.java-1.42.0-win32-x64\jre\21.0.7-win32-x86_64\bin\net.dll
Event: 0.113 Loaded shared library C:\Users\robso\.vscode\extensions\redhat.java-1.42.0-win32-x64\jre\21.0.7-win32-x86_64\bin\nio.dll
Event: 0.118 Loaded shared library C:\Users\robso\.vscode\extensions\redhat.java-1.42.0-win32-x64\jre\21.0.7-win32-x86_64\bin\zip.dll
Event: 0.136 Loaded shared library C:\Users\robso\.vscode\extensions\redhat.java-1.42.0-win32-x64\jre\21.0.7-win32-x86_64\bin\jimage.dll
Event: 0.218 Loaded shared library c:\Users\robso\.vscode\extensions\redhat.java-1.42.0-win32-x64\jre\21.0.7-win32-x86_64\bin\verify.dll
Event: 1.052 Loaded shared library C:\Users\robso\AppData\Roaming\Code\User\globalStorage\redhat.java\1.42.0\config_win\org.eclipse.equinox.launcher\org.eclipse.equinox.launcher.win32.win32.x86_64_1.2.1300.v20250331-1702\eclipse_11911.dll
Event: 2.111 Loaded shared library C:\Users\robso\AppData\Local\Temp\jna-108686049\jna16021659218168940481.dll

Deoptimization events (20 events):
Event: 9.396 Thread 0x000002836aeea7b0 Uncommon trap: trap_request=0xffffffc6 fr.pc=0x000002835805ce80 relative=0x0000000000000840
Event: 9.396 Thread 0x000002836aeea7b0 Uncommon trap: reason=bimorphic_or_optimized_type_check action=maybe_recompile pc=0x000002835805ce80 method=lombok.eclipse.EclipseNode.traverse(Llombok/eclipse/EclipseASTVisitor;)V @ 360 c2
Event: 9.396 Thread 0x000002836aeea7b0 DEOPT PACKING pc=0x000002835805ce80 sp=0x000000ad8c9fe3b0
Event: 9.396 Thread 0x000002836aeea7b0 DEOPT UNPACKING pc=0x0000028357523aa2 sp=0x000000ad8c9fe348 mode 2
Event: 9.420 Thread 0x000002836aeea7b0 Uncommon trap: trap_request=0xffffffc6 fr.pc=0x000002835805ce80 relative=0x0000000000000840
Event: 9.420 Thread 0x000002836aeea7b0 Uncommon trap: reason=bimorphic_or_optimized_type_check action=maybe_recompile pc=0x000002835805ce80 method=lombok.eclipse.EclipseNode.traverse(Llombok/eclipse/EclipseASTVisitor;)V @ 360 c2
Event: 9.420 Thread 0x000002836aeea7b0 DEOPT PACKING pc=0x000002835805ce80 sp=0x000000ad8c9fe440
Event: 9.420 Thread 0x000002836aeea7b0 DEOPT UNPACKING pc=0x0000028357523aa2 sp=0x000000ad8c9fe3d8 mode 2
Event: 9.420 Thread 0x000002836aeea7b0 Uncommon trap: trap_request=0xffffffc6 fr.pc=0x000002835805ce80 relative=0x0000000000000840
Event: 9.420 Thread 0x000002836aeea7b0 Uncommon trap: reason=bimorphic_or_optimized_type_check action=maybe_recompile pc=0x000002835805ce80 method=lombok.eclipse.EclipseNode.traverse(Llombok/eclipse/EclipseASTVisitor;)V @ 360 c2
Event: 9.420 Thread 0x000002836aeea7b0 DEOPT PACKING pc=0x000002835805ce80 sp=0x000000ad8c9fe4d0
Event: 9.420 Thread 0x000002836aeea7b0 DEOPT UNPACKING pc=0x0000028357523aa2 sp=0x000000ad8c9fe468 mode 2
Event: 9.420 Thread 0x000002836aeea7b0 Uncommon trap: trap_request=0xffffffc6 fr.pc=0x000002835805ce80 relative=0x0000000000000840
Event: 9.420 Thread 0x000002836aeea7b0 Uncommon trap: reason=bimorphic_or_optimized_type_check action=maybe_recompile pc=0x000002835805ce80 method=lombok.eclipse.EclipseNode.traverse(Llombok/eclipse/EclipseASTVisitor;)V @ 360 c2
Event: 9.420 Thread 0x000002836aeea7b0 DEOPT PACKING pc=0x000002835805ce80 sp=0x000000ad8c9fe4d0
Event: 9.420 Thread 0x000002836aeea7b0 DEOPT UNPACKING pc=0x0000028357523aa2 sp=0x000000ad8c9fe468 mode 2
Event: 9.476 Thread 0x000002836aeea7b0 DEOPT PACKING pc=0x0000028351356a99 sp=0x000000ad8c9fe9c0
Event: 9.476 Thread 0x000002836aeea7b0 DEOPT UNPACKING pc=0x0000028357524242 sp=0x000000ad8c9fde58 mode 0
Event: 9.478 Thread 0x000002836aeea7b0 DEOPT PACKING pc=0x0000028351123679 sp=0x000000ad8c9fe820
Event: 9.478 Thread 0x000002836aeea7b0 DEOPT UNPACKING pc=0x0000028357524242 sp=0x000000ad8c9fdcf0 mode 0

Classes loaded (20 events):
Event: 8.569 Loading class java/util/stream/Node$Builder$OfInt done
Event: 8.569 Loading class java/util/stream/Nodes$IntArrayNode
Event: 8.569 Loading class java/util/stream/Nodes$IntArrayNode done
Event: 8.569 Loading class java/util/stream/Nodes$IntFixedNodeBuilder done
Event: 8.569 Loading class java/util/stream/ReferencePipeline$4$1
Event: 8.569 Loading class java/util/stream/ReferencePipeline$4$1 done
Event: 8.866 Loading class java/util/stream/ReduceOps$4
Event: 8.866 Loading class java/util/stream/ReduceOps$4 done
Event: 8.866 Loading class java/util/stream/ReduceOps$4ReducingSink
Event: 8.866 Loading class java/util/stream/ReduceOps$4ReducingSink done
Event: 8.868 Loading class java/nio/file/Files$2
Event: 8.868 Loading class java/nio/file/Files$2 done
Event: 9.067 Loading class java/util/concurrent/ArrayBlockingQueue
Event: 9.068 Loading class java/util/concurrent/ArrayBlockingQueue done
Event: 9.128 Loading class java/util/Hashtable$ValueCollection
Event: 9.128 Loading class java/util/Hashtable$ValueCollection done
Event: 9.138 Loading class java/util/concurrent/ConcurrentHashMap$KeySpliterator
Event: 9.138 Loading class java/util/concurrent/ConcurrentHashMap$KeySpliterator done
Event: 9.143 Loading class sun/nio/ch/ChannelOutputStream
Event: 9.143 Loading class sun/nio/ch/ChannelOutputStream done

Classes unloaded (7 events):
Event: 2.725 Thread 0x00000283611830f0 Unloading class 0x000002830119cc00 'java/lang/invoke/LambdaForm$MH+0x000002830119cc00'
Event: 2.725 Thread 0x00000283611830f0 Unloading class 0x000002830119c800 'java/lang/invoke/LambdaForm$MH+0x000002830119c800'
Event: 2.725 Thread 0x00000283611830f0 Unloading class 0x000002830119c400 'java/lang/invoke/LambdaForm$MH+0x000002830119c400'
Event: 2.725 Thread 0x00000283611830f0 Unloading class 0x000002830119c000 'java/lang/invoke/LambdaForm$MH+0x000002830119c000'
Event: 2.725 Thread 0x00000283611830f0 Unloading class 0x000002830119bc00 'java/lang/invoke/LambdaForm$BMH+0x000002830119bc00'
Event: 2.725 Thread 0x00000283611830f0 Unloading class 0x000002830119b800 'java/lang/invoke/LambdaForm$DMH+0x000002830119b800'
Event: 2.725 Thread 0x00000283611830f0 Unloading class 0x000002830119a400 'java/lang/invoke/LambdaForm$DMH+0x000002830119a400'

Classes redefined (0 events):
No events

Internal exceptions (20 events):
Event: 6.882 Thread 0x0000028368b021b0 Exception <a 'sun/nio/fs/WindowsException'{0x00000000eaf79a68}> (0x00000000eaf79a68) 
thrown [s\src\hotspot\share\prims\jni.cpp, line 520]
Event: 6.885 Thread 0x000002836b2c3240 Exception <a 'sun/nio/fs/WindowsException'{0x00000000eb05f760}> (0x00000000eb05f760) 
thrown [s\src\hotspot\share\prims\jni.cpp, line 520]
Event: 6.885 Thread 0x000002836b2c38d0 Exception <a 'sun/nio/fs/WindowsException'{0x00000000eb084868}> (0x00000000eb084868) 
thrown [s\src\hotspot\share\prims\jni.cpp, line 520]
Event: 6.886 Thread 0x000002836b2c59a0 Exception <a 'sun/nio/fs/WindowsException'{0x00000000eb08ce90}> (0x00000000eb08ce90) 
thrown [s\src\hotspot\share\prims\jni.cpp, line 520]
Event: 6.886 Thread 0x000002836b2c1170 Exception <a 'sun/nio/fs/WindowsException'{0x00000000eb0b1a40}> (0x00000000eb0b1a40) 
thrown [s\src\hotspot\share\prims\jni.cpp, line 520]
Event: 6.886 Thread 0x000002836b2c6030 Exception <a 'sun/nio/fs/WindowsException'{0x00000000eb0e9ae8}> (0x00000000eb0e9ae8) 
thrown [s\src\hotspot\share\prims\jni.cpp, line 520]
Event: 6.886 Thread 0x000002836b2bf0a0 Exception <a 'sun/nio/fs/WindowsException'{0x00000000eb0f23a8}> (0x00000000eb0f23a8) 
thrown [s\src\hotspot\share\prims\jni.cpp, line 520]
Event: 6.887 Thread 0x000002836b2bf730 Exception <a 'sun/nio/fs/WindowsException'{0x00000000eb0faa00}> (0x00000000eb0faa00) 
thrown [s\src\hotspot\share\prims\jni.cpp, line 520]
Event: 6.887 Thread 0x000002836b2c38d0 Exception <a 'sun/nio/fs/WindowsException'{0x00000000eb086e90}> (0x00000000eb086e90) 
thrown [s\src\hotspot\share\prims\jni.cpp, line 520]
Event: 6.888 Thread 0x000002836b2c1800 Exception <a 'sun/nio/fs/WindowsException'{0x00000000eb1306f8}> (0x00000000eb1306f8) 
thrown [s\src\hotspot\share\prims\jni.cpp, line 520]
Event: 6.888 Thread 0x000002836b2c6030 Exception <a 'sun/nio/fs/WindowsException'{0x00000000eb0ebcb0}> (0x00000000eb0ebcb0) 
thrown [s\src\hotspot\share\prims\jni.cpp, line 520]
Event: 6.888 Thread 0x000002836b2c2520 Exception <a 'sun/nio/fs/WindowsException'{0x00000000eb140dd8}> (0x00000000eb140dd8) 
thrown [s\src\hotspot\share\prims\jni.cpp, line 520]
Event: 7.172 Thread 0x0000028368b021b0 Exception <a 'sun/nio/fs/WindowsException'{0x00000000eae92cd8}> (0x00000000eae92cd8) 
thrown [s\src\hotspot\share\prims\jni.cpp, line 520]
Event: 7.172 Thread 0x000002836b2c38d0 Exception <a 'sun/nio/fs/WindowsException'{0x00000000eaeb7c98}> (0x00000000eaeb7c98) 
thrown [s\src\hotspot\share\prims\jni.cpp, line 520]
Event: 7.173 Thread 0x000002836b2bf730 Exception <a 'sun/nio/fs/WindowsException'{0x00000000eaee24f8}> (0x00000000eaee24f8) 
thrown [s\src\hotspot\share\prims\jni.cpp, line 520]
Event: 7.960 Thread 0x0000028368b021b0 Implicit null exception at 0x0000028357f78d6d to 0x0000028357f78e78
Event: 8.872 Thread 0x0000028368b021b0 Exception <a 'java/lang/NoSuchMethodError'{0x00000000eab6c978}: 'int java.lang.invoke.DirectMethodHandle$Holder.invokeSpecialIFC(java.lang.Object, java.lang.Object, java.lang.Object)'> (0x00000000eab6c978) 
thrown [s\src\hotspot\share\interpreter\linkResolver.cpp, line 773]
Event: 9.139 Thread 0x0000028368b021b0 Exception <a 'java/lang/NoSuchMethodError'{0x00000000ead49958}: 'java.lang.Object java.lang.invoke.DirectMethodHandle$Holder.newInvokeSpecial(java.lang.Object, java.lang.Object, int, int, java.lang.Object)'> (0x00000000ead49958) 
thrown [s\src\hotspot\share\interpreter\linkResolver.cpp, line 773]
Event: 9.153 Thread 0x000002836aeea7b0 Exception <a 'java/lang/NoSuchMethodError'{0x00000000eab67f60}: 'void java.lang.invoke.DirectMethodHandle$Holder.invokeVirtual(java.lang.Object, java.lang.Object, java.lang.Object, java.lang.Object, java.lang.Object)'> (0x00000000eab67f60) 
thrown [s\src\hotspot\share\interpreter\linkResolver.cpp, line 773]
Event: 9.389 Thread 0x000002836aeea7b0 Implicit null exception at 0x000002835808d863 to 0x000002835808de7c

ZGC Phase Switch (0 events):
No events

VM Operations (20 events):
Event: 9.383 Executing VM operation: ParallelGCFailedAllocation (Allocation Failure)
Event: 9.384 Executing VM operation: ParallelGCFailedAllocation (Allocation Failure) done
Event: 9.397 Executing VM operation: ParallelGCFailedAllocation (Allocation Failure)
Event: 9.399 Executing VM operation: ParallelGCFailedAllocation (Allocation Failure) done
Event: 9.405 Executing VM operation: ParallelGCFailedAllocation (Allocation Failure)
Event: 9.406 Executing VM operation: ParallelGCFailedAllocation (Allocation Failure) done
Event: 9.414 Executing VM operation: ParallelGCFailedAllocation (Allocation Failure)
Event: 9.416 Executing VM operation: ParallelGCFailedAllocation (Allocation Failure) done
Event: 9.423 Executing VM operation: ParallelGCFailedAllocation (Allocation Failure)
Event: 9.425 Executing VM operation: ParallelGCFailedAllocation (Allocation Failure) done
Event: 9.438 Executing VM operation: ParallelGCFailedAllocation (Allocation Failure)
Event: 9.440 Executing VM operation: ParallelGCFailedAllocation (Allocation Failure) done
Event: 9.447 Executing VM operation: ParallelGCFailedAllocation (Allocation Failure)
Event: 9.449 Executing VM operation: ParallelGCFailedAllocation (Allocation Failure) done
Event: 9.459 Executing VM operation: ParallelGCFailedAllocation (Allocation Failure)
Event: 9.460 Executing VM operation: ParallelGCFailedAllocation (Allocation Failure) done
Event: 9.467 Executing VM operation: ParallelGCFailedAllocation (Allocation Failure)
Event: 9.470 Executing VM operation: ParallelGCFailedAllocation (Allocation Failure) done
Event: 9.477 Executing VM operation: ParallelGCFailedAllocation (Allocation Failure)
Event: 9.478 Executing VM operation: ParallelGCFailedAllocation (Allocation Failure) done

Memory protections (0 events):
No events

Nmethod flushes (20 events):
Event: 3.624 Thread 0x00000283611830f0 flushing  nmethod 0x000002835065cd90
Event: 3.624 Thread 0x00000283611830f0 flushing  nmethod 0x000002835065d690
Event: 3.624 Thread 0x00000283611830f0 flushing  nmethod 0x000002835065e890
Event: 3.624 Thread 0x00000283611830f0 flushing  nmethod 0x000002835065f090
Event: 3.624 Thread 0x00000283611830f0 flushing  nmethod 0x000002835065f810
Event: 3.624 Thread 0x00000283611830f0 flushing  nmethod 0x0000028350660d90
Event: 3.624 Thread 0x00000283611830f0 flushing  nmethod 0x0000028350661290
Event: 3.624 Thread 0x00000283611830f0 flushing  nmethod 0x0000028350661a90
Event: 3.624 Thread 0x00000283611830f0 flushing  nmethod 0x0000028350662f90
Event: 3.624 Thread 0x00000283611830f0 flushing  nmethod 0x0000028350663410
Event: 3.624 Thread 0x00000283611830f0 flushing  nmethod 0x0000028350664510
Event: 3.624 Thread 0x00000283611830f0 flushing  nmethod 0x0000028350666410
Event: 3.624 Thread 0x00000283611830f0 flushing  nmethod 0x0000028350681110
Event: 3.624 Thread 0x00000283611830f0 flushing  nmethod 0x0000028350696e90
Event: 3.624 Thread 0x00000283611830f0 flushing  nmethod 0x0000028350698390
Event: 3.624 Thread 0x00000283611830f0 flushing  nmethod 0x00000283506adb90
Event: 3.624 Thread 0x00000283611830f0 flushing  nmethod 0x00000283506de210
Event: 3.624 Thread 0x00000283611830f0 flushing  nmethod 0x000002835073a590
Event: 3.624 Thread 0x00000283611830f0 flushing  nmethod 0x000002835073af10
Event: 3.624 Thread 0x00000283611830f0 flushing  nmethod 0x0000028350755a90

Events (20 events):
Event: 7.233 Thread 0x0000028368b021b0 Thread added: 0x000002836aeedc30
Event: 7.233 Thread 0x0000028368b021b0 Thread added: 0x000002836aeeb4d0
Event: 7.233 Thread 0x0000028368b021b0 Thread added: 0x000002836aeee2c0
Event: 7.233 Thread 0x0000028368b021b0 Thread added: 0x000002836aeee950
Event: 7.234 Thread 0x000002836aeedc30 Thread added: 0x000002836aeefd00
Event: 7.234 Thread 0x000002836aeef670 Thread added: 0x000002836aee8d70
Event: 7.234 Thread 0x0000028368b021b0 Thread added: 0x000002836aeea120
Event: 7.234 Thread 0x0000028368b021b0 Thread added: 0x000002836aef0390
Event: 7.737 Thread 0x0000028368b02840 Thread exited: 0x0000028368b02840
Event: 9.069 Thread 0x0000028368b021b0 Thread added: 0x000002836aeea7b0
Event: 9.140 Thread 0x0000028368b021b0 Thread added: 0x000002836aeec1f0
Event: 9.167 Thread 0x0000028368b021b0 Thread added: 0x000002836aeec880
Event: 9.172 Thread 0x0000028368b021b0 Thread added: 0x000002836aeecf10
Event: 9.192 Thread 0x0000028368b021b0 Thread added: 0x0000028368b02840
Event: 9.195 Thread 0x0000028368b021b0 Thread added: 0x000002836d1a35f0
Event: 9.203 Thread 0x0000028368b021b0 Thread added: 0x000002836d1a28d0
Event: 9.203 Thread 0x0000028368b021b0 Thread added: 0x000002836d1a5030
Event: 9.203 Thread 0x0000028368b021b0 Thread added: 0x000002836d1a3c80
Event: 9.206 Thread 0x0000028368b021b0 Thread added: 0x000002836d1a56c0
Event: 9.213 Thread 0x0000028368b021b0 Thread added: 0x000002836d1a49a0


Dynamic libraries:
0x00007ff7d9250000 - 0x00007ff7d925e000 	c:\Users\robso\.vscode\extensions\redhat.java-1.42.0-win32-x64\jre\21.0.7-win32-x86_64\bin\java.exe
0x00007fff0ed90000 - 0x00007fff0ef88000 	C:\WINDOWS\SYSTEM32\ntdll.dll
0x00007fff0d7d0000 - 0x00007fff0d892000 	C:\WINDOWS\System32\KERNEL32.DLL
0x00007fff0c420000 - 0x00007fff0c716000 	C:\WINDOWS\System32\KERNELBASE.dll
0x00007fff0cc30000 - 0x00007fff0cd30000 	C:\WINDOWS\System32\ucrtbase.dll
0x00007ffeaa0b0000 - 0x00007ffeaa0c8000 	c:\Users\robso\.vscode\extensions\redhat.java-1.42.0-win32-x64\jre\21.0.7-win32-x86_64\bin\jli.dll
0x00007ffeaa090000 - 0x00007ffeaa0ae000 	c:\Users\robso\.vscode\extensions\redhat.java-1.42.0-win32-x64\jre\21.0.7-win32-x86_64\bin\VCRUNTIME140.dll
0x00007fff0e670000 - 0x00007fff0e80d000 	C:\WINDOWS\System32\USER32.dll
0x00007fff0cd80000 - 0x00007fff0cda2000 	C:\WINDOWS\System32\win32u.dll
0x00007ffefa230000 - 0x00007ffefa4ca000 	C:\WINDOWS\WinSxS\amd64_microsoft.windows.common-controls_6595b64144ccf1df_6.0.19041.5915_none_60b4b9d171f9c7c7\COMCTL32.dll
0x00007fff0e260000 - 0x00007fff0e28b000 	C:\WINDOWS\System32\GDI32.dll
0x00007fff0c8d0000 - 0x00007fff0c9e9000 	C:\WINDOWS\System32\gdi32full.dll
0x00007fff0c720000 - 0x00007fff0c7bd000 	C:\WINDOWS\System32\msvcp_win.dll
0x00007fff0e040000 - 0x00007fff0e0de000 	C:\WINDOWS\System32\msvcrt.dll
0x00007fff0e890000 - 0x00007fff0e8bf000 	C:\WINDOWS\System32\IMM32.DLL
0x00007ffeb7690000 - 0x00007ffeb769c000 	c:\Users\robso\.vscode\extensions\redhat.java-1.42.0-win32-x64\jre\21.0.7-win32-x86_64\bin\vcruntime140_1.dll
0x00007ffeaa000000 - 0x00007ffeaa08d000 	c:\Users\robso\.vscode\extensions\redhat.java-1.42.0-win32-x64\jre\21.0.7-win32-x86_64\bin\msvcp140.dll
0x00007ffea9270000 - 0x00007ffeaa000000 	c:\Users\robso\.vscode\extensions\redhat.java-1.42.0-win32-x64\jre\21.0.7-win32-x86_64\bin\server\jvm.dll
0x00007fff0d5b0000 - 0x00007fff0d661000 	C:\WINDOWS\System32\ADVAPI32.dll
0x00007fff0dfa0000 - 0x00007fff0e03f000 	C:\WINDOWS\System32\sechost.dll
0x00007fff0ec20000 - 0x00007fff0ed43000 	C:\WINDOWS\System32\RPCRT4.dll
0x00007fff0c9f0000 - 0x00007fff0ca17000 	C:\WINDOWS\System32\bcrypt.dll
0x00007fff0d760000 - 0x00007fff0d7cb000 	C:\WINDOWS\System32\WS2_32.dll
0x00007fff0b960000 - 0x00007fff0b9ab000 	C:\WINDOWS\SYSTEM32\POWRPROF.dll
0x00007fff06260000 - 0x00007fff0626a000 	C:\WINDOWS\SYSTEM32\VERSION.dll
0x00007fff01ee0000 - 0x00007fff01f07000 	C:\WINDOWS\SYSTEM32\WINMM.dll
0x00007fff0b820000 - 0x00007fff0b832000 	C:\WINDOWS\SYSTEM32\UMPDC.dll
0x00007fff0a2c0000 - 0x00007fff0a2d2000 	C:\WINDOWS\SYSTEM32\kernel.appcore.dll
0x00007ffeaa330000 - 0x00007ffeaa33a000 	c:\Users\robso\.vscode\extensions\redhat.java-1.42.0-win32-x64\jre\21.0.7-win32-x86_64\bin\jimage.dll
0x00007fff05200000 - 0x00007fff05401000 	C:\WINDOWS\SYSTEM32\DBGHELP.DLL
0x00007ffeeefc0000 - 0x00007ffeeeff4000 	C:\WINDOWS\SYSTEM32\dbgcore.DLL
0x00007fff0c840000 - 0x00007fff0c8c2000 	C:\WINDOWS\System32\bcryptPrimitives.dll
0x00007fff08910000 - 0x00007fff0891f000 	c:\Users\robso\.vscode\extensions\redhat.java-1.42.0-win32-x64\jre\21.0.7-win32-x86_64\bin\instrument.dll
0x00007ffeaa0d0000 - 0x00007ffeaa0ef000 	c:\Users\robso\.vscode\extensions\redhat.java-1.42.0-win32-x64\jre\21.0.7-win32-x86_64\bin\java.dll
0x00007fff0cdb0000 - 0x00007fff0d51e000 	C:\WINDOWS\System32\SHELL32.dll
0x00007fff0a4c0000 - 0x00007fff0ac64000 	C:\WINDOWS\SYSTEM32\windows.storage.dll
0x00007fff0e8c0000 - 0x00007fff0ec13000 	C:\WINDOWS\System32\combase.dll
0x00007fff0be50000 - 0x00007fff0be7b000 	C:\WINDOWS\SYSTEM32\Wldp.dll
0x00007fff0d8a0000 - 0x00007fff0d96d000 	C:\WINDOWS\System32\OLEAUT32.dll
0x00007fff0e440000 - 0x00007fff0e4ed000 	C:\WINDOWS\System32\SHCORE.dll
0x00007fff0e1f0000 - 0x00007fff0e24b000 	C:\WINDOWS\System32\shlwapi.dll
0x00007fff0c350000 - 0x00007fff0c375000 	C:\WINDOWS\SYSTEM32\profapi.dll
0x00007ffeaa300000 - 0x00007ffeaa318000 	c:\Users\robso\.vscode\extensions\redhat.java-1.42.0-win32-x64\jre\21.0.7-win32-x86_64\bin\zip.dll
0x00007ffeaa2f0000 - 0x00007ffeaa300000 	C:\Users\robso\.vscode\extensions\redhat.java-1.42.0-win32-x64\jre\21.0.7-win32-x86_64\bin\net.dll
0x00007fff05f90000 - 0x00007fff0609a000 	C:\WINDOWS\SYSTEM32\WINHTTP.dll
0x00007fff0bbb0000 - 0x00007fff0bc1a000 	C:\WINDOWS\system32\mswsock.dll
0x00007ffeaa2d0000 - 0x00007ffeaa2e6000 	C:\Users\robso\.vscode\extensions\redhat.java-1.42.0-win32-x64\jre\21.0.7-win32-x86_64\bin\nio.dll
0x00007ffef02b0000 - 0x00007ffef02c0000 	c:\Users\robso\.vscode\extensions\redhat.java-1.42.0-win32-x64\jre\21.0.7-win32-x86_64\bin\verify.dll
0x00007ffec4c00000 - 0x00007ffec4c45000 	C:\Users\robso\AppData\Roaming\Code\User\globalStorage\redhat.java\1.42.0\config_win\org.eclipse.equinox.launcher\org.eclipse.equinox.launcher.win32.win32.x86_64_1.2.1300.v20250331-1702\eclipse_11911.dll
0x00007fff0d970000 - 0x00007fff0da9b000 	C:\WINDOWS\System32\ole32.dll
0x00007fff0bda0000 - 0x00007fff0bdb8000 	C:\WINDOWS\SYSTEM32\CRYPTSP.dll
0x00007fff0b460000 - 0x00007fff0b498000 	C:\WINDOWS\system32\rsaenh.dll
0x00007fff0c2d0000 - 0x00007fff0c2fe000 	C:\WINDOWS\SYSTEM32\USERENV.dll
0x00007fff0bdc0000 - 0x00007fff0bdcc000 	C:\WINDOWS\SYSTEM32\CRYPTBASE.dll
0x00007fff0b840000 - 0x00007fff0b87b000 	C:\WINDOWS\SYSTEM32\IPHLPAPI.DLL
0x00007fff0d750000 - 0x00007fff0d758000 	C:\WINDOWS\System32\NSI.dll
0x00007ffec26c0000 - 0x00007ffec2709000 	C:\Users\robso\AppData\Local\Temp\jna-108686049\jna16021659218168940481.dll
0x00007fff0dac0000 - 0x00007fff0dac8000 	C:\WINDOWS\System32\PSAPI.DLL
0x00007fff08470000 - 0x00007fff08487000 	C:\WINDOWS\SYSTEM32\dhcpcsvc6.DLL
0x00007fff08450000 - 0x00007fff0846d000 	C:\WINDOWS\SYSTEM32\dhcpcsvc.DLL

dbghelp: loaded successfully - version: 4.0.5 - missing functions: none
symbol engine: initialized successfully - sym options: 0x614 - pdb path: .;c:\Users\robso\.vscode\extensions\redhat.java-1.42.0-win32-x64\jre\21.0.7-win32-x86_64\bin;C:\WINDOWS\SYSTEM32;C:\WINDOWS\WinSxS\amd64_microsoft.windows.common-controls_6595b64144ccf1df_6.0.19041.5915_none_60b4b9d171f9c7c7;c:\Users\robso\.vscode\extensions\redhat.java-1.42.0-win32-x64\jre\21.0.7-win32-x86_64\bin\server;C:\Users\robso\AppData\Roaming\Code\User\globalStorage\redhat.java\1.42.0\config_win\org.eclipse.equinox.launcher\org.eclipse.equinox.launcher.win32.win32.x86_64_1.2.1300.v20250331-1702;C:\Users\robso\AppData\Local\Temp\jna-108686049

VM Arguments:
jvm_args: --add-modules=ALL-SYSTEM --add-opens=java.base/java.util=ALL-UNNAMED --add-opens=java.base/java.lang=ALL-UNNAMED --add-opens=java.base/sun.nio.fs=ALL-UNNAMED -Declipse.application=org.eclipse.jdt.ls.core.id1 -Dosgi.bundles.defaultStartLevel=4 -Declipse.product=org.eclipse.jdt.ls.core.product -Djava.import.generatesMetadataFilesAtProjectRoot=false -DDetectVMInstallationsJob.disabled=true -Dfile.encoding=utf8 -XX:+UseParallelGC -XX:GCTimeRatio=4 -XX:AdaptiveSizePolicyWeight=90 -Dsun.zip.disableMemoryMapping=true -Xmx1G -Xms100m -Xlog:disable -javaagent:c:\Users\robso\.vscode\extensions\redhat.java-1.42.0-win32-x64\lombok\lombok-1.18.36.jar -XX:+HeapDumpOnOutOfMemoryError -XX:HeapDumpPath=c:\Users\robso\AppData\Roaming\Code\User\workspaceStorage\6ef53d98a3f0df18c1c214d2dd3fa0e6\redhat.java -Daether.dependencyCollector.impl=bf 
java_command: c:\Users\robso\.vscode\extensions\redhat.java-1.42.0-win32-x64\server\plugins\org.eclipse.equinox.launcher_1.7.0.v20250424-1814.jar -configuration c:\Users\robso\AppData\Roaming\Code\User\globalStorage\redhat.java\1.42.0\config_win -data c:\Users\robso\AppData\Roaming\Code\User\workspaceStorage\6ef53d98a3f0df18c1c214d2dd3fa0e6\redhat.java\jdt_ws --pipe=\\.\pipe\lsp-74630c7c6cf9b8719fad17574d89fe17-sock
java_class_path (initial): c:\Users\robso\.vscode\extensions\redhat.java-1.42.0-win32-x64\server\plugins\org.eclipse.equinox.launcher_1.7.0.v20250424-1814.jar
Launcher Type: SUN_STANDARD

[Global flags]
    uintx AdaptiveSizePolicyWeight                 = 90                                        {product} {command line}
     intx CICompilerCount                          = 4                                         {product} {ergonomic}
    uintx GCTimeRatio                              = 4                                         {product} {command line}
     bool HeapDumpOnOutOfMemoryError               = true                                   {manageable} {command line}
    ccstr HeapDumpPath                             = c:\Users\robso\AppData\Roaming\Code\User\workspaceStorage\6ef53d98a3f0df18c1c214d2dd3fa0e6\redhat.java         {manageable} {command line}
   size_t InitialHeapSize                          = 104857600                                 {product} {command line}
   size_t MaxHeapSize                              = 1073741824                                {product} {command line}
   size_t MaxNewSize                               = 357564416                                 {product} {ergonomic}
   size_t MinHeapDeltaBytes                        = 524288                                    {product} {ergonomic}
   size_t MinHeapSize                              = 104857600                                 {product} {command line}
   size_t NewSize                                  = 34603008                                  {product} {ergonomic}
    uintx NonNMethodCodeHeapSize                   = 5839372                                {pd product} {ergonomic}
    uintx NonProfiledCodeHeapSize                  = 122909434                              {pd product} {ergonomic}
   size_t OldSize                                  = 70254592                                  {product} {ergonomic}
    uintx ProfiledCodeHeapSize                     = 122909434                              {pd product} {ergonomic}
    uintx ReservedCodeCacheSize                    = 251658240                              {pd product} {ergonomic}
     bool SegmentedCodeCache                       = true                                      {product} {ergonomic}
   size_t SoftMaxHeapSize                          = 1073741824                             {manageable} {ergonomic}
     bool UseCompressedOops                        = true                           {product lp64_product} {ergonomic}
     bool UseLargePagesIndividualAllocation        = false                                  {pd product} {ergonomic}
     bool UseParallelGC                            = true                                      {product} {command line}

Logging:
Log output configuration:
 #0: stdout all=off uptime,level,tags foldmultilines=false
 #1: stderr all=off uptime,level,tags foldmultilines=false

Environment Variables:
JAVA_HOME=C:\Program Files\Eclipse Adoptium\jdk-17.0.15.6-hotspot
PATH=C:\Program Files\Eclipse Adoptium\jdk-17.0.15.6-hotspot\bin;C:\Program Files\Eclipse Adoptium\jdk-21.0.7.6-hotspot\bin;C:\Python310\Scripts\;C:\Python310\;C:\Program Files\Python39\Scripts\;C:\Program Files\Python39\;C:\WINDOWS\system32;C:\WINDOWS;C:\WINDOWS\System32\Wbem;C:\WINDOWS\System32\WindowsPowerShell\v1.0\;C:\WINDOWS\System32\OpenSSH\;C:\Program Files\dotnet\;C:\Program Files (x86)\NVIDIA Corporation\PhysX\Common;C:\ProgramData\chocolatey\bin;C:\Program Files\Git\cmd;C:\Program Files\NVIDIA Corporation\NVIDIA App\NvDLISR;C:\Users\robso\AppData\Local\nvm;C:\nvm4w\nodejs;C:\Users\robso\AppData\Local\Android\Sdk\tools;C:\Users\robso\AppData\Local\jdk-11.0.2\bin;C:\Users\robso\AppData\Local\Microsoft\WindowsApps;C:\Users\robso\AppData\Local\Programs\Microsoft VS Code\bin;C:\Users\robso\AppData\Roaming\Python\Python39\Scripts;C:\Users\robso\AppData\Local\GitHubDesktop\bin;C:\Users\robso\AppData\Roaming\npm;C:\Program Files\OpenSSL-Win64\bin;C:\Users\robso\AppData\Local\Android\Sdk\platform-tools;C:\Users\robso\AppData\Local\nvm;C:\nvm4w\nodejs
USERNAME=robso
OS=Windows_NT
PROCESSOR_IDENTIFIER=AMD64 Family 23 Model 8 Stepping 2, AuthenticAMD
TMP=C:\Users\robso\AppData\Local\Temp
TEMP=C:\Users\robso\AppData\Local\Temp




Periodic native trim disabled

---------------  S Y S T E M  ---------------

OS:
 Windows 10 , 64 bit Build 19041 (10.0.19041.5915)
OS uptime: 1 days 1:02 hours

CPU: total 12 (initial active 12) (12 cores per cpu, 2 threads per core) family 23 model 8 stepping 2 microcode 0x0, cx8, cmov, fxsr, ht, mmx, 3dnowpref, sse, sse2, sse3, ssse3, sse4a, sse4.1, sse4.2, popcnt, lzcnt, tsc, tscinvbit, avx, avx2, aes, clmul, bmi1, bmi2, adx, sha, fma, vzeroupper, clflush, clflushopt, rdtscp, f16c
Processor Information for the first 12 processors :
  Max Mhz: 3200, Current Mhz: 3200, Mhz Limit: 3200

Memory: 4k page, system-wide physical 16332M (775M free)
TotalPageFile size 65484M (AvailPageFile size 5M)
current process WorkingSet (physical memory assigned to process): 577M, peak: 578M
current process commit charge ("private bytes"): 546M, peak: 967M

vm_info: OpenJDK 64-Bit Server VM (21.0.7+6-LTS) for windows-amd64 JRE (21.0.7+6-LTS), built on 2025-04-15T00:00:00Z by "admin" with MS VC++ 17.7 (VS2022)

END.
